Command line
python /Users/felix/anaconda3/envs/chemprop/bin/chemprop_train --data_path hep.csv --dataset_type classification --config_path hyperparameters_hep.json --save_dir checkpoints_hep/4 --ensemble_size 1 --seed 4
Args
{'activation': 'ReLU',
 'adding_bond_types': True,
 'adding_h': False,
 'aggregation': 'mean',
 'aggregation_norm': 100,
 'atom_constraints': [],
 'atom_descriptor_scaling': True,
 'atom_descriptors': None,
 'atom_descriptors_path': None,
 'atom_descriptors_size': 0,
 'atom_features_size': 0,
 'atom_messages': False,
 'atom_targets': [],
 'batch_size': 50,
 'bias': False,
 'bias_solvent': False,
 'bond_constraints': [],
 'bond_descriptor_scaling': True,
 'bond_descriptors': None,
 'bond_descriptors_path': None,
 'bond_descriptors_size': 0,
 'bond_features_size': 0,
 'bond_targets': [],
 'cache_cutoff': 10000,
 'checkpoint_dir': None,
 'checkpoint_frzn': None,
 'checkpoint_path': None,
 'checkpoint_paths': None,
 'class_balance': False,
 'config_path': 'hyperparameters_hep.json',
 'constraints_path': None,
 'crossval_index_dir': None,
 'crossval_index_file': None,
 'crossval_index_sets': None,
 'cuda': False,
 'data_path': 'hep.csv',
 'data_weights_path': None,
 'dataset_type': 'classification',
 'depth': 3,
 'depth_solvent': 3,
 'device': device(type='cpu'),
 'dropout': 0.25,
 'empty_cache': False,
 'ensemble_size': 1,
 'epochs': 30,
 'evidential_regularization': 0,
 'explicit_h': False,
 'extra_metrics': [],
 'features_generator': None,
 'features_only': False,
 'features_path': None,
 'features_scaling': True,
 'features_size': None,
 'ffn_hidden_size': 900,
 'ffn_num_layers': 1,
 'final_lr': 0.0001,
 'folds_file': None,
 'freeze_first_only': False,
 'frzn_ffn_layers': 0,
 'gpu': None,
 'grad_clip': None,
 'hidden_size': 900,
 'hidden_size_solvent': 300,
 'ignore_columns': None,
 'ignore_nan_metrics': False,
 'init_lr': 0.0001,
 'is_atom_bond_targets': False,
 'keeping_atom_map': False,
 'log_frequency': 10,
 'loss_function': 'binary_cross_entropy',
 'max_data_size': None,
 'max_lr': 0.001,
 'metric': 'auc',
 'metrics': ['auc'],
 'minimize_score': False,
 'mpn_shared': False,
 'multiclass_num_classes': 3,
 'no_adding_bond_types': False,
 'no_atom_descriptor_scaling': False,
 'no_bond_descriptor_scaling': False,
 'no_cache_mol': False,
 'no_cuda': False,
 'no_features_scaling': False,
 'no_shared_atom_bond_ffn': False,
 'num_folds': 1,
 'num_lrs': 1,
 'num_tasks': 1,
 'num_workers': 8,
 'number_of_molecules': 1,
 'overwrite_default_atom_features': False,
 'overwrite_default_bond_features': False,
 'phase_features_path': None,
 'pytorch_seed': 0,
 'quantile_loss_alpha': 0.1,
 'quantiles': [],
 'quiet': False,
 'reaction': False,
 'reaction_mode': 'reac_diff',
 'reaction_solvent': False,
 'resume_experiment': False,
 'save_dir': 'checkpoints_hep/4',
 'save_preds': False,
 'save_smiles_splits': False,
 'seed': 4,
 'separate_test_atom_descriptors_path': None,
 'separate_test_bond_descriptors_path': None,
 'separate_test_constraints_path': None,
 'separate_test_features_path': None,
 'separate_test_path': None,
 'separate_test_phase_features_path': None,
 'separate_val_atom_descriptors_path': None,
 'separate_val_bond_descriptors_path': None,
 'separate_val_constraints_path': None,
 'separate_val_features_path': None,
 'separate_val_path': None,
 'separate_val_phase_features_path': None,
 'shared_atom_bond_ffn': True,
 'show_individual_scores': False,
 'smiles_columns': ['\ufeffSMILES'],
 'spectra_activation': 'exp',
 'spectra_phase_mask_path': None,
 'spectra_target_floor': 1e-08,
 'split_key_molecule': 0,
 'split_sizes': [0.8, 0.1, 0.1],
 'split_type': 'random',
 'target_columns': None,
 'target_weights': None,
 'task_names': ['ACTIVITY'],
 'test': False,
 'test_fold_index': None,
 'train_data_size': None,
 'undirected': False,
 'use_input_features': False,
 'val_fold_index': None,
 'warmup_epochs': 2.0,
 'weights_ffn_num_layers': 2}
Setting molecule featurization parameters to default.
Loading data
Number of tasks = 1
Fold 0
Splitting data with seed 4
Class sizes
ACTIVITY 0: 79.44%, 1: 20.56%
Total size = 2,335 | train size = 1,868 | val size = 233 | test size = 234
Building model 0
MoleculeModel(
  (sigmoid): Sigmoid()
  (encoder): MPN(
    (encoder): ModuleList(
      (0): MPNEncoder(
        (dropout): Dropout(p=0.25, inplace=False)
        (act_func): ReLU()
        (W_i): Linear(in_features=147, out_features=900, bias=False)
        (W_h): Linear(in_features=900, out_features=900, bias=False)
        (W_o): Linear(in_features=1033, out_features=900, bias=True)
      )
    )
  )
  (readout): Sequential(
    (0): Dropout(p=0.25, inplace=False)
    (1): Linear(in_features=900, out_features=1, bias=True)
  )
)
Number of parameters = 1,874,701
Epoch 0
Loss = 5.7426e-01, PNorm = 46.0212, GNorm = 0.5363, lr_0 = 2.3378e-04
Loss = 4.7124e-01, PNorm = 46.0328, GNorm = 0.5399, lr_0 = 3.5541e-04
Loss = 5.4425e-01, PNorm = 46.0538, GNorm = 0.8398, lr_0 = 4.7703e-04
Validation auc = 0.579636
Epoch 1
Loss = 5.3629e-01, PNorm = 46.0800, GNorm = 0.3047, lr_0 = 6.1081e-04
Loss = 4.8436e-01, PNorm = 46.1151, GNorm = 0.4708, lr_0 = 7.3243e-04
Loss = 4.9527e-01, PNorm = 46.1609, GNorm = 0.9269, lr_0 = 8.5405e-04
Loss = 5.1695e-01, PNorm = 46.2010, GNorm = 0.7286, lr_0 = 9.7568e-04
Validation auc = 0.571096
Epoch 2
Loss = 4.6783e-01, PNorm = 46.2604, GNorm = 0.1948, lr_0 = 9.8020e-04
Loss = 5.5146e-01, PNorm = 46.3149, GNorm = 0.3928, lr_0 = 9.5865e-04
Loss = 4.9838e-01, PNorm = 46.3638, GNorm = 0.3113, lr_0 = 9.3758e-04
Loss = 4.5611e-01, PNorm = 46.4081, GNorm = 0.4272, lr_0 = 9.1697e-04
Validation auc = 0.583407
Epoch 3
Loss = 4.9267e-01, PNorm = 46.4303, GNorm = 0.5128, lr_0 = 8.9681e-04
Loss = 4.6760e-01, PNorm = 46.4731, GNorm = 0.2563, lr_0 = 8.7710e-04
Loss = 4.9270e-01, PNorm = 46.5038, GNorm = 0.3067, lr_0 = 8.5782e-04
Validation auc = 0.592280
Epoch 4
Loss = 5.3035e-01, PNorm = 46.5479, GNorm = 0.2859, lr_0 = 8.3710e-04
Loss = 4.5579e-01, PNorm = 46.5933, GNorm = 0.3992, lr_0 = 8.1870e-04
Loss = 4.7016e-01, PNorm = 46.6231, GNorm = 0.3165, lr_0 = 8.0071e-04
Loss = 5.0031e-01, PNorm = 46.6601, GNorm = 0.2192, lr_0 = 7.8311e-04
Validation auc = 0.614463
Epoch 5
Loss = 4.7873e-01, PNorm = 46.7062, GNorm = 0.3003, lr_0 = 7.6420e-04
Loss = 4.8684e-01, PNorm = 46.7588, GNorm = 0.2198, lr_0 = 7.4740e-04
Loss = 4.2664e-01, PNorm = 46.8277, GNorm = 0.4699, lr_0 = 7.3097e-04
Loss = 5.4063e-01, PNorm = 46.8673, GNorm = 0.2955, lr_0 = 7.1490e-04
Validation auc = 0.601043
Epoch 6
Loss = 5.1002e-01, PNorm = 46.9355, GNorm = 0.5132, lr_0 = 6.9919e-04
Loss = 4.4422e-01, PNorm = 46.9976, GNorm = 0.2902, lr_0 = 6.8382e-04
Loss = 4.9681e-01, PNorm = 47.0389, GNorm = 0.1868, lr_0 = 6.6879e-04
Loss = 4.8742e-01, PNorm = 47.0835, GNorm = 0.3044, lr_0 = 6.5409e-04
Validation auc = 0.629880
Epoch 7
Loss = 4.6852e-01, PNorm = 47.1334, GNorm = 0.3741, lr_0 = 6.3829e-04
Loss = 4.5282e-01, PNorm = 47.1848, GNorm = 0.6608, lr_0 = 6.2426e-04
Loss = 4.7925e-01, PNorm = 47.2411, GNorm = 0.2510, lr_0 = 6.1054e-04
Validation auc = 0.660492
Epoch 8
Loss = 4.1910e-01, PNorm = 47.3069, GNorm = 0.2543, lr_0 = 5.9579e-04
Loss = 4.4550e-01, PNorm = 47.3800, GNorm = 0.4663, lr_0 = 5.8270e-04
Loss = 4.6326e-01, PNorm = 47.4451, GNorm = 0.3120, lr_0 = 5.6989e-04
Loss = 4.4488e-01, PNorm = 47.5103, GNorm = 0.3494, lr_0 = 5.5736e-04
Validation auc = 0.674579
Epoch 9
Loss = 4.0514e-01, PNorm = 47.5878, GNorm = 0.2714, lr_0 = 5.4511e-04
Loss = 4.7128e-01, PNorm = 47.6638, GNorm = 0.3927, lr_0 = 5.3313e-04
Loss = 4.8318e-01, PNorm = 47.7346, GNorm = 0.4787, lr_0 = 5.2141e-04
Loss = 4.4792e-01, PNorm = 47.8033, GNorm = 0.2663, lr_0 = 5.0995e-04
Validation auc = 0.692436
Epoch 10
Loss = 4.1044e-01, PNorm = 47.8892, GNorm = 0.2160, lr_0 = 4.9764e-04
Loss = 4.7349e-01, PNorm = 47.9433, GNorm = 0.3353, lr_0 = 4.8670e-04
Loss = 4.6045e-01, PNorm = 48.0270, GNorm = 0.2472, lr_0 = 4.7600e-04
Loss = 4.1919e-01, PNorm = 48.0863, GNorm = 0.2411, lr_0 = 4.6554e-04
Loss = 5.0426e-01, PNorm = 48.0912, GNorm = 0.4640, lr_0 = 4.6450e-04
Validation auc = 0.686335
Epoch 11
Loss = 4.1449e-01, PNorm = 48.1612, GNorm = 0.6019, lr_0 = 4.5429e-04
Loss = 4.2931e-01, PNorm = 48.2338, GNorm = 1.0226, lr_0 = 4.4431e-04
Loss = 4.5050e-01, PNorm = 48.3017, GNorm = 0.6803, lr_0 = 4.3454e-04
Validation auc = 0.702640
Epoch 12
Loss = 4.8729e-01, PNorm = 48.3630, GNorm = 0.3856, lr_0 = 4.2499e-04
Loss = 4.1082e-01, PNorm = 48.4276, GNorm = 0.4919, lr_0 = 4.1565e-04
Loss = 4.2150e-01, PNorm = 48.4987, GNorm = 0.6872, lr_0 = 4.0651e-04
Loss = 4.4757e-01, PNorm = 48.5528, GNorm = 0.4502, lr_0 = 3.9758e-04
Validation auc = 0.685892
Epoch 13
Loss = 4.5207e-01, PNorm = 48.6165, GNorm = 0.6843, lr_0 = 3.8797e-04
Loss = 3.9346e-01, PNorm = 48.6819, GNorm = 0.4746, lr_0 = 3.7945e-04
Loss = 3.8608e-01, PNorm = 48.7320, GNorm = 0.4453, lr_0 = 3.7111e-04
Loss = 4.4785e-01, PNorm = 48.7850, GNorm = 0.6264, lr_0 = 3.6295e-04
Validation auc = 0.708962
Epoch 14
Loss = 4.0482e-01, PNorm = 48.8448, GNorm = 0.7431, lr_0 = 3.5497e-04
Loss = 4.0737e-01, PNorm = 48.9023, GNorm = 0.5519, lr_0 = 3.4717e-04
Loss = 4.4119e-01, PNorm = 48.9509, GNorm = 0.6216, lr_0 = 3.3954e-04
Loss = 3.9219e-01, PNorm = 49.0013, GNorm = 0.4077, lr_0 = 3.3207e-04
Loss = 3.8917e-01, PNorm = 49.0063, GNorm = 0.8973, lr_0 = 3.3134e-04
Validation auc = 0.708962
Epoch 15
Loss = 4.3371e-01, PNorm = 49.0648, GNorm = 0.5955, lr_0 = 3.2405e-04
Loss = 4.0559e-01, PNorm = 49.1073, GNorm = 0.4497, lr_0 = 3.1693e-04
Loss = 3.9666e-01, PNorm = 49.1592, GNorm = 0.3692, lr_0 = 3.0997e-04
Validation auc = 0.703860
Epoch 16
Loss = 3.8940e-01, PNorm = 49.2095, GNorm = 1.1816, lr_0 = 3.0248e-04
Loss = 4.1885e-01, PNorm = 49.2600, GNorm = 0.3351, lr_0 = 2.9583e-04
Loss = 3.7578e-01, PNorm = 49.3103, GNorm = 0.4364, lr_0 = 2.8933e-04
Loss = 4.1050e-01, PNorm = 49.3411, GNorm = 0.9010, lr_0 = 2.8297e-04
Validation auc = 0.709849
Epoch 17
Loss = 4.0216e-01, PNorm = 49.3908, GNorm = 0.3572, lr_0 = 2.7675e-04
Loss = 4.5606e-01, PNorm = 49.4315, GNorm = 1.3087, lr_0 = 2.7067e-04
Loss = 3.9107e-01, PNorm = 49.4782, GNorm = 0.6581, lr_0 = 2.6472e-04
Loss = 3.6171e-01, PNorm = 49.5183, GNorm = 0.4807, lr_0 = 2.5890e-04
Validation auc = 0.698647
Epoch 18
Loss = 3.9316e-01, PNorm = 49.5577, GNorm = 0.5450, lr_0 = 2.5264e-04
Loss = 4.2068e-01, PNorm = 49.5942, GNorm = 0.5066, lr_0 = 2.4709e-04
Loss = 3.6055e-01, PNorm = 49.6330, GNorm = 0.4107, lr_0 = 2.4166e-04
Validation auc = 0.703194
Epoch 19
Loss = 3.9645e-01, PNorm = 49.6666, GNorm = 0.5099, lr_0 = 2.3582e-04
Loss = 3.9001e-01, PNorm = 49.7048, GNorm = 0.4543, lr_0 = 2.3064e-04
Loss = 4.1242e-01, PNorm = 49.7346, GNorm = 0.5146, lr_0 = 2.2557e-04
Loss = 3.7358e-01, PNorm = 49.7754, GNorm = 0.6882, lr_0 = 2.2061e-04
Validation auc = 0.716948
Epoch 20
Loss = 3.7323e-01, PNorm = 49.8070, GNorm = 0.7380, lr_0 = 2.1576e-04
Loss = 3.7656e-01, PNorm = 49.8394, GNorm = 0.5473, lr_0 = 2.1102e-04
Loss = 3.5654e-01, PNorm = 49.8735, GNorm = 0.6239, lr_0 = 2.0638e-04
Loss = 3.7541e-01, PNorm = 49.9120, GNorm = 0.4440, lr_0 = 2.0185e-04
Validation auc = 0.704082
Epoch 21
Loss = 3.8597e-01, PNorm = 49.9437, GNorm = 0.7135, lr_0 = 1.9697e-04
Loss = 3.8673e-01, PNorm = 49.9684, GNorm = 0.5723, lr_0 = 1.9264e-04
Loss = 3.8569e-01, PNorm = 49.9963, GNorm = 0.5824, lr_0 = 1.8841e-04
Loss = 3.6467e-01, PNorm = 50.0283, GNorm = 0.6604, lr_0 = 1.8427e-04
Validation auc = 0.708185
Epoch 22
Loss = 3.5634e-01, PNorm = 50.0555, GNorm = 0.4296, lr_0 = 1.7982e-04
Loss = 3.6757e-01, PNorm = 50.0828, GNorm = 0.9146, lr_0 = 1.7586e-04
Loss = 3.5719e-01, PNorm = 50.1136, GNorm = 0.6218, lr_0 = 1.7200e-04
Validation auc = 0.714840
Epoch 23
Loss = 4.0515e-01, PNorm = 50.1347, GNorm = 0.7726, lr_0 = 1.6822e-04
Loss = 3.6631e-01, PNorm = 50.1614, GNorm = 0.6264, lr_0 = 1.6452e-04
Loss = 3.6279e-01, PNorm = 50.1898, GNorm = 0.7453, lr_0 = 1.6090e-04
Loss = 3.7508e-01, PNorm = 50.2204, GNorm = 0.4900, lr_0 = 1.5737e-04
Validation auc = 0.703638
Epoch 24
Loss = 3.1657e-01, PNorm = 50.2373, GNorm = 0.4997, lr_0 = 1.5357e-04
Loss = 3.7417e-01, PNorm = 50.2629, GNorm = 0.9580, lr_0 = 1.5019e-04
Loss = 3.4171e-01, PNorm = 50.2877, GNorm = 0.8771, lr_0 = 1.4689e-04
Loss = 3.6966e-01, PNorm = 50.3088, GNorm = 0.5073, lr_0 = 1.4366e-04
Validation auc = 0.705080
Epoch 25
Loss = 3.8402e-01, PNorm = 50.3294, GNorm = 1.0908, lr_0 = 1.4050e-04
Loss = 3.3962e-01, PNorm = 50.3456, GNorm = 0.6245, lr_0 = 1.3741e-04
Loss = 3.5468e-01, PNorm = 50.3709, GNorm = 0.9144, lr_0 = 1.3439e-04
Loss = 3.4705e-01, PNorm = 50.3930, GNorm = 0.6533, lr_0 = 1.3144e-04
Validation auc = 0.710626
Epoch 26
Loss = 3.4206e-01, PNorm = 50.4108, GNorm = 1.0293, lr_0 = 1.2826e-04
Loss = 3.2677e-01, PNorm = 50.4284, GNorm = 0.6868, lr_0 = 1.2545e-04
Loss = 3.9401e-01, PNorm = 50.4479, GNorm = 1.2387, lr_0 = 1.2269e-04
Validation auc = 0.698758
Epoch 27
Loss = 4.0959e-01, PNorm = 50.4709, GNorm = 0.6001, lr_0 = 1.1973e-04
Loss = 3.9178e-01, PNorm = 50.4851, GNorm = 0.8157, lr_0 = 1.1709e-04
Loss = 3.3198e-01, PNorm = 50.5058, GNorm = 0.9217, lr_0 = 1.1452e-04
Loss = 3.3584e-01, PNorm = 50.5183, GNorm = 0.7093, lr_0 = 1.1200e-04
Validation auc = 0.715284
Epoch 28
Loss = 4.3054e-01, PNorm = 50.5373, GNorm = 0.9465, lr_0 = 1.0954e-04
Loss = 3.7531e-01, PNorm = 50.5480, GNorm = 0.8744, lr_0 = 1.0713e-04
Loss = 3.2757e-01, PNorm = 50.5673, GNorm = 0.5300, lr_0 = 1.0478e-04
Loss = 3.3429e-01, PNorm = 50.5818, GNorm = 0.6539, lr_0 = 1.0247e-04
Validation auc = 0.713509
Epoch 29
Loss = 3.5665e-01, PNorm = 50.6003, GNorm = 0.7568, lr_0 = 1.0000e-04
Loss = 3.5498e-01, PNorm = 50.6166, GNorm = 0.8473, lr_0 = 1.0000e-04
Loss = 2.8258e-01, PNorm = 50.6341, GNorm = 0.4483, lr_0 = 1.0000e-04
Loss = 3.8493e-01, PNorm = 50.6411, GNorm = 0.6566, lr_0 = 1.0000e-04
Loss = 5.0163e-01, PNorm = 50.6419, GNorm = 1.3198, lr_0 = 1.0000e-04
Validation auc = 0.712622
Model 0 best validation auc = 0.716948 on epoch 19
Loading pretrained parameter "encoder.encoder.0.cached_zero_vector".
Loading pretrained parameter "encoder.encoder.0.W_i.weight".
Loading pretrained parameter "encoder.encoder.0.W_h.weight".
Loading pretrained parameter "encoder.encoder.0.W_o.weight".
Loading pretrained parameter "encoder.encoder.0.W_o.bias".
Loading pretrained parameter "readout.1.weight".
Loading pretrained parameter "readout.1.bias".
Model 0 test auc = 0.717667
Ensemble test auc = 0.717667
1-fold cross validation
	Seed 4 ==> test auc = 0.717667
Overall test auc = 0.717667 +/- 0.000000
Elapsed time = 1:03:52
