Command line
python /Users/felix/anaconda3/envs/chemprop/bin/chemprop_train --data_path hskmc.csv --dataset_type classification --config_path hyperparameters_hskmc.json --save_dir checkpoints_hskmc/5 --ensemble_size 1 --seed 5
Args
{'activation': 'ReLU',
 'adding_bond_types': True,
 'adding_h': False,
 'aggregation': 'mean',
 'aggregation_norm': 100,
 'atom_constraints': [],
 'atom_descriptor_scaling': True,
 'atom_descriptors': None,
 'atom_descriptors_path': None,
 'atom_descriptors_size': 0,
 'atom_features_size': 0,
 'atom_messages': False,
 'atom_targets': [],
 'batch_size': 50,
 'bias': False,
 'bias_solvent': False,
 'bond_constraints': [],
 'bond_descriptor_scaling': True,
 'bond_descriptors': None,
 'bond_descriptors_path': None,
 'bond_descriptors_size': 0,
 'bond_features_size': 0,
 'bond_targets': [],
 'cache_cutoff': 10000,
 'checkpoint_dir': None,
 'checkpoint_frzn': None,
 'checkpoint_path': None,
 'checkpoint_paths': None,
 'class_balance': False,
 'config_path': 'hyperparameters_hskmc.json',
 'constraints_path': None,
 'crossval_index_dir': None,
 'crossval_index_file': None,
 'crossval_index_sets': None,
 'cuda': False,
 'data_path': 'hskmc.csv',
 'data_weights_path': None,
 'dataset_type': 'classification',
 'depth': 5,
 'depth_solvent': 3,
 'device': device(type='cpu'),
 'dropout': 0.05,
 'empty_cache': False,
 'ensemble_size': 1,
 'epochs': 30,
 'evidential_regularization': 0,
 'explicit_h': False,
 'extra_metrics': [],
 'features_generator': None,
 'features_only': False,
 'features_path': None,
 'features_scaling': True,
 'features_size': None,
 'ffn_hidden_size': 2200,
 'ffn_num_layers': 2,
 'final_lr': 0.0001,
 'folds_file': None,
 'freeze_first_only': False,
 'frzn_ffn_layers': 0,
 'gpu': None,
 'grad_clip': None,
 'hidden_size': 2200,
 'hidden_size_solvent': 300,
 'ignore_columns': None,
 'ignore_nan_metrics': False,
 'init_lr': 0.0001,
 'is_atom_bond_targets': False,
 'keeping_atom_map': False,
 'log_frequency': 10,
 'loss_function': 'binary_cross_entropy',
 'max_data_size': None,
 'max_lr': 0.001,
 'metric': 'auc',
 'metrics': ['auc'],
 'minimize_score': False,
 'mpn_shared': False,
 'multiclass_num_classes': 3,
 'no_adding_bond_types': False,
 'no_atom_descriptor_scaling': False,
 'no_bond_descriptor_scaling': False,
 'no_cache_mol': False,
 'no_cuda': False,
 'no_features_scaling': False,
 'no_shared_atom_bond_ffn': False,
 'num_folds': 1,
 'num_lrs': 1,
 'num_tasks': 1,
 'num_workers': 8,
 'number_of_molecules': 1,
 'overwrite_default_atom_features': False,
 'overwrite_default_bond_features': False,
 'phase_features_path': None,
 'pytorch_seed': 0,
 'quantile_loss_alpha': 0.1,
 'quantiles': [],
 'quiet': False,
 'reaction': False,
 'reaction_mode': 'reac_diff',
 'reaction_solvent': False,
 'resume_experiment': False,
 'save_dir': 'checkpoints_hskmc/5',
 'save_preds': False,
 'save_smiles_splits': False,
 'seed': 5,
 'separate_test_atom_descriptors_path': None,
 'separate_test_bond_descriptors_path': None,
 'separate_test_constraints_path': None,
 'separate_test_features_path': None,
 'separate_test_path': None,
 'separate_test_phase_features_path': None,
 'separate_val_atom_descriptors_path': None,
 'separate_val_bond_descriptors_path': None,
 'separate_val_constraints_path': None,
 'separate_val_features_path': None,
 'separate_val_path': None,
 'separate_val_phase_features_path': None,
 'shared_atom_bond_ffn': True,
 'show_individual_scores': False,
 'smiles_columns': ['\ufeffSMILES'],
 'spectra_activation': 'exp',
 'spectra_phase_mask_path': None,
 'spectra_target_floor': 1e-08,
 'split_key_molecule': 0,
 'split_sizes': [0.8, 0.1, 0.1],
 'split_type': 'random',
 'target_columns': None,
 'target_weights': None,
 'task_names': ['ACTIVITY'],
 'test': False,
 'test_fold_index': None,
 'train_data_size': None,
 'undirected': False,
 'use_input_features': False,
 'val_fold_index': None,
 'warmup_epochs': 2.0,
 'weights_ffn_num_layers': 2}
Setting molecule featurization parameters to default.
Loading data
Number of tasks = 1
Fold 0
Splitting data with seed 5
Class sizes
ACTIVITY 0: 95.85%, 1: 4.15%
Total size = 2,335 | train size = 1,868 | val size = 233 | test size = 234
Building model 0
MoleculeModel(
  (sigmoid): Sigmoid()
  (encoder): MPN(
    (encoder): ModuleList(
      (0): MPNEncoder(
        (dropout): Dropout(p=0.05, inplace=False)
        (act_func): ReLU()
        (W_i): Linear(in_features=147, out_features=2200, bias=False)
        (W_h): Linear(in_features=2200, out_features=2200, bias=False)
        (W_o): Linear(in_features=2333, out_features=2200, bias=True)
      )
    )
  )
  (readout): Sequential(
    (0): Dropout(p=0.05, inplace=False)
    (1): Linear(in_features=2200, out_features=2200, bias=True)
    (2): ReLU()
    (3): Dropout(p=0.05, inplace=False)
    (4): Linear(in_features=2200, out_features=1, bias=True)
  )
)
Number of parameters = 15,144,801
Epoch 0
Loss = 2.6707e-01, PNorm = 83.3058, GNorm = 0.2330, lr_0 = 2.3378e-04
Loss = 1.9009e-01, PNorm = 83.3520, GNorm = 0.3263, lr_0 = 3.5541e-04
Loss = 2.1793e-01, PNorm = 83.4034, GNorm = 0.2463, lr_0 = 4.7703e-04
Validation auc = 0.715859
Epoch 1
Loss = 1.7967e-01, PNorm = 83.4692, GNorm = 0.5016, lr_0 = 6.1081e-04
Loss = 1.4742e-01, PNorm = 83.5246, GNorm = 0.3282, lr_0 = 7.3243e-04
Loss = 1.6858e-01, PNorm = 83.5978, GNorm = 0.1249, lr_0 = 8.5405e-04
Loss = 2.6052e-01, PNorm = 83.6811, GNorm = 0.4033, lr_0 = 9.7568e-04
Validation auc = 0.738620
Epoch 2
Loss = 1.7767e-01, PNorm = 83.8198, GNorm = 0.4747, lr_0 = 9.8020e-04
Loss = 1.5806e-01, PNorm = 83.9704, GNorm = 0.4263, lr_0 = 9.5865e-04
Loss = 1.6969e-01, PNorm = 84.0768, GNorm = 0.2607, lr_0 = 9.3758e-04
Loss = 2.0935e-01, PNorm = 84.2025, GNorm = 0.8815, lr_0 = 9.1697e-04
Validation auc = 0.766520
Epoch 3
Loss = 1.6722e-01, PNorm = 84.3528, GNorm = 0.3393, lr_0 = 8.9681e-04
Loss = 1.7124e-01, PNorm = 84.4778, GNorm = 0.2529, lr_0 = 8.7710e-04
Loss = 1.8537e-01, PNorm = 84.5792, GNorm = 0.2040, lr_0 = 8.5782e-04
Validation auc = 0.728341
Epoch 4
Loss = 1.8635e-01, PNorm = 84.7497, GNorm = 0.1975, lr_0 = 8.3710e-04
Loss = 1.8078e-01, PNorm = 84.9174, GNorm = 0.1382, lr_0 = 8.1870e-04
Loss = 1.4145e-01, PNorm = 85.0760, GNorm = 0.4719, lr_0 = 8.0071e-04
Loss = 1.8772e-01, PNorm = 85.2434, GNorm = 0.7423, lr_0 = 7.8311e-04
Validation auc = 0.754772
Epoch 5
Loss = 2.0512e-01, PNorm = 85.4331, GNorm = 0.2463, lr_0 = 7.6420e-04
Loss = 1.3843e-01, PNorm = 85.6611, GNorm = 0.2775, lr_0 = 7.4740e-04
Loss = 1.6376e-01, PNorm = 85.8250, GNorm = 0.6378, lr_0 = 7.3097e-04
Loss = 1.7635e-01, PNorm = 86.0009, GNorm = 0.2911, lr_0 = 7.1490e-04
Validation auc = 0.726872
Epoch 6
Loss = 1.4628e-01, PNorm = 86.1847, GNorm = 0.2410, lr_0 = 6.9919e-04
Loss = 1.3605e-01, PNorm = 86.4120, GNorm = 0.1814, lr_0 = 6.8382e-04
Loss = 1.9181e-01, PNorm = 86.5687, GNorm = 0.2680, lr_0 = 6.6879e-04
Loss = 1.5918e-01, PNorm = 86.7475, GNorm = 0.1865, lr_0 = 6.5409e-04
Validation auc = 0.762849
Epoch 7
Loss = 1.7677e-01, PNorm = 86.9197, GNorm = 0.3043, lr_0 = 6.3829e-04
Loss = 1.3801e-01, PNorm = 87.0581, GNorm = 0.2383, lr_0 = 6.2426e-04
Loss = 1.4365e-01, PNorm = 87.1812, GNorm = 0.1806, lr_0 = 6.1054e-04
Validation auc = 0.747430
Epoch 8
Loss = 1.5815e-01, PNorm = 87.3259, GNorm = 0.2990, lr_0 = 5.9579e-04
Loss = 1.3397e-01, PNorm = 87.4952, GNorm = 0.6326, lr_0 = 5.8270e-04
Loss = 1.5024e-01, PNorm = 87.6354, GNorm = 0.2197, lr_0 = 5.6989e-04
Loss = 1.2293e-01, PNorm = 87.8387, GNorm = 0.2779, lr_0 = 5.5736e-04
Validation auc = 0.748164
Epoch 9
Loss = 1.8898e-01, PNorm = 87.9316, GNorm = 0.2686, lr_0 = 5.4511e-04
Loss = 1.6926e-01, PNorm = 88.0964, GNorm = 0.2605, lr_0 = 5.3313e-04
Loss = 9.8472e-02, PNorm = 88.2689, GNorm = 0.1038, lr_0 = 5.2141e-04
Loss = 1.2733e-01, PNorm = 88.4107, GNorm = 0.6826, lr_0 = 5.0995e-04
Validation auc = 0.651982
Epoch 10
Loss = 1.5428e-01, PNorm = 88.5086, GNorm = 0.3669, lr_0 = 4.9764e-04
Loss = 1.4133e-01, PNorm = 88.6605, GNorm = 0.3260, lr_0 = 4.8670e-04
Loss = 1.1568e-01, PNorm = 88.8119, GNorm = 0.2143, lr_0 = 4.7600e-04
Loss = 1.1784e-01, PNorm = 88.9436, GNorm = 0.4930, lr_0 = 4.6554e-04
Loss = 2.6584e-01, PNorm = 88.9503, GNorm = 0.8639, lr_0 = 4.6450e-04
Validation auc = 0.732012
Epoch 11
Loss = 1.1199e-01, PNorm = 89.0869, GNorm = 0.3096, lr_0 = 4.5429e-04
Loss = 1.1326e-01, PNorm = 89.2651, GNorm = 0.2548, lr_0 = 4.4431e-04
Loss = 1.2915e-01, PNorm = 89.4070, GNorm = 0.5867, lr_0 = 4.3454e-04
Validation auc = 0.678414
Epoch 12
Loss = 1.4520e-01, PNorm = 89.5252, GNorm = 0.2386, lr_0 = 4.2499e-04
Loss = 5.8026e-02, PNorm = 89.6920, GNorm = 0.1382, lr_0 = 4.1565e-04
Loss = 9.2121e-02, PNorm = 89.8451, GNorm = 0.4135, lr_0 = 4.0651e-04
Loss = 1.2018e-01, PNorm = 89.9701, GNorm = 0.4470, lr_0 = 3.9758e-04
Validation auc = 0.689427
Epoch 13
Loss = 8.5576e-02, PNorm = 90.1339, GNorm = 0.2196, lr_0 = 3.8797e-04
Loss = 9.2288e-02, PNorm = 90.2567, GNorm = 0.4220, lr_0 = 3.7945e-04
Loss = 1.1317e-01, PNorm = 90.3699, GNorm = 0.4193, lr_0 = 3.7111e-04
Loss = 9.3637e-02, PNorm = 90.5266, GNorm = 0.2951, lr_0 = 3.6295e-04
Validation auc = 0.677680
Epoch 14
Loss = 8.0990e-02, PNorm = 90.6467, GNorm = 0.6312, lr_0 = 3.5497e-04
Loss = 6.7149e-02, PNorm = 90.7932, GNorm = 0.1810, lr_0 = 3.4717e-04
Loss = 7.6752e-02, PNorm = 90.8997, GNorm = 0.3705, lr_0 = 3.3954e-04
Loss = 1.2202e-01, PNorm = 91.0016, GNorm = 2.0520, lr_0 = 3.3207e-04
Loss = 5.4492e-02, PNorm = 91.0062, GNorm = 0.4986, lr_0 = 3.3134e-04
Validation auc = 0.621145
Epoch 15
Loss = 6.3775e-02, PNorm = 91.1132, GNorm = 0.4197, lr_0 = 3.2405e-04
Loss = 1.0666e-01, PNorm = 91.2167, GNorm = 0.6953, lr_0 = 3.1693e-04
Loss = 8.6086e-02, PNorm = 91.3218, GNorm = 0.2905, lr_0 = 3.0997e-04
Validation auc = 0.660793
Epoch 16
Loss = 8.9012e-02, PNorm = 91.4299, GNorm = 0.5063, lr_0 = 3.0248e-04
Loss = 5.8617e-02, PNorm = 91.5569, GNorm = 0.2589, lr_0 = 2.9583e-04
Loss = 7.6338e-02, PNorm = 91.6943, GNorm = 0.8030, lr_0 = 2.8933e-04
Loss = 8.0337e-02, PNorm = 91.7534, GNorm = 0.3513, lr_0 = 2.8297e-04
Validation auc = 0.583700
Epoch 17
Loss = 4.8134e-02, PNorm = 91.8387, GNorm = 0.1372, lr_0 = 2.7675e-04
Loss = 4.5572e-02, PNorm = 91.9247, GNorm = 0.2560, lr_0 = 2.7067e-04
Loss = 5.3200e-02, PNorm = 91.9849, GNorm = 0.3594, lr_0 = 2.6472e-04
Loss = 7.3866e-02, PNorm = 92.0663, GNorm = 0.5469, lr_0 = 2.5890e-04
Validation auc = 0.589574
Epoch 18
Loss = 5.5485e-02, PNorm = 92.1506, GNorm = 0.4747, lr_0 = 2.5264e-04
Loss = 5.2415e-02, PNorm = 92.2411, GNorm = 0.3728, lr_0 = 2.4709e-04
Loss = 5.1179e-02, PNorm = 92.2976, GNorm = 0.2558, lr_0 = 2.4166e-04
Validation auc = 0.635830
Epoch 19
Loss = 3.4561e-02, PNorm = 92.3812, GNorm = 0.3726, lr_0 = 2.3582e-04
Loss = 3.0738e-02, PNorm = 92.4305, GNorm = 0.3124, lr_0 = 2.3064e-04
Loss = 2.1497e-02, PNorm = 92.4913, GNorm = 0.3190, lr_0 = 2.2557e-04
Loss = 4.4081e-02, PNorm = 92.5502, GNorm = 0.3147, lr_0 = 2.2061e-04
Validation auc = 0.628488
Epoch 20
Loss = 2.5036e-02, PNorm = 92.6147, GNorm = 0.4435, lr_0 = 2.1576e-04
Loss = 2.7753e-02, PNorm = 92.6765, GNorm = 0.8178, lr_0 = 2.1102e-04
Loss = 1.9760e-02, PNorm = 92.7497, GNorm = 0.1689, lr_0 = 2.0638e-04
Loss = 4.8295e-02, PNorm = 92.7987, GNorm = 0.8275, lr_0 = 2.0185e-04
Validation auc = 0.612335
Epoch 21
Loss = 2.6986e-02, PNorm = 92.8741, GNorm = 0.3109, lr_0 = 1.9697e-04
Loss = 2.0377e-02, PNorm = 92.9562, GNorm = 0.2604, lr_0 = 1.9264e-04
Loss = 2.9928e-02, PNorm = 92.9911, GNorm = 0.4826, lr_0 = 1.8841e-04
Loss = 3.0881e-02, PNorm = 93.0390, GNorm = 0.6331, lr_0 = 1.8427e-04
Validation auc = 0.633627
Epoch 22
Loss = 1.0940e-02, PNorm = 93.0907, GNorm = 0.0665, lr_0 = 1.7982e-04
Loss = 2.3422e-02, PNorm = 93.1323, GNorm = 0.9248, lr_0 = 1.7586e-04
Loss = 1.1050e-02, PNorm = 93.1700, GNorm = 0.1969, lr_0 = 1.7200e-04
Validation auc = 0.645374
Epoch 23
Loss = 7.7668e-03, PNorm = 93.1837, GNorm = 0.1131, lr_0 = 1.6822e-04
Loss = 1.4058e-02, PNorm = 93.2252, GNorm = 0.1606, lr_0 = 1.6452e-04
Loss = 2.8751e-02, PNorm = 93.2498, GNorm = 0.2779, lr_0 = 1.6090e-04
Loss = 1.3532e-02, PNorm = 93.2903, GNorm = 0.0022, lr_0 = 1.5737e-04
Validation auc = 0.640969
Epoch 24
Loss = 1.0322e-02, PNorm = 93.3190, GNorm = 0.2824, lr_0 = 1.5357e-04
Loss = 4.1842e-03, PNorm = 93.3435, GNorm = 0.0501, lr_0 = 1.5019e-04
Loss = 1.0308e-02, PNorm = 93.3705, GNorm = 0.2161, lr_0 = 1.4689e-04
Loss = 1.8655e-02, PNorm = 93.3796, GNorm = 0.1586, lr_0 = 1.4366e-04
Validation auc = 0.632159
Epoch 25
Loss = 7.9917e-03, PNorm = 93.4155, GNorm = 0.1542, lr_0 = 1.4050e-04
Loss = 1.3102e-02, PNorm = 93.4442, GNorm = 0.1498, lr_0 = 1.3741e-04
Loss = 1.0776e-02, PNorm = 93.4604, GNorm = 0.1291, lr_0 = 1.3439e-04
Loss = 8.6574e-03, PNorm = 93.4988, GNorm = 0.3301, lr_0 = 1.3144e-04
Validation auc = 0.625551
Epoch 26
Loss = 9.2992e-03, PNorm = 93.5281, GNorm = 0.1551, lr_0 = 1.2826e-04
Loss = 6.3776e-03, PNorm = 93.5421, GNorm = 0.3537, lr_0 = 1.2545e-04
Loss = 7.6242e-03, PNorm = 93.5889, GNorm = 0.4769, lr_0 = 1.2269e-04
Validation auc = 0.607195
Epoch 27
Loss = 4.1224e-03, PNorm = 93.6145, GNorm = 0.1116, lr_0 = 1.1973e-04
Loss = 6.6348e-03, PNorm = 93.6500, GNorm = 0.1834, lr_0 = 1.1709e-04
Loss = 1.3445e-02, PNorm = 93.7020, GNorm = 0.3006, lr_0 = 1.1452e-04
Loss = 9.7079e-03, PNorm = 93.7233, GNorm = 0.1005, lr_0 = 1.1200e-04
Validation auc = 0.613069
Epoch 28
Loss = 5.2299e-03, PNorm = 93.7378, GNorm = 0.0334, lr_0 = 1.0954e-04
Loss = 7.1153e-03, PNorm = 93.7621, GNorm = 0.1856, lr_0 = 1.0713e-04
Loss = 1.7937e-02, PNorm = 93.7694, GNorm = 0.4516, lr_0 = 1.0478e-04
Loss = 3.9082e-03, PNorm = 93.7729, GNorm = 0.1132, lr_0 = 1.0247e-04
Validation auc = 0.637298
Epoch 29
Loss = 6.0810e-03, PNorm = 93.7854, GNorm = 0.2046, lr_0 = 1.0000e-04
Loss = 2.9233e-03, PNorm = 93.7965, GNorm = 0.0118, lr_0 = 1.0000e-04
Loss = 3.0837e-03, PNorm = 93.8084, GNorm = 0.0923, lr_0 = 1.0000e-04
Loss = 4.4227e-03, PNorm = 93.8247, GNorm = 0.2755, lr_0 = 1.0000e-04
Loss = 1.5224e-04, PNorm = 93.8264, GNorm = 0.0046, lr_0 = 1.0000e-04
Validation auc = 0.624816
Model 0 best validation auc = 0.766520 on epoch 2
Loading pretrained parameter "encoder.encoder.0.cached_zero_vector".
Loading pretrained parameter "encoder.encoder.0.W_i.weight".
Loading pretrained parameter "encoder.encoder.0.W_h.weight".
Loading pretrained parameter "encoder.encoder.0.W_o.weight".
Loading pretrained parameter "encoder.encoder.0.W_o.bias".
Loading pretrained parameter "readout.1.weight".
Loading pretrained parameter "readout.1.bias".
Loading pretrained parameter "readout.4.weight".
Loading pretrained parameter "readout.4.bias".
Model 0 test auc = 0.831871
Ensemble test auc = 0.831871
1-fold cross validation
	Seed 5 ==> test auc = 0.831871
Overall test auc = 0.831871 +/- 0.000000
Elapsed time = 2:01:49
