Command line
python /Users/felix/anaconda3/envs/chemprop/bin/chemprop_train --data_path imr.csv --dataset_type classification --config_path hyperparameters_imr.json --save_dir checkpoints_imr/4 --ensemble_size 1 --seed 4
Args
{'activation': 'ReLU',
 'adding_bond_types': True,
 'adding_h': False,
 'aggregation': 'mean',
 'aggregation_norm': 100,
 'atom_constraints': [],
 'atom_descriptor_scaling': True,
 'atom_descriptors': None,
 'atom_descriptors_path': None,
 'atom_descriptors_size': 0,
 'atom_features_size': 0,
 'atom_messages': False,
 'atom_targets': [],
 'batch_size': 50,
 'bias': False,
 'bias_solvent': False,
 'bond_constraints': [],
 'bond_descriptor_scaling': True,
 'bond_descriptors': None,
 'bond_descriptors_path': None,
 'bond_descriptors_size': 0,
 'bond_features_size': 0,
 'bond_targets': [],
 'cache_cutoff': 10000,
 'checkpoint_dir': None,
 'checkpoint_frzn': None,
 'checkpoint_path': None,
 'checkpoint_paths': None,
 'class_balance': False,
 'config_path': 'hyperparameters_imr.json',
 'constraints_path': None,
 'crossval_index_dir': None,
 'crossval_index_file': None,
 'crossval_index_sets': None,
 'cuda': False,
 'data_path': 'imr.csv',
 'data_weights_path': None,
 'dataset_type': 'classification',
 'depth': 4,
 'depth_solvent': 3,
 'device': device(type='cpu'),
 'dropout': 0.0,
 'empty_cache': False,
 'ensemble_size': 1,
 'epochs': 30,
 'evidential_regularization': 0,
 'explicit_h': False,
 'extra_metrics': [],
 'features_generator': None,
 'features_only': False,
 'features_path': None,
 'features_scaling': True,
 'features_size': None,
 'ffn_hidden_size': 1900,
 'ffn_num_layers': 3,
 'final_lr': 0.0001,
 'folds_file': None,
 'freeze_first_only': False,
 'frzn_ffn_layers': 0,
 'gpu': None,
 'grad_clip': None,
 'hidden_size': 1900,
 'hidden_size_solvent': 300,
 'ignore_columns': None,
 'ignore_nan_metrics': False,
 'init_lr': 0.0001,
 'is_atom_bond_targets': False,
 'keeping_atom_map': False,
 'log_frequency': 10,
 'loss_function': 'binary_cross_entropy',
 'max_data_size': None,
 'max_lr': 0.001,
 'metric': 'auc',
 'metrics': ['auc'],
 'minimize_score': False,
 'mpn_shared': False,
 'multiclass_num_classes': 3,
 'no_adding_bond_types': False,
 'no_atom_descriptor_scaling': False,
 'no_bond_descriptor_scaling': False,
 'no_cache_mol': False,
 'no_cuda': False,
 'no_features_scaling': False,
 'no_shared_atom_bond_ffn': False,
 'num_folds': 1,
 'num_lrs': 1,
 'num_tasks': 1,
 'num_workers': 8,
 'number_of_molecules': 1,
 'overwrite_default_atom_features': False,
 'overwrite_default_bond_features': False,
 'phase_features_path': None,
 'pytorch_seed': 0,
 'quantile_loss_alpha': 0.1,
 'quantiles': [],
 'quiet': False,
 'reaction': False,
 'reaction_mode': 'reac_diff',
 'reaction_solvent': False,
 'resume_experiment': False,
 'save_dir': 'checkpoints_imr/4',
 'save_preds': False,
 'save_smiles_splits': False,
 'seed': 4,
 'separate_test_atom_descriptors_path': None,
 'separate_test_bond_descriptors_path': None,
 'separate_test_constraints_path': None,
 'separate_test_features_path': None,
 'separate_test_path': None,
 'separate_test_phase_features_path': None,
 'separate_val_atom_descriptors_path': None,
 'separate_val_bond_descriptors_path': None,
 'separate_val_constraints_path': None,
 'separate_val_features_path': None,
 'separate_val_path': None,
 'separate_val_phase_features_path': None,
 'shared_atom_bond_ffn': True,
 'show_individual_scores': False,
 'smiles_columns': ['\ufeffSMILES'],
 'spectra_activation': 'exp',
 'spectra_phase_mask_path': None,
 'spectra_target_floor': 1e-08,
 'split_key_molecule': 0,
 'split_sizes': [0.8, 0.1, 0.1],
 'split_type': 'random',
 'target_columns': None,
 'target_weights': None,
 'task_names': ['ACTIVITY'],
 'test': False,
 'test_fold_index': None,
 'train_data_size': None,
 'undirected': False,
 'use_input_features': False,
 'val_fold_index': None,
 'warmup_epochs': 2.0,
 'weights_ffn_num_layers': 2}
Setting molecule featurization parameters to default.
Loading data
Number of tasks = 1
Fold 0
Splitting data with seed 4
Class sizes
ACTIVITY 0: 61.97%, 1: 38.03%
Total size = 2,335 | train size = 1,868 | val size = 233 | test size = 234
Building model 0
MoleculeModel(
  (sigmoid): Sigmoid()
  (encoder): MPN(
    (encoder): ModuleList(
      (0): MPNEncoder(
        (dropout): Dropout(p=0.0, inplace=False)
        (act_func): ReLU()
        (W_i): Linear(in_features=147, out_features=1900, bias=False)
        (W_h): Linear(in_features=1900, out_features=1900, bias=False)
        (W_o): Linear(in_features=2033, out_features=1900, bias=True)
      )
    )
  )
  (readout): Sequential(
    (0): Dropout(p=0.0, inplace=False)
    (1): Linear(in_features=1900, out_features=1900, bias=True)
    (2): ReLU()
    (3): Dropout(p=0.0, inplace=False)
    (4): Linear(in_features=1900, out_features=1900, bias=True)
    (5): ReLU()
    (6): Dropout(p=0.0, inplace=False)
    (7): Linear(in_features=1900, out_features=1, bias=True)
  )
)
Number of parameters = 14,981,501
Epoch 0
Loss = 6.8962e-01, PNorm = 89.1186, GNorm = 0.1895, lr_0 = 2.3378e-04
Loss = 6.7446e-01, PNorm = 89.1496, GNorm = 1.0385, lr_0 = 3.5541e-04
Loss = 6.5373e-01, PNorm = 89.1964, GNorm = 0.2379, lr_0 = 4.7703e-04
Validation auc = 0.522279
Epoch 1
Loss = 6.2534e-01, PNorm = 89.2608, GNorm = 0.1371, lr_0 = 6.1081e-04
Loss = 6.7141e-01, PNorm = 89.3396, GNorm = 0.1067, lr_0 = 7.3243e-04
Loss = 6.4423e-01, PNorm = 89.4580, GNorm = 0.2833, lr_0 = 8.5405e-04
Loss = 6.9059e-01, PNorm = 89.6182, GNorm = 0.2822, lr_0 = 9.7568e-04
Validation auc = 0.533225
Epoch 2
Loss = 6.4999e-01, PNorm = 89.8340, GNorm = 0.1100, lr_0 = 9.8020e-04
Loss = 6.5589e-01, PNorm = 90.0118, GNorm = 0.2931, lr_0 = 9.5865e-04
Loss = 6.6394e-01, PNorm = 90.1802, GNorm = 0.2969, lr_0 = 9.3758e-04
Loss = 6.5183e-01, PNorm = 90.3229, GNorm = 0.1427, lr_0 = 9.1697e-04
Validation auc = 0.552652
Epoch 3
Loss = 6.8672e-01, PNorm = 90.4452, GNorm = 0.1640, lr_0 = 8.9681e-04
Loss = 6.6000e-01, PNorm = 90.5828, GNorm = 0.1455, lr_0 = 8.7710e-04
Loss = 6.3333e-01, PNorm = 90.6984, GNorm = 0.0720, lr_0 = 8.5782e-04
Validation auc = 0.567607
Epoch 4
Loss = 6.2836e-01, PNorm = 90.8118, GNorm = 0.1489, lr_0 = 8.3710e-04
Loss = 6.4441e-01, PNorm = 90.9278, GNorm = 0.5215, lr_0 = 8.1870e-04
Loss = 6.5525e-01, PNorm = 91.0432, GNorm = 0.1869, lr_0 = 8.0071e-04
Loss = 6.3209e-01, PNorm = 91.1516, GNorm = 0.1966, lr_0 = 7.8311e-04
Validation auc = 0.566836
Epoch 5
Loss = 6.2323e-01, PNorm = 91.2663, GNorm = 0.3440, lr_0 = 7.6420e-04
Loss = 6.2371e-01, PNorm = 91.4090, GNorm = 0.1784, lr_0 = 7.4740e-04
Loss = 6.2340e-01, PNorm = 91.5421, GNorm = 0.1297, lr_0 = 7.3097e-04
Loss = 6.4724e-01, PNorm = 91.6574, GNorm = 0.2500, lr_0 = 7.1490e-04
Validation auc = 0.582871
Epoch 6
Loss = 6.0523e-01, PNorm = 91.7887, GNorm = 0.3235, lr_0 = 6.9919e-04
Loss = 6.1766e-01, PNorm = 91.9284, GNorm = 0.3966, lr_0 = 6.8382e-04
Loss = 6.3937e-01, PNorm = 92.0686, GNorm = 0.3462, lr_0 = 6.6879e-04
Loss = 6.1093e-01, PNorm = 92.2039, GNorm = 0.1575, lr_0 = 6.5409e-04
Validation auc = 0.600447
Epoch 7
Loss = 6.3201e-01, PNorm = 92.3684, GNorm = 0.2574, lr_0 = 6.3829e-04
Loss = 6.0466e-01, PNorm = 92.5324, GNorm = 0.2890, lr_0 = 6.2426e-04
Loss = 6.0813e-01, PNorm = 92.6860, GNorm = 0.4092, lr_0 = 6.1054e-04
Validation auc = 0.603531
Epoch 8
Loss = 5.2297e-01, PNorm = 92.8576, GNorm = 0.4599, lr_0 = 5.9579e-04
Loss = 6.0054e-01, PNorm = 93.0169, GNorm = 0.1921, lr_0 = 5.8270e-04
Loss = 6.0649e-01, PNorm = 93.1731, GNorm = 0.2898, lr_0 = 5.6989e-04
Loss = 5.8731e-01, PNorm = 93.3503, GNorm = 0.2512, lr_0 = 5.5736e-04
Validation auc = 0.585954
Epoch 9
Loss = 5.4309e-01, PNorm = 93.5235, GNorm = 0.5144, lr_0 = 5.4511e-04
Loss = 5.8921e-01, PNorm = 93.6876, GNorm = 0.2698, lr_0 = 5.3313e-04
Loss = 5.7566e-01, PNorm = 93.8806, GNorm = 0.4971, lr_0 = 5.2141e-04
Loss = 5.9530e-01, PNorm = 94.0527, GNorm = 0.5976, lr_0 = 5.0995e-04
Validation auc = 0.627274
Epoch 10
Loss = 5.5780e-01, PNorm = 94.2451, GNorm = 0.4548, lr_0 = 4.9764e-04
Loss = 5.6570e-01, PNorm = 94.4303, GNorm = 0.5225, lr_0 = 4.8670e-04
Loss = 5.8759e-01, PNorm = 94.5989, GNorm = 0.4418, lr_0 = 4.7600e-04
Loss = 5.3397e-01, PNorm = 94.7593, GNorm = 0.5998, lr_0 = 4.6554e-04
Loss = 4.8789e-01, PNorm = 94.7758, GNorm = 0.7599, lr_0 = 4.6450e-04
Validation auc = 0.592584
Epoch 11
Loss = 5.0979e-01, PNorm = 94.9418, GNorm = 0.6668, lr_0 = 4.5429e-04
Loss = 5.2454e-01, PNorm = 95.1047, GNorm = 0.4361, lr_0 = 4.4431e-04
Loss = 5.4946e-01, PNorm = 95.2532, GNorm = 0.8862, lr_0 = 4.3454e-04
Validation auc = 0.589963
Epoch 12
Loss = 5.1947e-01, PNorm = 95.4116, GNorm = 0.4958, lr_0 = 4.2499e-04
Loss = 5.1175e-01, PNorm = 95.5832, GNorm = 0.4637, lr_0 = 4.1565e-04
Loss = 5.1610e-01, PNorm = 95.7434, GNorm = 0.5233, lr_0 = 4.0651e-04
Loss = 5.2606e-01, PNorm = 95.8981, GNorm = 0.8997, lr_0 = 3.9758e-04
Validation auc = 0.582640
Epoch 13
Loss = 4.6828e-01, PNorm = 96.0527, GNorm = 1.2735, lr_0 = 3.8797e-04
Loss = 4.9440e-01, PNorm = 96.2182, GNorm = 0.9813, lr_0 = 3.7945e-04
Loss = 4.8884e-01, PNorm = 96.3855, GNorm = 0.6740, lr_0 = 3.7111e-04
Loss = 4.7956e-01, PNorm = 96.5287, GNorm = 0.8920, lr_0 = 3.6295e-04
Validation auc = 0.597441
Epoch 14
Loss = 3.8770e-01, PNorm = 96.6874, GNorm = 0.8073, lr_0 = 3.5497e-04
Loss = 4.3980e-01, PNorm = 96.8428, GNorm = 0.7366, lr_0 = 3.4717e-04
Loss = 4.6587e-01, PNorm = 96.9908, GNorm = 0.7090, lr_0 = 3.3954e-04
Loss = 4.8559e-01, PNorm = 97.1302, GNorm = 1.4303, lr_0 = 3.3207e-04
Loss = 4.9431e-01, PNorm = 97.1393, GNorm = 1.3998, lr_0 = 3.3134e-04
Validation auc = 0.637219
Epoch 15
Loss = 3.8626e-01, PNorm = 97.2699, GNorm = 1.7948, lr_0 = 3.2405e-04
Loss = 4.0443e-01, PNorm = 97.4046, GNorm = 0.9563, lr_0 = 3.1693e-04
Loss = 4.4592e-01, PNorm = 97.5252, GNorm = 0.7051, lr_0 = 3.0997e-04
Validation auc = 0.606768
Epoch 16
Loss = 2.8888e-01, PNorm = 97.6592, GNorm = 1.1103, lr_0 = 3.0248e-04
Loss = 3.8955e-01, PNorm = 97.7816, GNorm = 1.2973, lr_0 = 2.9583e-04
Loss = 3.6589e-01, PNorm = 97.9078, GNorm = 1.0681, lr_0 = 2.8933e-04
Loss = 3.8397e-01, PNorm = 98.0181, GNorm = 1.2634, lr_0 = 2.8297e-04
Validation auc = 0.607925
Epoch 17
Loss = 3.0665e-01, PNorm = 98.1232, GNorm = 0.7652, lr_0 = 2.7675e-04
Loss = 3.2113e-01, PNorm = 98.2353, GNorm = 1.4537, lr_0 = 2.7067e-04
Loss = 3.4545e-01, PNorm = 98.3382, GNorm = 1.3492, lr_0 = 2.6472e-04
Loss = 3.6763e-01, PNorm = 98.4410, GNorm = 1.2003, lr_0 = 2.5890e-04
Validation auc = 0.611008
Epoch 18
Loss = 2.7307e-01, PNorm = 98.5500, GNorm = 0.8145, lr_0 = 2.5264e-04
Loss = 3.4449e-01, PNorm = 98.6470, GNorm = 1.6866, lr_0 = 2.4709e-04
Loss = 2.6909e-01, PNorm = 98.7351, GNorm = 1.9219, lr_0 = 2.4166e-04
Validation auc = 0.602297
Epoch 19
Loss = 2.1610e-01, PNorm = 98.8424, GNorm = 1.1049, lr_0 = 2.3582e-04
Loss = 2.2692e-01, PNorm = 98.9431, GNorm = 1.8365, lr_0 = 2.3064e-04
Loss = 2.5593e-01, PNorm = 99.0301, GNorm = 1.6347, lr_0 = 2.2557e-04
Loss = 2.7099e-01, PNorm = 99.0962, GNorm = 1.7485, lr_0 = 2.2061e-04
Validation auc = 0.614786
Epoch 20
Loss = 2.1980e-01, PNorm = 99.1631, GNorm = 0.9626, lr_0 = 2.1576e-04
Loss = 1.9708e-01, PNorm = 99.2460, GNorm = 1.7292, lr_0 = 2.1102e-04
Loss = 2.3366e-01, PNorm = 99.3118, GNorm = 1.0974, lr_0 = 2.0638e-04
Loss = 2.3345e-01, PNorm = 99.3734, GNorm = 1.5886, lr_0 = 2.0185e-04
Validation auc = 0.626735
Epoch 21
Loss = 1.8927e-01, PNorm = 99.4461, GNorm = 1.0814, lr_0 = 1.9697e-04
Loss = 1.7357e-01, PNorm = 99.5161, GNorm = 1.3023, lr_0 = 1.9264e-04
Loss = 1.9772e-01, PNorm = 99.5733, GNorm = 1.5378, lr_0 = 1.8841e-04
Loss = 2.3159e-01, PNorm = 99.6137, GNorm = 1.2887, lr_0 = 1.8427e-04
Validation auc = 0.607385
Epoch 22
Loss = 1.5200e-01, PNorm = 99.6857, GNorm = 1.0264, lr_0 = 1.7982e-04
Loss = 1.9250e-01, PNorm = 99.7503, GNorm = 2.2794, lr_0 = 1.7586e-04
Loss = 1.6371e-01, PNorm = 99.8070, GNorm = 1.6412, lr_0 = 1.7200e-04
Validation auc = 0.613013
Epoch 23
Loss = 1.2808e-01, PNorm = 99.8622, GNorm = 1.0916, lr_0 = 1.6822e-04
Loss = 1.7006e-01, PNorm = 99.9191, GNorm = 1.6658, lr_0 = 1.6452e-04
Loss = 2.0841e-01, PNorm = 99.9802, GNorm = 1.1465, lr_0 = 1.6090e-04
Loss = 1.5214e-01, PNorm = 100.0316, GNorm = 0.7893, lr_0 = 1.5737e-04
Validation auc = 0.619257
Epoch 24
Loss = 7.4683e-02, PNorm = 100.0809, GNorm = 0.8833, lr_0 = 1.5357e-04
Loss = 1.1404e-01, PNorm = 100.1231, GNorm = 1.6461, lr_0 = 1.5019e-04
Loss = 1.0415e-01, PNorm = 100.1650, GNorm = 0.8179, lr_0 = 1.4689e-04
Loss = 1.2973e-01, PNorm = 100.2006, GNorm = 2.2763, lr_0 = 1.4366e-04
Validation auc = 0.617021
Epoch 25
Loss = 1.1003e-01, PNorm = 100.2388, GNorm = 13.7801, lr_0 = 1.4050e-04
Loss = 1.0400e-01, PNorm = 100.2972, GNorm = 0.6895, lr_0 = 1.3741e-04
Loss = 1.1749e-01, PNorm = 100.3372, GNorm = 1.4796, lr_0 = 1.3439e-04
Loss = 1.1667e-01, PNorm = 100.3732, GNorm = 1.9475, lr_0 = 1.3144e-04
Validation auc = 0.614786
Epoch 26
Loss = 8.8997e-02, PNorm = 100.4057, GNorm = 0.9927, lr_0 = 1.2826e-04
Loss = 8.3096e-02, PNorm = 100.4335, GNorm = 1.5589, lr_0 = 1.2545e-04
Loss = 8.1658e-02, PNorm = 100.4588, GNorm = 1.7151, lr_0 = 1.2269e-04
Validation auc = 0.617021
Epoch 27
Loss = 4.0942e-02, PNorm = 100.4840, GNorm = 0.4943, lr_0 = 1.1973e-04
Loss = 6.5209e-02, PNorm = 100.5090, GNorm = 1.3900, lr_0 = 1.1709e-04
Loss = 6.8136e-02, PNorm = 100.5319, GNorm = 1.3420, lr_0 = 1.1452e-04
Loss = 5.4624e-02, PNorm = 100.5552, GNorm = 0.5484, lr_0 = 1.1200e-04
Validation auc = 0.613629
Epoch 28
Loss = 5.0840e-02, PNorm = 100.5745, GNorm = 1.0091, lr_0 = 1.0954e-04
Loss = 4.0823e-02, PNorm = 100.5930, GNorm = 0.5991, lr_0 = 1.0713e-04
Loss = 5.7955e-02, PNorm = 100.6134, GNorm = 1.1834, lr_0 = 1.0478e-04
Loss = 5.8217e-02, PNorm = 100.6343, GNorm = 0.7644, lr_0 = 1.0247e-04
Validation auc = 0.617638
Epoch 29
Loss = 4.4094e-02, PNorm = 100.6523, GNorm = 1.7595, lr_0 = 1.0000e-04
Loss = 5.1562e-02, PNorm = 100.6701, GNorm = 1.0102, lr_0 = 1.0000e-04
Loss = 7.3935e-02, PNorm = 100.6858, GNorm = 0.7484, lr_0 = 1.0000e-04
Loss = 6.4092e-02, PNorm = 100.7064, GNorm = 0.7356, lr_0 = 1.0000e-04
Loss = 1.6485e-02, PNorm = 100.7083, GNorm = 0.8560, lr_0 = 1.0000e-04
Validation auc = 0.623959
Model 0 best validation auc = 0.637219 on epoch 14
Loading pretrained parameter "encoder.encoder.0.cached_zero_vector".
Loading pretrained parameter "encoder.encoder.0.W_i.weight".
Loading pretrained parameter "encoder.encoder.0.W_h.weight".
Loading pretrained parameter "encoder.encoder.0.W_o.weight".
Loading pretrained parameter "encoder.encoder.0.W_o.bias".
Loading pretrained parameter "readout.1.weight".
Loading pretrained parameter "readout.1.bias".
Loading pretrained parameter "readout.4.weight".
Loading pretrained parameter "readout.4.bias".
Loading pretrained parameter "readout.7.weight".
Loading pretrained parameter "readout.7.bias".
Model 0 test auc = 0.643991
Ensemble test auc = 0.643991
1-fold cross validation
	Seed 4 ==> test auc = 0.643991
Overall test auc = 0.643991 +/- 0.000000
Elapsed time = 1:46:08
