Command line
python /Users/felix/anaconda3/envs/chemprop/bin/chemprop_train --data_path hskmc.csv --dataset_type classification --config_path hyperparameters_hskmc.json --save_dir checkpoints_hskmc/2 --ensemble_size 1 --seed 2
Args
{'activation': 'ReLU',
 'adding_bond_types': True,
 'adding_h': False,
 'aggregation': 'mean',
 'aggregation_norm': 100,
 'atom_constraints': [],
 'atom_descriptor_scaling': True,
 'atom_descriptors': None,
 'atom_descriptors_path': None,
 'atom_descriptors_size': 0,
 'atom_features_size': 0,
 'atom_messages': False,
 'atom_targets': [],
 'batch_size': 50,
 'bias': False,
 'bias_solvent': False,
 'bond_constraints': [],
 'bond_descriptor_scaling': True,
 'bond_descriptors': None,
 'bond_descriptors_path': None,
 'bond_descriptors_size': 0,
 'bond_features_size': 0,
 'bond_targets': [],
 'cache_cutoff': 10000,
 'checkpoint_dir': None,
 'checkpoint_frzn': None,
 'checkpoint_path': None,
 'checkpoint_paths': None,
 'class_balance': False,
 'config_path': 'hyperparameters_hskmc.json',
 'constraints_path': None,
 'crossval_index_dir': None,
 'crossval_index_file': None,
 'crossval_index_sets': None,
 'cuda': False,
 'data_path': 'hskmc.csv',
 'data_weights_path': None,
 'dataset_type': 'classification',
 'depth': 5,
 'depth_solvent': 3,
 'device': device(type='cpu'),
 'dropout': 0.05,
 'empty_cache': False,
 'ensemble_size': 1,
 'epochs': 30,
 'evidential_regularization': 0,
 'explicit_h': False,
 'extra_metrics': [],
 'features_generator': None,
 'features_only': False,
 'features_path': None,
 'features_scaling': True,
 'features_size': None,
 'ffn_hidden_size': 2200,
 'ffn_num_layers': 2,
 'final_lr': 0.0001,
 'folds_file': None,
 'freeze_first_only': False,
 'frzn_ffn_layers': 0,
 'gpu': None,
 'grad_clip': None,
 'hidden_size': 2200,
 'hidden_size_solvent': 300,
 'ignore_columns': None,
 'ignore_nan_metrics': False,
 'init_lr': 0.0001,
 'is_atom_bond_targets': False,
 'keeping_atom_map': False,
 'log_frequency': 10,
 'loss_function': 'binary_cross_entropy',
 'max_data_size': None,
 'max_lr': 0.001,
 'metric': 'auc',
 'metrics': ['auc'],
 'minimize_score': False,
 'mpn_shared': False,
 'multiclass_num_classes': 3,
 'no_adding_bond_types': False,
 'no_atom_descriptor_scaling': False,
 'no_bond_descriptor_scaling': False,
 'no_cache_mol': False,
 'no_cuda': False,
 'no_features_scaling': False,
 'no_shared_atom_bond_ffn': False,
 'num_folds': 1,
 'num_lrs': 1,
 'num_tasks': 1,
 'num_workers': 8,
 'number_of_molecules': 1,
 'overwrite_default_atom_features': False,
 'overwrite_default_bond_features': False,
 'phase_features_path': None,
 'pytorch_seed': 0,
 'quantile_loss_alpha': 0.1,
 'quantiles': [],
 'quiet': False,
 'reaction': False,
 'reaction_mode': 'reac_diff',
 'reaction_solvent': False,
 'resume_experiment': False,
 'save_dir': 'checkpoints_hskmc/2',
 'save_preds': False,
 'save_smiles_splits': False,
 'seed': 2,
 'separate_test_atom_descriptors_path': None,
 'separate_test_bond_descriptors_path': None,
 'separate_test_constraints_path': None,
 'separate_test_features_path': None,
 'separate_test_path': None,
 'separate_test_phase_features_path': None,
 'separate_val_atom_descriptors_path': None,
 'separate_val_bond_descriptors_path': None,
 'separate_val_constraints_path': None,
 'separate_val_features_path': None,
 'separate_val_path': None,
 'separate_val_phase_features_path': None,
 'shared_atom_bond_ffn': True,
 'show_individual_scores': False,
 'smiles_columns': ['\ufeffSMILES'],
 'spectra_activation': 'exp',
 'spectra_phase_mask_path': None,
 'spectra_target_floor': 1e-08,
 'split_key_molecule': 0,
 'split_sizes': [0.8, 0.1, 0.1],
 'split_type': 'random',
 'target_columns': None,
 'target_weights': None,
 'task_names': ['ACTIVITY'],
 'test': False,
 'test_fold_index': None,
 'train_data_size': None,
 'undirected': False,
 'use_input_features': False,
 'val_fold_index': None,
 'warmup_epochs': 2.0,
 'weights_ffn_num_layers': 2}
Setting molecule featurization parameters to default.
Loading data
Number of tasks = 1
Fold 0
Splitting data with seed 2
Class sizes
ACTIVITY 0: 95.85%, 1: 4.15%
Total size = 2,335 | train size = 1,868 | val size = 233 | test size = 234
Building model 0
MoleculeModel(
  (sigmoid): Sigmoid()
  (encoder): MPN(
    (encoder): ModuleList(
      (0): MPNEncoder(
        (dropout): Dropout(p=0.05, inplace=False)
        (act_func): ReLU()
        (W_i): Linear(in_features=147, out_features=2200, bias=False)
        (W_h): Linear(in_features=2200, out_features=2200, bias=False)
        (W_o): Linear(in_features=2333, out_features=2200, bias=True)
      )
    )
  )
  (readout): Sequential(
    (0): Dropout(p=0.05, inplace=False)
    (1): Linear(in_features=2200, out_features=2200, bias=True)
    (2): ReLU()
    (3): Dropout(p=0.05, inplace=False)
    (4): Linear(in_features=2200, out_features=1, bias=True)
  )
)
Number of parameters = 15,144,801
Epoch 0
Loss = 2.2900e-01, PNorm = 83.3070, GNorm = 0.4611, lr_0 = 2.3378e-04
Loss = 1.8309e-01, PNorm = 83.3533, GNorm = 0.2249, lr_0 = 3.5541e-04
Loss = 1.6402e-01, PNorm = 83.4038, GNorm = 0.2013, lr_0 = 4.7703e-04
Validation auc = 0.500819
Epoch 1
Loss = 2.1271e-01, PNorm = 83.4611, GNorm = 0.4479, lr_0 = 6.1081e-04
Loss = 1.6388e-01, PNorm = 83.5399, GNorm = 0.9257, lr_0 = 7.3243e-04
Loss = 2.0815e-01, PNorm = 83.6367, GNorm = 0.3884, lr_0 = 8.5405e-04
Loss = 1.3938e-01, PNorm = 83.7476, GNorm = 0.0928, lr_0 = 9.7568e-04
Validation auc = 0.571663
Epoch 2
Loss = 1.2997e-01, PNorm = 83.8917, GNorm = 0.4072, lr_0 = 9.8020e-04
Loss = 1.4117e-01, PNorm = 83.9876, GNorm = 0.3405, lr_0 = 9.5865e-04
Loss = 1.7607e-01, PNorm = 84.0821, GNorm = 0.1047, lr_0 = 9.3758e-04
Loss = 2.0750e-01, PNorm = 84.2074, GNorm = 0.2691, lr_0 = 9.1697e-04
Validation auc = 0.622850
Epoch 3
Loss = 1.4537e-01, PNorm = 84.3219, GNorm = 0.0782, lr_0 = 8.9681e-04
Loss = 1.7086e-01, PNorm = 84.4488, GNorm = 0.1349, lr_0 = 8.7710e-04
Loss = 1.2855e-01, PNorm = 84.5727, GNorm = 0.3167, lr_0 = 8.5782e-04
Validation auc = 0.633907
Epoch 4
Loss = 8.4971e-02, PNorm = 84.6917, GNorm = 0.2003, lr_0 = 8.3710e-04
Loss = 1.8052e-01, PNorm = 84.8009, GNorm = 0.5282, lr_0 = 8.1870e-04
Loss = 1.6451e-01, PNorm = 84.9698, GNorm = 0.0932, lr_0 = 8.0071e-04
Loss = 1.8545e-01, PNorm = 85.0480, GNorm = 0.1163, lr_0 = 7.8311e-04
Validation auc = 0.633088
Epoch 5
Loss = 1.1490e-01, PNorm = 85.2179, GNorm = 0.0835, lr_0 = 7.6420e-04
Loss = 1.8491e-01, PNorm = 85.3028, GNorm = 0.1203, lr_0 = 7.4740e-04
Loss = 1.7015e-01, PNorm = 85.4419, GNorm = 0.7519, lr_0 = 7.3097e-04
Loss = 1.2718e-01, PNorm = 85.6372, GNorm = 0.2441, lr_0 = 7.1490e-04
Validation auc = 0.683456
Epoch 6
Loss = 6.9588e-02, PNorm = 85.8461, GNorm = 0.0990, lr_0 = 6.9919e-04
Loss = 1.9508e-01, PNorm = 85.9175, GNorm = 0.1676, lr_0 = 6.8382e-04
Loss = 1.8962e-01, PNorm = 86.0642, GNorm = 0.1587, lr_0 = 6.6879e-04
Loss = 1.4662e-01, PNorm = 86.2008, GNorm = 0.1820, lr_0 = 6.5409e-04
Validation auc = 0.660115
Epoch 7
Loss = 1.5538e-01, PNorm = 86.3490, GNorm = 0.0997, lr_0 = 6.3829e-04
Loss = 1.2786e-01, PNorm = 86.5035, GNorm = 0.2582, lr_0 = 6.2426e-04
Loss = 1.4596e-01, PNorm = 86.6000, GNorm = 0.4616, lr_0 = 6.1054e-04
Validation auc = 0.674447
Epoch 8
Loss = 1.9266e-01, PNorm = 86.6892, GNorm = 0.1298, lr_0 = 5.9579e-04
Loss = 1.4323e-01, PNorm = 86.8402, GNorm = 0.1539, lr_0 = 5.8270e-04
Loss = 1.1869e-01, PNorm = 86.9820, GNorm = 0.1414, lr_0 = 5.6989e-04
Loss = 1.3036e-01, PNorm = 87.1307, GNorm = 0.1132, lr_0 = 5.5736e-04
Validation auc = 0.705569
Epoch 9
Loss = 1.3816e-01, PNorm = 87.2658, GNorm = 0.2352, lr_0 = 5.4511e-04
Loss = 1.3499e-01, PNorm = 87.4219, GNorm = 0.6039, lr_0 = 5.3313e-04
Loss = 1.2566e-01, PNorm = 87.5899, GNorm = 0.2258, lr_0 = 5.2141e-04
Loss = 1.4559e-01, PNorm = 87.7534, GNorm = 0.4367, lr_0 = 5.0995e-04
Validation auc = 0.660524
Epoch 10
Loss = 6.9181e-02, PNorm = 87.9435, GNorm = 0.2277, lr_0 = 4.9764e-04
Loss = 1.5987e-01, PNorm = 88.0103, GNorm = 0.3213, lr_0 = 4.8670e-04
Loss = 1.3699e-01, PNorm = 88.1308, GNorm = 0.3463, lr_0 = 4.7600e-04
Loss = 1.5265e-01, PNorm = 88.2508, GNorm = 0.2847, lr_0 = 4.6554e-04
Loss = 1.0325e-01, PNorm = 88.2733, GNorm = 0.3982, lr_0 = 4.6450e-04
Validation auc = 0.662162
Epoch 11
Loss = 1.2450e-01, PNorm = 88.4476, GNorm = 0.1702, lr_0 = 4.5429e-04
Loss = 1.1067e-01, PNorm = 88.6020, GNorm = 0.1797, lr_0 = 4.4431e-04
Loss = 1.2535e-01, PNorm = 88.7772, GNorm = 0.2365, lr_0 = 4.3454e-04
Validation auc = 0.633907
Epoch 12
Loss = 6.4754e-02, PNorm = 88.9374, GNorm = 0.2376, lr_0 = 4.2499e-04
Loss = 8.9774e-02, PNorm = 89.0659, GNorm = 0.2697, lr_0 = 4.1565e-04
Loss = 1.2531e-01, PNorm = 89.2398, GNorm = 0.2492, lr_0 = 4.0651e-04
Loss = 1.5420e-01, PNorm = 89.3282, GNorm = 0.2103, lr_0 = 3.9758e-04
Validation auc = 0.628993
Epoch 13
Loss = 1.0232e-01, PNorm = 89.4776, GNorm = 0.1513, lr_0 = 3.8797e-04
Loss = 8.1696e-02, PNorm = 89.5867, GNorm = 0.3133, lr_0 = 3.7945e-04
Loss = 1.1041e-01, PNorm = 89.6631, GNorm = 0.4271, lr_0 = 3.7111e-04
Loss = 1.2492e-01, PNorm = 89.8105, GNorm = 0.2306, lr_0 = 3.6295e-04
Validation auc = 0.600737
Epoch 14
Loss = 1.0313e-01, PNorm = 89.9839, GNorm = 0.2181, lr_0 = 3.5497e-04
Loss = 8.8562e-02, PNorm = 90.1344, GNorm = 0.5154, lr_0 = 3.4717e-04
Loss = 8.0507e-02, PNorm = 90.2343, GNorm = 0.2618, lr_0 = 3.3954e-04
Loss = 1.2319e-01, PNorm = 90.3334, GNorm = 0.5257, lr_0 = 3.3207e-04
Loss = 1.5582e-02, PNorm = 90.3451, GNorm = 0.1748, lr_0 = 3.3134e-04
Validation auc = 0.601147
Epoch 15
Loss = 8.9442e-02, PNorm = 90.4180, GNorm = 0.2429, lr_0 = 3.2405e-04
Loss = 7.4749e-02, PNorm = 90.5474, GNorm = 0.1684, lr_0 = 3.1693e-04
Loss = 8.0237e-02, PNorm = 90.6352, GNorm = 0.2463, lr_0 = 3.0997e-04
Validation auc = 0.614660
Epoch 16
Loss = 1.2632e-01, PNorm = 90.7820, GNorm = 0.2639, lr_0 = 3.0248e-04
Loss = 8.4940e-02, PNorm = 90.9455, GNorm = 0.3259, lr_0 = 2.9583e-04
Loss = 6.7595e-02, PNorm = 91.0435, GNorm = 0.5389, lr_0 = 2.8933e-04
Loss = 5.9879e-02, PNorm = 91.1562, GNorm = 0.3719, lr_0 = 2.8297e-04
Validation auc = 0.622441
Epoch 17
Loss = 3.4158e-02, PNorm = 91.2589, GNorm = 0.3374, lr_0 = 2.7675e-04
Loss = 4.1310e-02, PNorm = 91.3933, GNorm = 0.6229, lr_0 = 2.7067e-04
Loss = 9.2326e-02, PNorm = 91.4711, GNorm = 1.1406, lr_0 = 2.6472e-04
Loss = 1.2138e-01, PNorm = 91.5279, GNorm = 0.5471, lr_0 = 2.5890e-04
Validation auc = 0.599099
Epoch 18
Loss = 5.5731e-02, PNorm = 91.6207, GNorm = 0.1771, lr_0 = 2.5264e-04
Loss = 7.6926e-02, PNorm = 91.7065, GNorm = 0.4258, lr_0 = 2.4709e-04
Loss = 5.6695e-02, PNorm = 91.7816, GNorm = 0.4826, lr_0 = 2.4166e-04
Validation auc = 0.602785
Epoch 19
Loss = 7.7976e-02, PNorm = 91.8830, GNorm = 0.3251, lr_0 = 2.3582e-04
Loss = 4.3704e-02, PNorm = 91.9701, GNorm = 0.2031, lr_0 = 2.3064e-04
Loss = 4.7752e-02, PNorm = 92.0459, GNorm = 0.8098, lr_0 = 2.2557e-04
Loss = 4.8819e-02, PNorm = 92.1289, GNorm = 0.5687, lr_0 = 2.2061e-04
Validation auc = 0.638411
Epoch 20
Loss = 3.9881e-02, PNorm = 92.1756, GNorm = 0.4605, lr_0 = 2.1576e-04
Loss = 3.4656e-02, PNorm = 92.2750, GNorm = 0.0344, lr_0 = 2.1102e-04
Loss = 5.5876e-02, PNorm = 92.3341, GNorm = 0.1758, lr_0 = 2.0638e-04
Loss = 3.6994e-02, PNorm = 92.3951, GNorm = 0.0548, lr_0 = 2.0185e-04
Validation auc = 0.624488
Epoch 21
Loss = 3.9375e-02, PNorm = 92.4316, GNorm = 0.6330, lr_0 = 1.9697e-04
Loss = 1.7710e-02, PNorm = 92.4933, GNorm = 0.0325, lr_0 = 1.9264e-04
Loss = 3.7570e-02, PNorm = 92.5334, GNorm = 0.5299, lr_0 = 1.8841e-04
Loss = 4.6325e-02, PNorm = 92.6010, GNorm = 0.8726, lr_0 = 1.8427e-04
Validation auc = 0.641687
Epoch 22
Loss = 3.2124e-02, PNorm = 92.6421, GNorm = 0.4653, lr_0 = 1.7982e-04
Loss = 2.2206e-02, PNorm = 92.7337, GNorm = 0.0632, lr_0 = 1.7586e-04
Loss = 3.4251e-02, PNorm = 92.7590, GNorm = 0.2321, lr_0 = 1.7200e-04
Validation auc = 0.660934
Epoch 23
Loss = 2.7108e-03, PNorm = 92.8521, GNorm = 0.0694, lr_0 = 1.6822e-04
Loss = 2.8187e-02, PNorm = 92.8791, GNorm = 0.4349, lr_0 = 1.6452e-04
Loss = 3.0678e-02, PNorm = 92.8994, GNorm = 0.5135, lr_0 = 1.6090e-04
Loss = 3.2102e-02, PNorm = 92.9679, GNorm = 0.0079, lr_0 = 1.5737e-04
Validation auc = 0.626945
Epoch 24
Loss = 1.8904e-02, PNorm = 93.0037, GNorm = 0.1285, lr_0 = 1.5357e-04
Loss = 1.5220e-02, PNorm = 93.0409, GNorm = 0.2325, lr_0 = 1.5019e-04
Loss = 1.4102e-02, PNorm = 93.1031, GNorm = 0.0691, lr_0 = 1.4689e-04
Loss = 4.3816e-02, PNorm = 93.0961, GNorm = 0.2408, lr_0 = 1.4366e-04
Validation auc = 0.620393
Epoch 25
Loss = 3.4409e-02, PNorm = 93.1322, GNorm = 0.4547, lr_0 = 1.4050e-04
Loss = 1.3609e-02, PNorm = 93.1879, GNorm = 0.4285, lr_0 = 1.3741e-04
Loss = 2.0841e-02, PNorm = 93.2157, GNorm = 0.0297, lr_0 = 1.3439e-04
Loss = 1.4281e-02, PNorm = 93.2486, GNorm = 0.0840, lr_0 = 1.3144e-04
Validation auc = 0.626536
Epoch 26
Loss = 1.0368e-02, PNorm = 93.2719, GNorm = 0.1390, lr_0 = 1.2826e-04
Loss = 1.1958e-02, PNorm = 93.3015, GNorm = 0.3583, lr_0 = 1.2545e-04
Loss = 1.3064e-02, PNorm = 93.3336, GNorm = 1.0871, lr_0 = 1.2269e-04
Validation auc = 0.606061
Epoch 27
Loss = 4.1677e-03, PNorm = 93.3430, GNorm = 0.0758, lr_0 = 1.1973e-04
Loss = 1.1812e-02, PNorm = 93.3842, GNorm = 0.0155, lr_0 = 1.1709e-04
Loss = 1.0179e-02, PNorm = 93.4166, GNorm = 0.1187, lr_0 = 1.1452e-04
Loss = 1.6741e-02, PNorm = 93.4224, GNorm = 0.2398, lr_0 = 1.1200e-04
Validation auc = 0.628993
Epoch 28
Loss = 5.5833e-03, PNorm = 93.4607, GNorm = 0.1512, lr_0 = 1.0954e-04
Loss = 5.7864e-03, PNorm = 93.4874, GNorm = 0.1397, lr_0 = 1.0713e-04
Loss = 1.0132e-02, PNorm = 93.5098, GNorm = 0.6154, lr_0 = 1.0478e-04
Loss = 4.9518e-03, PNorm = 93.5186, GNorm = 0.0567, lr_0 = 1.0247e-04
Validation auc = 0.634316
Epoch 29
Loss = 3.8303e-03, PNorm = 93.5331, GNorm = 0.2121, lr_0 = 1.0000e-04
Loss = 8.3523e-03, PNorm = 93.5621, GNorm = 0.0031, lr_0 = 1.0000e-04
Loss = 6.8390e-03, PNorm = 93.5807, GNorm = 0.0034, lr_0 = 1.0000e-04
Loss = 4.4526e-03, PNorm = 93.5881, GNorm = 0.0106, lr_0 = 1.0000e-04
Loss = 2.2961e-02, PNorm = 93.5883, GNorm = 0.6121, lr_0 = 1.0000e-04
Validation auc = 0.649468
Model 0 best validation auc = 0.705569 on epoch 8
Loading pretrained parameter "encoder.encoder.0.cached_zero_vector".
Loading pretrained parameter "encoder.encoder.0.W_i.weight".
Loading pretrained parameter "encoder.encoder.0.W_h.weight".
Loading pretrained parameter "encoder.encoder.0.W_o.weight".
Loading pretrained parameter "encoder.encoder.0.W_o.bias".
Loading pretrained parameter "readout.1.weight".
Loading pretrained parameter "readout.1.bias".
Loading pretrained parameter "readout.4.weight".
Loading pretrained parameter "readout.4.bias".
Model 0 test auc = 0.924938
Ensemble test auc = 0.924938
1-fold cross validation
	Seed 2 ==> test auc = 0.924938
Overall test auc = 0.924938 +/- 0.000000
Elapsed time = 2:01:07
