Command line
python /Users/felix/anaconda3/envs/chemprop/bin/chemprop_train --data_path hskmc.csv --dataset_type classification --config_path hyperparameters_hskmc.json --save_dir checkpoints_hskmc/0 --ensemble_size 1 --seed 0
Args
{'activation': 'ReLU',
 'adding_bond_types': True,
 'adding_h': False,
 'aggregation': 'mean',
 'aggregation_norm': 100,
 'atom_constraints': [],
 'atom_descriptor_scaling': True,
 'atom_descriptors': None,
 'atom_descriptors_path': None,
 'atom_descriptors_size': 0,
 'atom_features_size': 0,
 'atom_messages': False,
 'atom_targets': [],
 'batch_size': 50,
 'bias': False,
 'bias_solvent': False,
 'bond_constraints': [],
 'bond_descriptor_scaling': True,
 'bond_descriptors': None,
 'bond_descriptors_path': None,
 'bond_descriptors_size': 0,
 'bond_features_size': 0,
 'bond_targets': [],
 'cache_cutoff': 10000,
 'checkpoint_dir': None,
 'checkpoint_frzn': None,
 'checkpoint_path': None,
 'checkpoint_paths': None,
 'class_balance': False,
 'config_path': 'hyperparameters_hskmc.json',
 'constraints_path': None,
 'crossval_index_dir': None,
 'crossval_index_file': None,
 'crossval_index_sets': None,
 'cuda': False,
 'data_path': 'hskmc.csv',
 'data_weights_path': None,
 'dataset_type': 'classification',
 'depth': 5,
 'depth_solvent': 3,
 'device': device(type='cpu'),
 'dropout': 0.05,
 'empty_cache': False,
 'ensemble_size': 1,
 'epochs': 30,
 'evidential_regularization': 0,
 'explicit_h': False,
 'extra_metrics': [],
 'features_generator': None,
 'features_only': False,
 'features_path': None,
 'features_scaling': True,
 'features_size': None,
 'ffn_hidden_size': 2200,
 'ffn_num_layers': 2,
 'final_lr': 0.0001,
 'folds_file': None,
 'freeze_first_only': False,
 'frzn_ffn_layers': 0,
 'gpu': None,
 'grad_clip': None,
 'hidden_size': 2200,
 'hidden_size_solvent': 300,
 'ignore_columns': None,
 'ignore_nan_metrics': False,
 'init_lr': 0.0001,
 'is_atom_bond_targets': False,
 'keeping_atom_map': False,
 'log_frequency': 10,
 'loss_function': 'binary_cross_entropy',
 'max_data_size': None,
 'max_lr': 0.001,
 'metric': 'auc',
 'metrics': ['auc'],
 'minimize_score': False,
 'mpn_shared': False,
 'multiclass_num_classes': 3,
 'no_adding_bond_types': False,
 'no_atom_descriptor_scaling': False,
 'no_bond_descriptor_scaling': False,
 'no_cache_mol': False,
 'no_cuda': False,
 'no_features_scaling': False,
 'no_shared_atom_bond_ffn': False,
 'num_folds': 1,
 'num_lrs': 1,
 'num_tasks': 1,
 'num_workers': 8,
 'number_of_molecules': 1,
 'overwrite_default_atom_features': False,
 'overwrite_default_bond_features': False,
 'phase_features_path': None,
 'pytorch_seed': 0,
 'quantile_loss_alpha': 0.1,
 'quantiles': [],
 'quiet': False,
 'reaction': False,
 'reaction_mode': 'reac_diff',
 'reaction_solvent': False,
 'resume_experiment': False,
 'save_dir': 'checkpoints_hskmc/0',
 'save_preds': False,
 'save_smiles_splits': False,
 'seed': 0,
 'separate_test_atom_descriptors_path': None,
 'separate_test_bond_descriptors_path': None,
 'separate_test_constraints_path': None,
 'separate_test_features_path': None,
 'separate_test_path': None,
 'separate_test_phase_features_path': None,
 'separate_val_atom_descriptors_path': None,
 'separate_val_bond_descriptors_path': None,
 'separate_val_constraints_path': None,
 'separate_val_features_path': None,
 'separate_val_path': None,
 'separate_val_phase_features_path': None,
 'shared_atom_bond_ffn': True,
 'show_individual_scores': False,
 'smiles_columns': ['\ufeffSMILES'],
 'spectra_activation': 'exp',
 'spectra_phase_mask_path': None,
 'spectra_target_floor': 1e-08,
 'split_key_molecule': 0,
 'split_sizes': [0.8, 0.1, 0.1],
 'split_type': 'random',
 'target_columns': None,
 'target_weights': None,
 'task_names': ['ACTIVITY'],
 'test': False,
 'test_fold_index': None,
 'train_data_size': None,
 'undirected': False,
 'use_input_features': False,
 'val_fold_index': None,
 'warmup_epochs': 2.0,
 'weights_ffn_num_layers': 2}
Setting molecule featurization parameters to default.
Loading data
Number of tasks = 1
Fold 0
Splitting data with seed 0
Class sizes
ACTIVITY 0: 95.85%, 1: 4.15%
Total size = 2,335 | train size = 1,868 | val size = 233 | test size = 234
Building model 0
MoleculeModel(
  (sigmoid): Sigmoid()
  (encoder): MPN(
    (encoder): ModuleList(
      (0): MPNEncoder(
        (dropout): Dropout(p=0.05, inplace=False)
        (act_func): ReLU()
        (W_i): Linear(in_features=147, out_features=2200, bias=False)
        (W_h): Linear(in_features=2200, out_features=2200, bias=False)
        (W_o): Linear(in_features=2333, out_features=2200, bias=True)
      )
    )
  )
  (readout): Sequential(
    (0): Dropout(p=0.05, inplace=False)
    (1): Linear(in_features=2200, out_features=2200, bias=True)
    (2): ReLU()
    (3): Dropout(p=0.05, inplace=False)
    (4): Linear(in_features=2200, out_features=1, bias=True)
  )
)
Number of parameters = 15,144,801
Epoch 0
Loss = 2.7481e-01, PNorm = 83.3075, GNorm = 0.7290, lr_0 = 2.3378e-04
Loss = 1.7948e-01, PNorm = 83.3627, GNorm = 0.1288, lr_0 = 3.5541e-04
Loss = 1.8791e-01, PNorm = 83.4205, GNorm = 0.2191, lr_0 = 4.7703e-04
Validation auc = 0.424652
Epoch 1
Loss = 1.6516e-01, PNorm = 83.4938, GNorm = 0.4609, lr_0 = 6.1081e-04
Loss = 2.0314e-01, PNorm = 83.5750, GNorm = 0.2981, lr_0 = 7.3243e-04
Loss = 1.7803e-01, PNorm = 83.6585, GNorm = 0.0961, lr_0 = 8.5405e-04
Loss = 1.4237e-01, PNorm = 83.7896, GNorm = 0.0862, lr_0 = 9.7568e-04
Validation auc = 0.713350
Epoch 2
Loss = 2.1022e-01, PNorm = 83.8812, GNorm = 0.1979, lr_0 = 9.8020e-04
Loss = 1.3981e-01, PNorm = 84.0239, GNorm = 0.1846, lr_0 = 9.5865e-04
Loss = 1.7133e-01, PNorm = 84.1212, GNorm = 0.1013, lr_0 = 9.3758e-04
Loss = 1.5937e-01, PNorm = 84.2317, GNorm = 0.4257, lr_0 = 9.1697e-04
Validation auc = 0.697379
Epoch 3
Loss = 1.5234e-01, PNorm = 84.3805, GNorm = 0.1802, lr_0 = 8.9681e-04
Loss = 1.4853e-01, PNorm = 84.5149, GNorm = 0.2501, lr_0 = 8.7710e-04
Loss = 1.7334e-01, PNorm = 84.6423, GNorm = 0.2242, lr_0 = 8.5782e-04
Validation auc = 0.751843
Epoch 4
Loss = 1.4714e-01, PNorm = 84.7973, GNorm = 0.0814, lr_0 = 8.3710e-04
Loss = 1.6688e-01, PNorm = 84.9707, GNorm = 0.1578, lr_0 = 8.1870e-04
Loss = 1.3944e-01, PNorm = 85.0977, GNorm = 0.3117, lr_0 = 8.0071e-04
Loss = 1.7121e-01, PNorm = 85.2771, GNorm = 0.1660, lr_0 = 7.8311e-04
Validation auc = 0.695332
Epoch 5
Loss = 1.0857e-01, PNorm = 85.4628, GNorm = 0.1360, lr_0 = 7.6420e-04
Loss = 1.5456e-01, PNorm = 85.6735, GNorm = 0.1158, lr_0 = 7.4740e-04
Loss = 1.4286e-01, PNorm = 85.8709, GNorm = 0.3057, lr_0 = 7.3097e-04
Loss = 1.4580e-01, PNorm = 86.0895, GNorm = 0.3509, lr_0 = 7.1490e-04
Validation auc = 0.705979
Epoch 6
Loss = 2.0443e-01, PNorm = 86.2796, GNorm = 0.2251, lr_0 = 6.9919e-04
Loss = 1.3331e-01, PNorm = 86.5410, GNorm = 0.3673, lr_0 = 6.8382e-04
Loss = 1.3952e-01, PNorm = 86.7508, GNorm = 0.2504, lr_0 = 6.6879e-04
Loss = 1.0739e-01, PNorm = 86.9216, GNorm = 0.1712, lr_0 = 6.5409e-04
Validation auc = 0.719492
Epoch 7
Loss = 1.2518e-01, PNorm = 87.0322, GNorm = 0.2201, lr_0 = 6.3829e-04
Loss = 1.2389e-01, PNorm = 87.1202, GNorm = 0.1635, lr_0 = 6.2426e-04
Loss = 1.5047e-01, PNorm = 87.2603, GNorm = 0.8200, lr_0 = 6.1054e-04
Validation auc = 0.740377
Epoch 8
Loss = 1.8909e-01, PNorm = 87.4361, GNorm = 0.1919, lr_0 = 5.9579e-04
Loss = 1.3994e-01, PNorm = 87.6616, GNorm = 0.3585, lr_0 = 5.8270e-04
Loss = 1.3135e-01, PNorm = 87.7818, GNorm = 0.3321, lr_0 = 5.6989e-04
Loss = 1.2267e-01, PNorm = 87.9306, GNorm = 0.1555, lr_0 = 5.5736e-04
Validation auc = 0.741605
Epoch 9
Loss = 1.0247e-01, PNorm = 88.0659, GNorm = 0.3435, lr_0 = 5.4511e-04
Loss = 1.4722e-01, PNorm = 88.1851, GNorm = 0.1664, lr_0 = 5.3313e-04
Loss = 1.0693e-01, PNorm = 88.4352, GNorm = 0.4970, lr_0 = 5.2141e-04
Loss = 1.4197e-01, PNorm = 88.5547, GNorm = 0.1755, lr_0 = 5.0995e-04
Validation auc = 0.795250
Epoch 10
Loss = 1.1151e-01, PNorm = 88.7207, GNorm = 0.3164, lr_0 = 4.9764e-04
Loss = 1.1564e-01, PNorm = 88.8634, GNorm = 0.2050, lr_0 = 4.8670e-04
Loss = 1.3376e-01, PNorm = 88.9596, GNorm = 0.2221, lr_0 = 4.7600e-04
Loss = 7.3141e-02, PNorm = 89.1378, GNorm = 0.2401, lr_0 = 4.6554e-04
Loss = 4.7338e-01, PNorm = 89.1411, GNorm = 2.0580, lr_0 = 4.6450e-04
Validation auc = 0.745291
Epoch 11
Loss = 9.3755e-02, PNorm = 89.2900, GNorm = 0.2036, lr_0 = 4.5429e-04
Loss = 1.3211e-01, PNorm = 89.3616, GNorm = 0.3666, lr_0 = 4.4431e-04
Loss = 1.0116e-01, PNorm = 89.5286, GNorm = 0.5791, lr_0 = 4.3454e-04
Validation auc = 0.778460
Epoch 12
Loss = 9.2637e-02, PNorm = 89.6294, GNorm = 0.2556, lr_0 = 4.2499e-04
Loss = 8.4503e-02, PNorm = 89.7921, GNorm = 0.1143, lr_0 = 4.1565e-04
Loss = 7.8599e-02, PNorm = 89.9149, GNorm = 0.3256, lr_0 = 4.0651e-04
Loss = 9.8201e-02, PNorm = 90.0529, GNorm = 1.9143, lr_0 = 3.9758e-04
Validation auc = 0.749386
Epoch 13
Loss = 6.0896e-02, PNorm = 90.1914, GNorm = 0.2014, lr_0 = 3.8797e-04
Loss = 7.9580e-02, PNorm = 90.3412, GNorm = 0.5387, lr_0 = 3.7945e-04
Loss = 8.6498e-02, PNorm = 90.5116, GNorm = 0.1545, lr_0 = 3.7111e-04
Loss = 8.5117e-02, PNorm = 90.6046, GNorm = 0.3955, lr_0 = 3.6295e-04
Validation auc = 0.741605
Epoch 14
Loss = 8.0027e-02, PNorm = 90.7057, GNorm = 0.3424, lr_0 = 3.5497e-04
Loss = 5.3101e-02, PNorm = 90.8062, GNorm = 0.6279, lr_0 = 3.4717e-04
Loss = 7.7221e-02, PNorm = 90.9257, GNorm = 0.4903, lr_0 = 3.3954e-04
Loss = 8.8046e-02, PNorm = 91.0126, GNorm = 0.5152, lr_0 = 3.3207e-04
Loss = 2.6165e-02, PNorm = 91.0253, GNorm = 0.4007, lr_0 = 3.3134e-04
Validation auc = 0.774365
Epoch 15
Loss = 7.0271e-02, PNorm = 91.1534, GNorm = 0.4479, lr_0 = 3.2405e-04
Loss = 6.5723e-02, PNorm = 91.2541, GNorm = 0.5163, lr_0 = 3.1693e-04
Loss = 8.1055e-02, PNorm = 91.3246, GNorm = 0.3746, lr_0 = 3.0997e-04
Validation auc = 0.770270
Epoch 16
Loss = 4.5554e-02, PNorm = 91.4143, GNorm = 0.2301, lr_0 = 3.0248e-04
Loss = 4.2610e-02, PNorm = 91.5487, GNorm = 0.4144, lr_0 = 2.9583e-04
Loss = 6.8534e-02, PNorm = 91.6709, GNorm = 0.8587, lr_0 = 2.8933e-04
Loss = 5.1976e-02, PNorm = 91.7454, GNorm = 0.1907, lr_0 = 2.8297e-04
Validation auc = 0.756757
Epoch 17
Loss = 4.3183e-02, PNorm = 91.7910, GNorm = 0.3521, lr_0 = 2.7675e-04
Loss = 5.2845e-02, PNorm = 91.8396, GNorm = 0.5045, lr_0 = 2.7067e-04
Loss = 5.9860e-02, PNorm = 91.9592, GNorm = 1.4465, lr_0 = 2.6472e-04
Loss = 4.0964e-02, PNorm = 92.0355, GNorm = 0.3267, lr_0 = 2.5890e-04
Validation auc = 0.749795
Epoch 18
Loss = 5.4273e-02, PNorm = 92.1145, GNorm = 1.2352, lr_0 = 2.5264e-04
Loss = 3.2666e-02, PNorm = 92.1879, GNorm = 0.1315, lr_0 = 2.4709e-04
Loss = 3.8473e-02, PNorm = 92.2339, GNorm = 0.1450, lr_0 = 2.4166e-04
Validation auc = 0.746110
Epoch 19
Loss = 1.2411e-02, PNorm = 92.3045, GNorm = 0.4367, lr_0 = 2.3582e-04
Loss = 5.2744e-02, PNorm = 92.3376, GNorm = 0.8150, lr_0 = 2.3064e-04
Loss = 2.8053e-02, PNorm = 92.4226, GNorm = 0.0667, lr_0 = 2.2557e-04
Loss = 2.1445e-02, PNorm = 92.4834, GNorm = 0.1732, lr_0 = 2.2061e-04
Validation auc = 0.718673
Epoch 20
Loss = 3.8908e-02, PNorm = 92.5134, GNorm = 0.3022, lr_0 = 2.1576e-04
Loss = 2.4163e-02, PNorm = 92.5453, GNorm = 0.2503, lr_0 = 2.1102e-04
Loss = 2.8276e-02, PNorm = 92.5989, GNorm = 0.5428, lr_0 = 2.0638e-04
Loss = 2.2263e-02, PNorm = 92.6507, GNorm = 0.1144, lr_0 = 2.0185e-04
Validation auc = 0.748157
Epoch 21
Loss = 3.0986e-02, PNorm = 92.6928, GNorm = 0.3712, lr_0 = 1.9697e-04
Loss = 2.4303e-02, PNorm = 92.7541, GNorm = 0.1044, lr_0 = 1.9264e-04
Loss = 2.1105e-02, PNorm = 92.7941, GNorm = 0.2170, lr_0 = 1.8841e-04
Loss = 2.5560e-02, PNorm = 92.8378, GNorm = 0.6841, lr_0 = 1.8427e-04
Validation auc = 0.723587
Epoch 22
Loss = 1.8025e-02, PNorm = 92.8666, GNorm = 0.3362, lr_0 = 1.7982e-04
Loss = 1.2372e-02, PNorm = 92.9014, GNorm = 0.1134, lr_0 = 1.7586e-04
Loss = 7.9061e-03, PNorm = 92.9218, GNorm = 0.0275, lr_0 = 1.7200e-04
Validation auc = 0.723587
Epoch 23
Loss = 9.7010e-03, PNorm = 92.9451, GNorm = 0.2607, lr_0 = 1.6822e-04
Loss = 1.2074e-02, PNorm = 92.9881, GNorm = 0.2626, lr_0 = 1.6452e-04
Loss = 7.5630e-03, PNorm = 93.0136, GNorm = 0.6521, lr_0 = 1.6090e-04
Loss = 2.3679e-02, PNorm = 93.0349, GNorm = 0.1882, lr_0 = 1.5737e-04
Validation auc = 0.729320
Epoch 24
Loss = 4.5507e-03, PNorm = 93.0678, GNorm = 0.0483, lr_0 = 1.5357e-04
Loss = 1.9174e-02, PNorm = 93.0891, GNorm = 0.3860, lr_0 = 1.5019e-04
Loss = 7.1890e-03, PNorm = 93.1222, GNorm = 0.1488, lr_0 = 1.4689e-04
Loss = 1.2763e-02, PNorm = 93.1332, GNorm = 0.3737, lr_0 = 1.4366e-04
Validation auc = 0.729320
Epoch 25
Loss = 8.2585e-03, PNorm = 93.1548, GNorm = 0.1283, lr_0 = 1.4050e-04
Loss = 5.3590e-03, PNorm = 93.1798, GNorm = 0.2024, lr_0 = 1.3741e-04
Loss = 4.7898e-03, PNorm = 93.2016, GNorm = 0.2225, lr_0 = 1.3439e-04
Loss = 1.4635e-02, PNorm = 93.2166, GNorm = 0.1109, lr_0 = 1.3144e-04
Validation auc = 0.719902
Epoch 26
Loss = 1.2636e-02, PNorm = 93.2223, GNorm = 0.0146, lr_0 = 1.2826e-04
Loss = 1.2092e-02, PNorm = 93.2397, GNorm = 0.0191, lr_0 = 1.2545e-04
Loss = 3.5913e-03, PNorm = 93.2521, GNorm = 0.0293, lr_0 = 1.2269e-04
Validation auc = 0.733415
Epoch 27
Loss = 5.4321e-03, PNorm = 93.2619, GNorm = 0.1224, lr_0 = 1.1973e-04
Loss = 5.7232e-03, PNorm = 93.2709, GNorm = 0.0272, lr_0 = 1.1709e-04
Loss = 3.6892e-03, PNorm = 93.2848, GNorm = 0.0374, lr_0 = 1.1452e-04
Loss = 8.8455e-03, PNorm = 93.2924, GNorm = 0.0398, lr_0 = 1.1200e-04
Validation auc = 0.736691
Epoch 28
Loss = 8.3889e-03, PNorm = 93.3048, GNorm = 0.0106, lr_0 = 1.0954e-04
Loss = 2.1438e-03, PNorm = 93.3117, GNorm = 0.0099, lr_0 = 1.0713e-04
Loss = 8.7628e-03, PNorm = 93.3197, GNorm = 0.0126, lr_0 = 1.0478e-04
Loss = 1.1720e-03, PNorm = 93.3326, GNorm = 0.0111, lr_0 = 1.0247e-04
Validation auc = 0.719492
Epoch 29
Loss = 1.2466e-03, PNorm = 93.3359, GNorm = 0.0101, lr_0 = 1.0000e-04
Loss = 5.6651e-03, PNorm = 93.3420, GNorm = 0.0331, lr_0 = 1.0000e-04
Loss = 1.0836e-03, PNorm = 93.3479, GNorm = 0.0319, lr_0 = 1.0000e-04
Loss = 7.3358e-03, PNorm = 93.3549, GNorm = 0.0508, lr_0 = 1.0000e-04
Loss = 4.3948e-05, PNorm = 93.3559, GNorm = 0.0043, lr_0 = 1.0000e-04
Validation auc = 0.726044
Model 0 best validation auc = 0.795250 on epoch 9
Loading pretrained parameter "encoder.encoder.0.cached_zero_vector".
Loading pretrained parameter "encoder.encoder.0.W_i.weight".
Loading pretrained parameter "encoder.encoder.0.W_h.weight".
Loading pretrained parameter "encoder.encoder.0.W_o.weight".
Loading pretrained parameter "encoder.encoder.0.W_o.bias".
Loading pretrained parameter "readout.1.weight".
Loading pretrained parameter "readout.1.bias".
Loading pretrained parameter "readout.4.weight".
Loading pretrained parameter "readout.4.bias".
Model 0 test auc = 0.820089
Ensemble test auc = 0.820089
1-fold cross validation
	Seed 0 ==> test auc = 0.820089
Overall test auc = 0.820089 +/- 0.000000
Elapsed time = 2:01:45
