Command line
python /Users/felix/anaconda3/envs/chemprop/bin/chemprop_train --data_path sa.csv --dataset_type classification --config_path hyperparameters.json --save_dir checkpoints/4 --ensemble_size 1 --seed 4
Args
{'activation': 'ReLU',
 'adding_bond_types': True,
 'adding_h': False,
 'aggregation': 'mean',
 'aggregation_norm': 100,
 'atom_constraints': [],
 'atom_descriptor_scaling': True,
 'atom_descriptors': None,
 'atom_descriptors_path': None,
 'atom_descriptors_size': 0,
 'atom_features_size': 0,
 'atom_messages': False,
 'atom_targets': [],
 'batch_size': 50,
 'bias': False,
 'bias_solvent': False,
 'bond_constraints': [],
 'bond_descriptor_scaling': True,
 'bond_descriptors': None,
 'bond_descriptors_path': None,
 'bond_descriptors_size': 0,
 'bond_features_size': 0,
 'bond_targets': [],
 'cache_cutoff': 10000,
 'checkpoint_dir': None,
 'checkpoint_frzn': None,
 'checkpoint_path': None,
 'checkpoint_paths': None,
 'class_balance': False,
 'config_path': 'hyperparameters.json',
 'constraints_path': None,
 'crossval_index_dir': None,
 'crossval_index_file': None,
 'crossval_index_sets': None,
 'cuda': False,
 'data_path': 'sa.csv',
 'data_weights_path': None,
 'dataset_type': 'classification',
 'depth': 5,
 'depth_solvent': 3,
 'device': device(type='cpu'),
 'dropout': 0.15000000000000002,
 'empty_cache': False,
 'ensemble_size': 1,
 'epochs': 30,
 'evidential_regularization': 0,
 'explicit_h': False,
 'extra_metrics': [],
 'features_generator': None,
 'features_only': False,
 'features_path': None,
 'features_scaling': True,
 'features_size': None,
 'ffn_hidden_size': 1600,
 'ffn_num_layers': 1,
 'final_lr': 0.0001,
 'folds_file': None,
 'freeze_first_only': False,
 'frzn_ffn_layers': 0,
 'gpu': None,
 'grad_clip': None,
 'hidden_size': 1600,
 'hidden_size_solvent': 300,
 'ignore_columns': None,
 'ignore_nan_metrics': False,
 'init_lr': 0.0001,
 'is_atom_bond_targets': False,
 'keeping_atom_map': False,
 'log_frequency': 10,
 'loss_function': 'binary_cross_entropy',
 'max_data_size': None,
 'max_lr': 0.001,
 'metric': 'auc',
 'metrics': ['auc'],
 'minimize_score': False,
 'mpn_shared': False,
 'multiclass_num_classes': 3,
 'no_adding_bond_types': False,
 'no_atom_descriptor_scaling': False,
 'no_bond_descriptor_scaling': False,
 'no_cache_mol': False,
 'no_cuda': False,
 'no_features_scaling': False,
 'no_shared_atom_bond_ffn': False,
 'num_folds': 1,
 'num_lrs': 1,
 'num_tasks': 1,
 'num_workers': 8,
 'number_of_molecules': 1,
 'overwrite_default_atom_features': False,
 'overwrite_default_bond_features': False,
 'phase_features_path': None,
 'pytorch_seed': 0,
 'quantile_loss_alpha': 0.1,
 'quantiles': [],
 'quiet': False,
 'reaction': False,
 'reaction_mode': 'reac_diff',
 'reaction_solvent': False,
 'resume_experiment': False,
 'save_dir': 'checkpoints/4',
 'save_preds': False,
 'save_smiles_splits': False,
 'seed': 4,
 'separate_test_atom_descriptors_path': None,
 'separate_test_bond_descriptors_path': None,
 'separate_test_constraints_path': None,
 'separate_test_features_path': None,
 'separate_test_path': None,
 'separate_test_phase_features_path': None,
 'separate_val_atom_descriptors_path': None,
 'separate_val_bond_descriptors_path': None,
 'separate_val_constraints_path': None,
 'separate_val_features_path': None,
 'separate_val_path': None,
 'separate_val_phase_features_path': None,
 'shared_atom_bond_ffn': True,
 'show_individual_scores': False,
 'smiles_columns': ['\ufeffSMILES'],
 'spectra_activation': 'exp',
 'spectra_phase_mask_path': None,
 'spectra_target_floor': 1e-08,
 'split_key_molecule': 0,
 'split_sizes': [0.8, 0.1, 0.1],
 'split_type': 'random',
 'target_columns': None,
 'target_weights': None,
 'task_names': ['ACTIVITY'],
 'test': False,
 'test_fold_index': None,
 'train_data_size': None,
 'undirected': False,
 'use_input_features': False,
 'val_fold_index': None,
 'warmup_epochs': 2.0,
 'weights_ffn_num_layers': 2}
Setting molecule featurization parameters to default.
Loading data
Number of tasks = 1
Fold 0
Splitting data with seed 4
Class sizes
ACTIVITY 0: 93.53%, 1: 6.47%
Total size = 2,335 | train size = 1,868 | val size = 233 | test size = 234
Building model 0
MoleculeModel(
  (sigmoid): Sigmoid()
  (encoder): MPN(
    (encoder): ModuleList(
      (0): MPNEncoder(
        (dropout): Dropout(p=0.15000000000000002, inplace=False)
        (act_func): ReLU()
        (W_i): Linear(in_features=147, out_features=1600, bias=False)
        (W_h): Linear(in_features=1600, out_features=1600, bias=False)
        (W_o): Linear(in_features=1733, out_features=1600, bias=True)
      )
    )
  )
  (readout): Sequential(
    (0): Dropout(p=0.15000000000000002, inplace=False)
    (1): Linear(in_features=1600, out_features=1, bias=True)
  )
)
Number of parameters = 5,572,801
Epoch 0
Loss = 2.7393e-01, PNorm = 59.4803, GNorm = 0.2624, lr_0 = 2.3378e-04
Loss = 2.1560e-01, PNorm = 59.5073, GNorm = 0.7003, lr_0 = 3.5541e-04
Loss = 2.5263e-01, PNorm = 59.5434, GNorm = 0.2229, lr_0 = 4.7703e-04
Validation auc = 0.742375
Epoch 1
Loss = 2.3536e-01, PNorm = 59.5860, GNorm = 0.2553, lr_0 = 6.1081e-04
Loss = 2.0363e-01, PNorm = 59.6397, GNorm = 0.1736, lr_0 = 7.3243e-04
Loss = 2.5743e-01, PNorm = 59.6995, GNorm = 0.2240, lr_0 = 8.5405e-04
Loss = 2.6763e-01, PNorm = 59.7751, GNorm = 0.2273, lr_0 = 9.7568e-04
Validation auc = 0.709423
Epoch 2
Loss = 1.5645e-01, PNorm = 59.8977, GNorm = 0.1895, lr_0 = 9.8020e-04
Loss = 2.6982e-01, PNorm = 59.9983, GNorm = 0.1949, lr_0 = 9.5865e-04
Loss = 2.3529e-01, PNorm = 60.0906, GNorm = 0.1677, lr_0 = 9.3758e-04
Loss = 1.8600e-01, PNorm = 60.1808, GNorm = 0.2778, lr_0 = 9.1697e-04
Validation auc = 0.776416
Epoch 3
Loss = 2.4028e-01, PNorm = 60.2845, GNorm = 0.2685, lr_0 = 8.9681e-04
Loss = 1.8897e-01, PNorm = 60.4104, GNorm = 0.2554, lr_0 = 8.7710e-04
Loss = 2.1284e-01, PNorm = 60.5058, GNorm = 0.5509, lr_0 = 8.5782e-04
Validation auc = 0.763617
Epoch 4
Loss = 8.9182e-02, PNorm = 60.6512, GNorm = 0.1443, lr_0 = 8.3710e-04
Loss = 2.2362e-01, PNorm = 60.7545, GNorm = 0.2802, lr_0 = 8.1870e-04
Loss = 1.9986e-01, PNorm = 60.8912, GNorm = 0.3380, lr_0 = 8.0071e-04
Loss = 1.8254e-01, PNorm = 60.9815, GNorm = 0.2246, lr_0 = 7.8311e-04
Validation auc = 0.884532
Epoch 5
Loss = 2.0085e-01, PNorm = 61.0576, GNorm = 0.2984, lr_0 = 7.6420e-04
Loss = 2.0114e-01, PNorm = 61.1234, GNorm = 0.7651, lr_0 = 7.4740e-04
Loss = 1.8693e-01, PNorm = 61.2070, GNorm = 0.1558, lr_0 = 7.3097e-04
Loss = 1.9783e-01, PNorm = 61.2992, GNorm = 0.4711, lr_0 = 7.1490e-04
Validation auc = 0.856754
Epoch 6
Loss = 2.3684e-01, PNorm = 61.3829, GNorm = 0.2383, lr_0 = 6.9919e-04
Loss = 1.8866e-01, PNorm = 61.4503, GNorm = 0.3794, lr_0 = 6.8382e-04
Loss = 1.6216e-01, PNorm = 61.5518, GNorm = 0.3058, lr_0 = 6.6879e-04
Loss = 1.6519e-01, PNorm = 61.5965, GNorm = 0.3141, lr_0 = 6.5409e-04
Validation auc = 0.873911
Epoch 7
Loss = 2.0099e-01, PNorm = 61.6564, GNorm = 0.2096, lr_0 = 6.3829e-04
Loss = 1.5894e-01, PNorm = 61.7607, GNorm = 0.2248, lr_0 = 6.2426e-04
Loss = 1.6147e-01, PNorm = 61.8330, GNorm = 0.5251, lr_0 = 6.1054e-04
Validation auc = 0.926198
Epoch 8
Loss = 1.5611e-01, PNorm = 61.8720, GNorm = 0.4132, lr_0 = 5.9579e-04
Loss = 2.3052e-01, PNorm = 61.9294, GNorm = 0.2485, lr_0 = 5.8270e-04
Loss = 1.4783e-01, PNorm = 62.0177, GNorm = 0.4469, lr_0 = 5.6989e-04
Loss = 1.3143e-01, PNorm = 62.0844, GNorm = 0.2804, lr_0 = 5.5736e-04
Validation auc = 0.920479
Epoch 9
Loss = 2.0726e-01, PNorm = 62.1354, GNorm = 0.3244, lr_0 = 5.4511e-04
Loss = 1.3713e-01, PNorm = 62.2072, GNorm = 0.2119, lr_0 = 5.3313e-04
Loss = 1.7623e-01, PNorm = 62.2686, GNorm = 0.2642, lr_0 = 5.2141e-04
Loss = 1.4091e-01, PNorm = 62.3372, GNorm = 0.0835, lr_0 = 5.0995e-04
Validation auc = 0.922658
Epoch 10
Loss = 1.0774e-01, PNorm = 62.3821, GNorm = 0.5360, lr_0 = 4.9764e-04
Loss = 1.7304e-01, PNorm = 62.4264, GNorm = 0.1768, lr_0 = 4.8670e-04
Loss = 1.9805e-01, PNorm = 62.4714, GNorm = 0.4828, lr_0 = 4.7600e-04
Loss = 1.2238e-01, PNorm = 62.5678, GNorm = 0.3064, lr_0 = 4.6554e-04
Loss = 3.7963e-02, PNorm = 62.5777, GNorm = 0.4337, lr_0 = 4.6450e-04
Validation auc = 0.941993
Epoch 11
Loss = 1.3301e-01, PNorm = 62.6447, GNorm = 0.4603, lr_0 = 4.5429e-04
Loss = 1.4264e-01, PNorm = 62.6693, GNorm = 0.4014, lr_0 = 4.4431e-04
Loss = 1.7662e-01, PNorm = 62.7166, GNorm = 0.2318, lr_0 = 4.3454e-04
Validation auc = 0.919118
Epoch 12
Loss = 9.6000e-02, PNorm = 62.7770, GNorm = 0.3884, lr_0 = 4.2499e-04
Loss = 1.4404e-01, PNorm = 62.8473, GNorm = 0.5360, lr_0 = 4.1565e-04
Loss = 1.4502e-01, PNorm = 62.9224, GNorm = 0.3622, lr_0 = 4.0651e-04
Loss = 1.6061e-01, PNorm = 62.9890, GNorm = 0.3429, lr_0 = 3.9758e-04
Validation auc = 0.836601
Epoch 13
Loss = 1.9477e-01, PNorm = 63.0374, GNorm = 0.6253, lr_0 = 3.8797e-04
Loss = 1.8932e-01, PNorm = 63.0999, GNorm = 0.2921, lr_0 = 3.7945e-04
Loss = 1.0517e-01, PNorm = 63.1924, GNorm = 0.2126, lr_0 = 3.7111e-04
Loss = 1.4694e-01, PNorm = 63.2366, GNorm = 0.5568, lr_0 = 3.6295e-04
Validation auc = 0.936002
Epoch 14
Loss = 1.1240e-01, PNorm = 63.2830, GNorm = 0.1630, lr_0 = 3.5497e-04
Loss = 1.1666e-01, PNorm = 63.3310, GNorm = 0.4787, lr_0 = 3.4717e-04
Loss = 1.5162e-01, PNorm = 63.3741, GNorm = 0.6721, lr_0 = 3.3954e-04
Loss = 1.4328e-01, PNorm = 63.4211, GNorm = 0.2193, lr_0 = 3.3207e-04
Loss = 1.5533e-01, PNorm = 63.4240, GNorm = 0.6561, lr_0 = 3.3134e-04
Validation auc = 0.933824
Epoch 15
Loss = 1.4030e-01, PNorm = 63.4722, GNorm = 0.5949, lr_0 = 3.2405e-04
Loss = 1.4290e-01, PNorm = 63.5283, GNorm = 0.6765, lr_0 = 3.1693e-04
Loss = 1.0320e-01, PNorm = 63.5889, GNorm = 0.5611, lr_0 = 3.0997e-04
Validation auc = 0.959423
Epoch 16
Loss = 1.4162e-01, PNorm = 63.6279, GNorm = 0.5855, lr_0 = 3.0248e-04
Loss = 9.0781e-02, PNorm = 63.6862, GNorm = 0.1822, lr_0 = 2.9583e-04
Loss = 1.1870e-01, PNorm = 63.7225, GNorm = 0.1615, lr_0 = 2.8933e-04
Loss = 1.8380e-01, PNorm = 63.7532, GNorm = 0.3656, lr_0 = 2.8297e-04
Validation auc = 0.956427
Epoch 17
Loss = 1.7025e-01, PNorm = 63.8088, GNorm = 0.5225, lr_0 = 2.7675e-04
Loss = 1.2055e-01, PNorm = 63.8652, GNorm = 0.2988, lr_0 = 2.7067e-04
Loss = 1.0342e-01, PNorm = 63.9234, GNorm = 0.4229, lr_0 = 2.6472e-04
Loss = 9.5393e-02, PNorm = 63.9631, GNorm = 0.4292, lr_0 = 2.5890e-04
Validation auc = 0.931645
Epoch 18
Loss = 1.0202e-01, PNorm = 64.0111, GNorm = 0.3866, lr_0 = 2.5264e-04
Loss = 1.3592e-01, PNorm = 64.0574, GNorm = 0.4144, lr_0 = 2.4709e-04
Loss = 1.2526e-01, PNorm = 64.1108, GNorm = 0.3290, lr_0 = 2.4166e-04
Validation auc = 0.922658
Epoch 19
Loss = 6.4606e-02, PNorm = 64.1535, GNorm = 0.2355, lr_0 = 2.3582e-04
Loss = 1.4014e-01, PNorm = 64.1843, GNorm = 0.4696, lr_0 = 2.3064e-04
Loss = 1.0397e-01, PNorm = 64.2329, GNorm = 0.4266, lr_0 = 2.2557e-04
Loss = 6.8010e-02, PNorm = 64.2713, GNorm = 0.3624, lr_0 = 2.2061e-04
Validation auc = 0.919118
Epoch 20
Loss = 8.9796e-02, PNorm = 64.3046, GNorm = 0.2631, lr_0 = 2.1576e-04
Loss = 1.1268e-01, PNorm = 64.3487, GNorm = 0.5612, lr_0 = 2.1102e-04
Loss = 1.4986e-01, PNorm = 64.3932, GNorm = 0.5553, lr_0 = 2.0638e-04
Loss = 7.5108e-02, PNorm = 64.4461, GNorm = 0.4692, lr_0 = 2.0185e-04
Validation auc = 0.945261
Epoch 21
Loss = 1.0351e-01, PNorm = 64.4786, GNorm = 0.9854, lr_0 = 1.9697e-04
Loss = 1.1866e-01, PNorm = 64.5122, GNorm = 0.5240, lr_0 = 1.9264e-04
Loss = 7.0625e-02, PNorm = 64.5288, GNorm = 1.0935, lr_0 = 1.8841e-04
Loss = 1.0423e-01, PNorm = 64.5667, GNorm = 0.5279, lr_0 = 1.8427e-04
Validation auc = 0.945534
Epoch 22
Loss = 8.3311e-02, PNorm = 64.6056, GNorm = 0.5371, lr_0 = 1.7982e-04
Loss = 1.2009e-01, PNorm = 64.6448, GNorm = 0.4201, lr_0 = 1.7586e-04
Loss = 7.0245e-02, PNorm = 64.6744, GNorm = 0.4208, lr_0 = 1.7200e-04
Validation auc = 0.914488
Epoch 23
Loss = 4.1599e-02, PNorm = 64.7144, GNorm = 0.2841, lr_0 = 1.6822e-04
Loss = 8.8564e-02, PNorm = 64.7469, GNorm = 0.2815, lr_0 = 1.6452e-04
Loss = 9.0914e-02, PNorm = 64.7784, GNorm = 0.6837, lr_0 = 1.6090e-04
Loss = 9.3406e-02, PNorm = 64.8223, GNorm = 0.2902, lr_0 = 1.5737e-04
Validation auc = 0.935458
Epoch 24
Loss = 9.5564e-02, PNorm = 64.8408, GNorm = 1.0552, lr_0 = 1.5357e-04
Loss = 7.2094e-02, PNorm = 64.8819, GNorm = 0.9067, lr_0 = 1.5019e-04
Loss = 1.1473e-01, PNorm = 64.9077, GNorm = 0.6942, lr_0 = 1.4689e-04
Loss = 7.6718e-02, PNorm = 64.9321, GNorm = 0.3283, lr_0 = 1.4366e-04
Validation auc = 0.914760
Epoch 25
Loss = 8.4693e-02, PNorm = 64.9577, GNorm = 0.2699, lr_0 = 1.4050e-04
Loss = 8.7003e-02, PNorm = 64.9794, GNorm = 0.2435, lr_0 = 1.3741e-04
Loss = 9.0450e-02, PNorm = 65.0186, GNorm = 0.7705, lr_0 = 1.3439e-04
Loss = 5.7905e-02, PNorm = 65.0381, GNorm = 0.5405, lr_0 = 1.3144e-04
Validation auc = 0.941993
Epoch 26
Loss = 7.0619e-02, PNorm = 65.0657, GNorm = 0.6117, lr_0 = 1.2826e-04
Loss = 7.2890e-02, PNorm = 65.0874, GNorm = 0.4939, lr_0 = 1.2545e-04
Loss = 6.5519e-02, PNorm = 65.1043, GNorm = 0.3315, lr_0 = 1.2269e-04
Validation auc = 0.903050
Epoch 27
Loss = 8.7267e-02, PNorm = 65.1316, GNorm = 0.3046, lr_0 = 1.1973e-04
Loss = 7.5172e-02, PNorm = 65.1520, GNorm = 0.3319, lr_0 = 1.1709e-04
Loss = 5.8478e-02, PNorm = 65.1770, GNorm = 0.5083, lr_0 = 1.1452e-04
Loss = 5.9554e-02, PNorm = 65.2003, GNorm = 0.2860, lr_0 = 1.1200e-04
Validation auc = 0.910131
Epoch 28
Loss = 5.2062e-02, PNorm = 65.2226, GNorm = 0.5773, lr_0 = 1.0954e-04
Loss = 7.0814e-02, PNorm = 65.2376, GNorm = 1.3644, lr_0 = 1.0713e-04
Loss = 6.2660e-02, PNorm = 65.2542, GNorm = 0.7229, lr_0 = 1.0478e-04
Loss = 6.3409e-02, PNorm = 65.2736, GNorm = 0.9264, lr_0 = 1.0247e-04
Validation auc = 0.910403
Epoch 29
Loss = 4.0815e-02, PNorm = 65.3007, GNorm = 0.2093, lr_0 = 1.0000e-04
Loss = 7.2234e-02, PNorm = 65.3135, GNorm = 0.2811, lr_0 = 1.0000e-04
Loss = 5.7196e-02, PNorm = 65.3404, GNorm = 0.5746, lr_0 = 1.0000e-04
Loss = 4.8229e-02, PNorm = 65.3527, GNorm = 0.8762, lr_0 = 1.0000e-04
Loss = 2.8895e-02, PNorm = 65.3539, GNorm = 0.7047, lr_0 = 1.0000e-04
Validation auc = 0.912309
Model 0 best validation auc = 0.959423 on epoch 15
Loading pretrained parameter "encoder.encoder.0.cached_zero_vector".
Loading pretrained parameter "encoder.encoder.0.W_i.weight".
Loading pretrained parameter "encoder.encoder.0.W_h.weight".
Loading pretrained parameter "encoder.encoder.0.W_o.weight".
Loading pretrained parameter "encoder.encoder.0.W_o.bias".
Loading pretrained parameter "readout.1.weight".
Loading pretrained parameter "readout.1.bias".
Model 0 test auc = 0.780416
Ensemble test auc = 0.780416
1-fold cross validation
	Seed 4 ==> test auc = 0.780416
Overall test auc = 0.780416 +/- 0.000000
Elapsed time = 0:28:13
