Command line
python /Users/felix/anaconda3/envs/chemprop/bin/chemprop_train --data_path sa.csv --dataset_type classification --config_path hyperparameters.json --save_dir checkpoints/1 --ensemble_size 1 --seed 1
Args
{'activation': 'ReLU',
 'adding_bond_types': True,
 'adding_h': False,
 'aggregation': 'mean',
 'aggregation_norm': 100,
 'atom_constraints': [],
 'atom_descriptor_scaling': True,
 'atom_descriptors': None,
 'atom_descriptors_path': None,
 'atom_descriptors_size': 0,
 'atom_features_size': 0,
 'atom_messages': False,
 'atom_targets': [],
 'batch_size': 50,
 'bias': False,
 'bias_solvent': False,
 'bond_constraints': [],
 'bond_descriptor_scaling': True,
 'bond_descriptors': None,
 'bond_descriptors_path': None,
 'bond_descriptors_size': 0,
 'bond_features_size': 0,
 'bond_targets': [],
 'cache_cutoff': 10000,
 'checkpoint_dir': None,
 'checkpoint_frzn': None,
 'checkpoint_path': None,
 'checkpoint_paths': None,
 'class_balance': False,
 'config_path': 'hyperparameters.json',
 'constraints_path': None,
 'crossval_index_dir': None,
 'crossval_index_file': None,
 'crossval_index_sets': None,
 'cuda': False,
 'data_path': 'sa.csv',
 'data_weights_path': None,
 'dataset_type': 'classification',
 'depth': 5,
 'depth_solvent': 3,
 'device': device(type='cpu'),
 'dropout': 0.15000000000000002,
 'empty_cache': False,
 'ensemble_size': 1,
 'epochs': 30,
 'evidential_regularization': 0,
 'explicit_h': False,
 'extra_metrics': [],
 'features_generator': None,
 'features_only': False,
 'features_path': None,
 'features_scaling': True,
 'features_size': None,
 'ffn_hidden_size': 1600,
 'ffn_num_layers': 1,
 'final_lr': 0.0001,
 'folds_file': None,
 'freeze_first_only': False,
 'frzn_ffn_layers': 0,
 'gpu': None,
 'grad_clip': None,
 'hidden_size': 1600,
 'hidden_size_solvent': 300,
 'ignore_columns': None,
 'ignore_nan_metrics': False,
 'init_lr': 0.0001,
 'is_atom_bond_targets': False,
 'keeping_atom_map': False,
 'log_frequency': 10,
 'loss_function': 'binary_cross_entropy',
 'max_data_size': None,
 'max_lr': 0.001,
 'metric': 'auc',
 'metrics': ['auc'],
 'minimize_score': False,
 'mpn_shared': False,
 'multiclass_num_classes': 3,
 'no_adding_bond_types': False,
 'no_atom_descriptor_scaling': False,
 'no_bond_descriptor_scaling': False,
 'no_cache_mol': False,
 'no_cuda': False,
 'no_features_scaling': False,
 'no_shared_atom_bond_ffn': False,
 'num_folds': 1,
 'num_lrs': 1,
 'num_tasks': 1,
 'num_workers': 8,
 'number_of_molecules': 1,
 'overwrite_default_atom_features': False,
 'overwrite_default_bond_features': False,
 'phase_features_path': None,
 'pytorch_seed': 0,
 'quantile_loss_alpha': 0.1,
 'quantiles': [],
 'quiet': False,
 'reaction': False,
 'reaction_mode': 'reac_diff',
 'reaction_solvent': False,
 'resume_experiment': False,
 'save_dir': 'checkpoints/1',
 'save_preds': False,
 'save_smiles_splits': False,
 'seed': 1,
 'separate_test_atom_descriptors_path': None,
 'separate_test_bond_descriptors_path': None,
 'separate_test_constraints_path': None,
 'separate_test_features_path': None,
 'separate_test_path': None,
 'separate_test_phase_features_path': None,
 'separate_val_atom_descriptors_path': None,
 'separate_val_bond_descriptors_path': None,
 'separate_val_constraints_path': None,
 'separate_val_features_path': None,
 'separate_val_path': None,
 'separate_val_phase_features_path': None,
 'shared_atom_bond_ffn': True,
 'show_individual_scores': False,
 'smiles_columns': ['\ufeffSMILES'],
 'spectra_activation': 'exp',
 'spectra_phase_mask_path': None,
 'spectra_target_floor': 1e-08,
 'split_key_molecule': 0,
 'split_sizes': [0.8, 0.1, 0.1],
 'split_type': 'random',
 'target_columns': None,
 'target_weights': None,
 'task_names': ['ACTIVITY'],
 'test': False,
 'test_fold_index': None,
 'train_data_size': None,
 'undirected': False,
 'use_input_features': False,
 'val_fold_index': None,
 'warmup_epochs': 2.0,
 'weights_ffn_num_layers': 2}
Setting molecule featurization parameters to default.
Loading data
Number of tasks = 1
Fold 0
Splitting data with seed 1
Class sizes
ACTIVITY 0: 93.53%, 1: 6.47%
Total size = 2,335 | train size = 1,868 | val size = 233 | test size = 234
Building model 0
MoleculeModel(
  (sigmoid): Sigmoid()
  (encoder): MPN(
    (encoder): ModuleList(
      (0): MPNEncoder(
        (dropout): Dropout(p=0.15000000000000002, inplace=False)
        (act_func): ReLU()
        (W_i): Linear(in_features=147, out_features=1600, bias=False)
        (W_h): Linear(in_features=1600, out_features=1600, bias=False)
        (W_o): Linear(in_features=1733, out_features=1600, bias=True)
      )
    )
  )
  (readout): Sequential(
    (0): Dropout(p=0.15000000000000002, inplace=False)
    (1): Linear(in_features=1600, out_features=1, bias=True)
  )
)
Number of parameters = 5,572,801
Epoch 0
Loss = 3.7370e-01, PNorm = 59.4799, GNorm = 0.3299, lr_0 = 2.3378e-04
Loss = 2.4651e-01, PNorm = 59.5128, GNorm = 0.3004, lr_0 = 3.5541e-04
Loss = 1.9058e-01, PNorm = 59.5472, GNorm = 0.2377, lr_0 = 4.7703e-04
Validation auc = 0.755072
Epoch 1
Loss = 2.1743e-01, PNorm = 59.5857, GNorm = 0.2906, lr_0 = 6.1081e-04
Loss = 2.0303e-01, PNorm = 59.6309, GNorm = 1.0673, lr_0 = 7.3243e-04
Loss = 2.0334e-01, PNorm = 59.6808, GNorm = 0.1926, lr_0 = 8.5405e-04
Loss = 2.1700e-01, PNorm = 59.7358, GNorm = 0.3594, lr_0 = 9.7568e-04
Validation auc = 0.664182
Epoch 2
Loss = 2.4308e-01, PNorm = 59.8188, GNorm = 0.5354, lr_0 = 9.8020e-04
Loss = 2.3459e-01, PNorm = 59.9163, GNorm = 0.1437, lr_0 = 9.5865e-04
Loss = 2.3069e-01, PNorm = 60.0275, GNorm = 0.5851, lr_0 = 9.3758e-04
Loss = 1.5837e-01, PNorm = 60.1191, GNorm = 0.3233, lr_0 = 9.1697e-04
Validation auc = 0.771222
Epoch 3
Loss = 2.3915e-01, PNorm = 60.2000, GNorm = 0.3289, lr_0 = 8.9681e-04
Loss = 1.7920e-01, PNorm = 60.2957, GNorm = 0.3804, lr_0 = 8.7710e-04
Loss = 1.8070e-01, PNorm = 60.3872, GNorm = 1.3485, lr_0 = 8.5782e-04
Validation auc = 0.774120
Epoch 4
Loss = 2.6205e-01, PNorm = 60.4805, GNorm = 1.2948, lr_0 = 8.3710e-04
Loss = 1.6971e-01, PNorm = 60.5817, GNorm = 0.4918, lr_0 = 8.1870e-04
Loss = 2.3374e-01, PNorm = 60.6636, GNorm = 0.3156, lr_0 = 8.0071e-04
Loss = 2.1611e-01, PNorm = 60.7580, GNorm = 0.1246, lr_0 = 7.8311e-04
Validation auc = 0.746791
Epoch 5
Loss = 2.2335e-01, PNorm = 60.8453, GNorm = 0.1100, lr_0 = 7.6420e-04
Loss = 2.3978e-01, PNorm = 60.9268, GNorm = 0.1718, lr_0 = 7.4740e-04
Loss = 2.2106e-01, PNorm = 61.0288, GNorm = 0.1715, lr_0 = 7.3097e-04
Loss = 1.4012e-01, PNorm = 61.1302, GNorm = 0.3032, lr_0 = 7.1490e-04
Validation auc = 0.821946
Epoch 6
Loss = 2.5777e-01, PNorm = 61.2572, GNorm = 1.1099, lr_0 = 6.9919e-04
Loss = 1.9086e-01, PNorm = 61.3958, GNorm = 0.1567, lr_0 = 6.8382e-04
Loss = 2.3619e-01, PNorm = 61.5064, GNorm = 0.4963, lr_0 = 6.6879e-04
Loss = 2.1156e-01, PNorm = 61.5785, GNorm = 0.1849, lr_0 = 6.5409e-04
Validation auc = 0.714286
Epoch 7
Loss = 1.6213e-01, PNorm = 61.6617, GNorm = 0.1287, lr_0 = 6.3829e-04
Loss = 2.1465e-01, PNorm = 61.7060, GNorm = 0.1390, lr_0 = 6.2426e-04
Loss = 1.9696e-01, PNorm = 61.7548, GNorm = 0.2410, lr_0 = 6.1054e-04
Validation auc = 0.755487
Epoch 8
Loss = 1.6792e-01, PNorm = 61.8210, GNorm = 0.2629, lr_0 = 5.9579e-04
Loss = 1.7511e-01, PNorm = 61.9082, GNorm = 0.6749, lr_0 = 5.8270e-04
Loss = 1.8735e-01, PNorm = 61.9960, GNorm = 0.4691, lr_0 = 5.6989e-04
Loss = 2.0047e-01, PNorm = 62.0611, GNorm = 0.2900, lr_0 = 5.5736e-04
Validation auc = 0.823810
Epoch 9
Loss = 2.0614e-01, PNorm = 62.1217, GNorm = 0.2706, lr_0 = 5.4511e-04
Loss = 1.6929e-01, PNorm = 62.2079, GNorm = 0.3702, lr_0 = 5.3313e-04
Loss = 1.6624e-01, PNorm = 62.2813, GNorm = 0.3463, lr_0 = 5.2141e-04
Loss = 1.9883e-01, PNorm = 62.3557, GNorm = 0.1346, lr_0 = 5.0995e-04
Validation auc = 0.836439
Epoch 10
Loss = 1.8099e-01, PNorm = 62.4253, GNorm = 0.1758, lr_0 = 4.9764e-04
Loss = 1.6657e-01, PNorm = 62.5066, GNorm = 0.2827, lr_0 = 4.8670e-04
Loss = 1.1857e-01, PNorm = 62.5778, GNorm = 0.4064, lr_0 = 4.7600e-04
Loss = 2.1227e-01, PNorm = 62.6295, GNorm = 1.5999, lr_0 = 4.6554e-04
Loss = 3.8115e-01, PNorm = 62.6380, GNorm = 0.6723, lr_0 = 4.6450e-04
Validation auc = 0.864596
Epoch 11
Loss = 1.6407e-01, PNorm = 62.7307, GNorm = 0.8570, lr_0 = 4.5429e-04
Loss = 1.7838e-01, PNorm = 62.7812, GNorm = 0.2724, lr_0 = 4.4431e-04
Loss = 1.8226e-01, PNorm = 62.8449, GNorm = 0.3958, lr_0 = 4.3454e-04
Validation auc = 0.817184
Epoch 12
Loss = 1.2768e-01, PNorm = 62.9135, GNorm = 0.2360, lr_0 = 4.2499e-04
Loss = 1.0904e-01, PNorm = 62.9815, GNorm = 0.1137, lr_0 = 4.1565e-04
Loss = 1.8582e-01, PNorm = 63.0119, GNorm = 0.3774, lr_0 = 4.0651e-04
Loss = 1.9936e-01, PNorm = 63.0560, GNorm = 0.2295, lr_0 = 3.9758e-04
Validation auc = 0.826294
Epoch 13
Loss = 1.2997e-01, PNorm = 63.1261, GNorm = 0.6530, lr_0 = 3.8797e-04
Loss = 1.5967e-01, PNorm = 63.1888, GNorm = 0.4191, lr_0 = 3.7945e-04
Loss = 1.5548e-01, PNorm = 63.2218, GNorm = 0.4468, lr_0 = 3.7111e-04
Loss = 1.3302e-01, PNorm = 63.2586, GNorm = 0.4648, lr_0 = 3.6295e-04
Validation auc = 0.837060
Epoch 14
Loss = 1.0645e-01, PNorm = 63.3048, GNorm = 0.2828, lr_0 = 3.5497e-04
Loss = 1.9671e-01, PNorm = 63.3409, GNorm = 0.5080, lr_0 = 3.4717e-04
Loss = 1.3349e-01, PNorm = 63.4087, GNorm = 0.3541, lr_0 = 3.3954e-04
Loss = 1.3818e-01, PNorm = 63.4513, GNorm = 0.3416, lr_0 = 3.3207e-04
Loss = 3.4299e-02, PNorm = 63.4541, GNorm = 0.4047, lr_0 = 3.3134e-04
Validation auc = 0.853623
Epoch 15
Loss = 1.2233e-01, PNorm = 63.4882, GNorm = 0.4895, lr_0 = 3.2405e-04
Loss = 1.3994e-01, PNorm = 63.5523, GNorm = 0.1797, lr_0 = 3.1693e-04
Loss = 1.4784e-01, PNorm = 63.5782, GNorm = 0.2350, lr_0 = 3.0997e-04
Validation auc = 0.861491
Epoch 16
Loss = 1.7062e-01, PNorm = 63.6256, GNorm = 0.4842, lr_0 = 3.0248e-04
Loss = 1.0888e-01, PNorm = 63.6748, GNorm = 0.4898, lr_0 = 2.9583e-04
Loss = 1.5020e-01, PNorm = 63.7202, GNorm = 1.2696, lr_0 = 2.8933e-04
Loss = 1.0678e-01, PNorm = 63.7471, GNorm = 0.8024, lr_0 = 2.8297e-04
Validation auc = 0.821532
Epoch 17
Loss = 1.4146e-01, PNorm = 63.7791, GNorm = 0.3460, lr_0 = 2.7675e-04
Loss = 8.5965e-02, PNorm = 63.8182, GNorm = 0.2946, lr_0 = 2.7067e-04
Loss = 1.0531e-01, PNorm = 63.8734, GNorm = 0.6282, lr_0 = 2.6472e-04
Loss = 1.5660e-01, PNorm = 63.9095, GNorm = 0.7085, lr_0 = 2.5890e-04
Validation auc = 0.835404
Epoch 18
Loss = 9.6788e-02, PNorm = 63.9635, GNorm = 0.3266, lr_0 = 2.5264e-04
Loss = 1.2382e-01, PNorm = 63.9889, GNorm = 0.6491, lr_0 = 2.4709e-04
Loss = 1.2316e-01, PNorm = 64.0340, GNorm = 0.7187, lr_0 = 2.4166e-04
Validation auc = 0.833126
Epoch 19
Loss = 3.8440e-02, PNorm = 64.0748, GNorm = 0.2277, lr_0 = 2.3582e-04
Loss = 1.2890e-01, PNorm = 64.1116, GNorm = 0.4812, lr_0 = 2.3064e-04
Loss = 9.7088e-02, PNorm = 64.1468, GNorm = 0.2633, lr_0 = 2.2557e-04
Loss = 1.0159e-01, PNorm = 64.1875, GNorm = 0.6961, lr_0 = 2.2061e-04
Validation auc = 0.836439
Epoch 20
Loss = 6.8700e-02, PNorm = 64.2270, GNorm = 0.4734, lr_0 = 2.1576e-04
Loss = 1.1996e-01, PNorm = 64.2601, GNorm = 0.4539, lr_0 = 2.1102e-04
Loss = 1.1094e-01, PNorm = 64.2988, GNorm = 0.2927, lr_0 = 2.0638e-04
Loss = 8.7859e-02, PNorm = 64.3329, GNorm = 0.1969, lr_0 = 2.0185e-04
Validation auc = 0.846170
Epoch 21
Loss = 6.8737e-02, PNorm = 64.3695, GNorm = 0.3526, lr_0 = 1.9697e-04
Loss = 7.8644e-02, PNorm = 64.3941, GNorm = 0.3865, lr_0 = 1.9264e-04
Loss = 1.2215e-01, PNorm = 64.4263, GNorm = 0.6939, lr_0 = 1.8841e-04
Loss = 1.1807e-01, PNorm = 64.4536, GNorm = 0.6576, lr_0 = 1.8427e-04
Validation auc = 0.852381
Epoch 22
Loss = 1.0691e-01, PNorm = 64.4936, GNorm = 0.7287, lr_0 = 1.7982e-04
Loss = 9.9405e-02, PNorm = 64.5198, GNorm = 0.5924, lr_0 = 1.7586e-04
Loss = 1.1298e-01, PNorm = 64.5490, GNorm = 0.9919, lr_0 = 1.7200e-04
Validation auc = 0.836232
Epoch 23
Loss = 1.1622e-01, PNorm = 64.5773, GNorm = 0.9172, lr_0 = 1.6822e-04
Loss = 7.7795e-02, PNorm = 64.6006, GNorm = 0.3433, lr_0 = 1.6452e-04
Loss = 7.8603e-02, PNorm = 64.6296, GNorm = 0.1648, lr_0 = 1.6090e-04
Loss = 1.0549e-01, PNorm = 64.6516, GNorm = 0.6556, lr_0 = 1.5737e-04
Validation auc = 0.833333
Epoch 24
Loss = 3.2795e-02, PNorm = 64.6820, GNorm = 0.4227, lr_0 = 1.5357e-04
Loss = 1.0585e-01, PNorm = 64.7039, GNorm = 0.5372, lr_0 = 1.5019e-04
Loss = 9.6459e-02, PNorm = 64.7346, GNorm = 0.9247, lr_0 = 1.4689e-04
Loss = 6.3014e-02, PNorm = 64.7666, GNorm = 0.4704, lr_0 = 1.4366e-04
Validation auc = 0.841822
Epoch 25
Loss = 5.4727e-02, PNorm = 64.7856, GNorm = 0.7016, lr_0 = 1.4050e-04
Loss = 8.6304e-02, PNorm = 64.8122, GNorm = 0.8634, lr_0 = 1.3741e-04
Loss = 5.7891e-02, PNorm = 64.8182, GNorm = 0.3115, lr_0 = 1.3439e-04
Loss = 8.3500e-02, PNorm = 64.8421, GNorm = 0.4766, lr_0 = 1.3144e-04
Validation auc = 0.836646
Epoch 26
Loss = 7.2820e-02, PNorm = 64.8777, GNorm = 1.5820, lr_0 = 1.2826e-04
Loss = 8.6443e-02, PNorm = 64.8987, GNorm = 0.7050, lr_0 = 1.2545e-04
Loss = 6.6494e-02, PNorm = 64.9210, GNorm = 0.3223, lr_0 = 1.2269e-04
Validation auc = 0.824638
Epoch 27
Loss = 4.2001e-02, PNorm = 64.9416, GNorm = 0.5179, lr_0 = 1.1973e-04
Loss = 6.5865e-02, PNorm = 64.9597, GNorm = 0.8250, lr_0 = 1.1709e-04
Loss = 7.4328e-02, PNorm = 64.9729, GNorm = 0.4470, lr_0 = 1.1452e-04
Loss = 8.0020e-02, PNorm = 64.9958, GNorm = 0.7716, lr_0 = 1.1200e-04
Validation auc = 0.844513
Epoch 28
Loss = 3.6068e-02, PNorm = 65.0094, GNorm = 1.3496, lr_0 = 1.0954e-04
Loss = 7.9598e-02, PNorm = 65.0259, GNorm = 0.4819, lr_0 = 1.0713e-04
Loss = 6.1008e-02, PNorm = 65.0528, GNorm = 0.6215, lr_0 = 1.0478e-04
Loss = 6.2313e-02, PNorm = 65.0610, GNorm = 1.2083, lr_0 = 1.0247e-04
Validation auc = 0.864596
Epoch 29
Loss = 5.0576e-02, PNorm = 65.0813, GNorm = 0.5672, lr_0 = 1.0000e-04
Loss = 7.6033e-02, PNorm = 65.0919, GNorm = 1.4512, lr_0 = 1.0000e-04
Loss = 7.0710e-02, PNorm = 65.1059, GNorm = 0.1753, lr_0 = 1.0000e-04
Loss = 4.5451e-02, PNorm = 65.1235, GNorm = 0.6597, lr_0 = 1.0000e-04
Loss = 1.3125e-02, PNorm = 65.1260, GNorm = 0.2002, lr_0 = 1.0000e-04
Validation auc = 0.862526
Model 0 best validation auc = 0.864596 on epoch 10
Loading pretrained parameter "encoder.encoder.0.cached_zero_vector".
Loading pretrained parameter "encoder.encoder.0.W_i.weight".
Loading pretrained parameter "encoder.encoder.0.W_h.weight".
Loading pretrained parameter "encoder.encoder.0.W_o.weight".
Loading pretrained parameter "encoder.encoder.0.W_o.bias".
Loading pretrained parameter "readout.1.weight".
Loading pretrained parameter "readout.1.bias".
Model 0 test auc = 0.756845
Ensemble test auc = 0.756845
1-fold cross validation
	Seed 1 ==> test auc = 0.756845
Overall test auc = 0.756845 +/- 0.000000
Elapsed time = 0:28:21
