Command line
python /Users/felix/anaconda3/envs/chemprop/bin/chemprop_train --data_path hskmc.csv --dataset_type classification --config_path hyperparameters_hskmc.json --save_dir checkpoints_hskmc/1 --ensemble_size 1 --seed 1
Args
{'activation': 'ReLU',
 'adding_bond_types': True,
 'adding_h': False,
 'aggregation': 'mean',
 'aggregation_norm': 100,
 'atom_constraints': [],
 'atom_descriptor_scaling': True,
 'atom_descriptors': None,
 'atom_descriptors_path': None,
 'atom_descriptors_size': 0,
 'atom_features_size': 0,
 'atom_messages': False,
 'atom_targets': [],
 'batch_size': 50,
 'bias': False,
 'bias_solvent': False,
 'bond_constraints': [],
 'bond_descriptor_scaling': True,
 'bond_descriptors': None,
 'bond_descriptors_path': None,
 'bond_descriptors_size': 0,
 'bond_features_size': 0,
 'bond_targets': [],
 'cache_cutoff': 10000,
 'checkpoint_dir': None,
 'checkpoint_frzn': None,
 'checkpoint_path': None,
 'checkpoint_paths': None,
 'class_balance': False,
 'config_path': 'hyperparameters_hskmc.json',
 'constraints_path': None,
 'crossval_index_dir': None,
 'crossval_index_file': None,
 'crossval_index_sets': None,
 'cuda': False,
 'data_path': 'hskmc.csv',
 'data_weights_path': None,
 'dataset_type': 'classification',
 'depth': 5,
 'depth_solvent': 3,
 'device': device(type='cpu'),
 'dropout': 0.05,
 'empty_cache': False,
 'ensemble_size': 1,
 'epochs': 30,
 'evidential_regularization': 0,
 'explicit_h': False,
 'extra_metrics': [],
 'features_generator': None,
 'features_only': False,
 'features_path': None,
 'features_scaling': True,
 'features_size': None,
 'ffn_hidden_size': 2200,
 'ffn_num_layers': 2,
 'final_lr': 0.0001,
 'folds_file': None,
 'freeze_first_only': False,
 'frzn_ffn_layers': 0,
 'gpu': None,
 'grad_clip': None,
 'hidden_size': 2200,
 'hidden_size_solvent': 300,
 'ignore_columns': None,
 'ignore_nan_metrics': False,
 'init_lr': 0.0001,
 'is_atom_bond_targets': False,
 'keeping_atom_map': False,
 'log_frequency': 10,
 'loss_function': 'binary_cross_entropy',
 'max_data_size': None,
 'max_lr': 0.001,
 'metric': 'auc',
 'metrics': ['auc'],
 'minimize_score': False,
 'mpn_shared': False,
 'multiclass_num_classes': 3,
 'no_adding_bond_types': False,
 'no_atom_descriptor_scaling': False,
 'no_bond_descriptor_scaling': False,
 'no_cache_mol': False,
 'no_cuda': False,
 'no_features_scaling': False,
 'no_shared_atom_bond_ffn': False,
 'num_folds': 1,
 'num_lrs': 1,
 'num_tasks': 1,
 'num_workers': 8,
 'number_of_molecules': 1,
 'overwrite_default_atom_features': False,
 'overwrite_default_bond_features': False,
 'phase_features_path': None,
 'pytorch_seed': 0,
 'quantile_loss_alpha': 0.1,
 'quantiles': [],
 'quiet': False,
 'reaction': False,
 'reaction_mode': 'reac_diff',
 'reaction_solvent': False,
 'resume_experiment': False,
 'save_dir': 'checkpoints_hskmc/1',
 'save_preds': False,
 'save_smiles_splits': False,
 'seed': 1,
 'separate_test_atom_descriptors_path': None,
 'separate_test_bond_descriptors_path': None,
 'separate_test_constraints_path': None,
 'separate_test_features_path': None,
 'separate_test_path': None,
 'separate_test_phase_features_path': None,
 'separate_val_atom_descriptors_path': None,
 'separate_val_bond_descriptors_path': None,
 'separate_val_constraints_path': None,
 'separate_val_features_path': None,
 'separate_val_path': None,
 'separate_val_phase_features_path': None,
 'shared_atom_bond_ffn': True,
 'show_individual_scores': False,
 'smiles_columns': ['\ufeffSMILES'],
 'spectra_activation': 'exp',
 'spectra_phase_mask_path': None,
 'spectra_target_floor': 1e-08,
 'split_key_molecule': 0,
 'split_sizes': [0.8, 0.1, 0.1],
 'split_type': 'random',
 'target_columns': None,
 'target_weights': None,
 'task_names': ['ACTIVITY'],
 'test': False,
 'test_fold_index': None,
 'train_data_size': None,
 'undirected': False,
 'use_input_features': False,
 'val_fold_index': None,
 'warmup_epochs': 2.0,
 'weights_ffn_num_layers': 2}
Setting molecule featurization parameters to default.
Loading data
Number of tasks = 1
Fold 0
Splitting data with seed 1
Class sizes
ACTIVITY 0: 95.85%, 1: 4.15%
Total size = 2,335 | train size = 1,868 | val size = 233 | test size = 234
Building model 0
MoleculeModel(
  (sigmoid): Sigmoid()
  (encoder): MPN(
    (encoder): ModuleList(
      (0): MPNEncoder(
        (dropout): Dropout(p=0.05, inplace=False)
        (act_func): ReLU()
        (W_i): Linear(in_features=147, out_features=2200, bias=False)
        (W_h): Linear(in_features=2200, out_features=2200, bias=False)
        (W_o): Linear(in_features=2333, out_features=2200, bias=True)
      )
    )
  )
  (readout): Sequential(
    (0): Dropout(p=0.05, inplace=False)
    (1): Linear(in_features=2200, out_features=2200, bias=True)
    (2): ReLU()
    (3): Dropout(p=0.05, inplace=False)
    (4): Linear(in_features=2200, out_features=1, bias=True)
  )
)
Number of parameters = 15,144,801
Epoch 0
Loss = 2.5904e-01, PNorm = 83.3067, GNorm = 0.4604, lr_0 = 2.3378e-04
Loss = 1.9005e-01, PNorm = 83.3525, GNorm = 1.4046, lr_0 = 3.5541e-04
Loss = 1.5762e-01, PNorm = 83.4069, GNorm = 0.6856, lr_0 = 4.7703e-04
Validation auc = 0.606209
Epoch 1
Loss = 9.6670e-02, PNorm = 83.4798, GNorm = 0.1518, lr_0 = 6.1081e-04
Loss = 1.9316e-01, PNorm = 83.5345, GNorm = 0.5951, lr_0 = 7.3243e-04
Loss = 1.9679e-01, PNorm = 83.6333, GNorm = 0.1316, lr_0 = 8.5405e-04
Loss = 1.2874e-01, PNorm = 83.7453, GNorm = 0.0823, lr_0 = 9.7568e-04
Validation auc = 0.689542
Epoch 2
Loss = 1.9760e-01, PNorm = 83.8595, GNorm = 0.1510, lr_0 = 9.8020e-04
Loss = 1.4624e-01, PNorm = 83.9852, GNorm = 0.4360, lr_0 = 9.5865e-04
Loss = 1.3605e-01, PNorm = 84.1365, GNorm = 0.0766, lr_0 = 9.3758e-04
Loss = 2.1875e-01, PNorm = 84.2023, GNorm = 0.2271, lr_0 = 9.1697e-04
Validation auc = 0.721950
Epoch 3
Loss = 2.3591e-01, PNorm = 84.2950, GNorm = 0.0857, lr_0 = 8.9681e-04
Loss = 1.9068e-01, PNorm = 84.4544, GNorm = 0.2509, lr_0 = 8.7710e-04
Loss = 1.3904e-01, PNorm = 84.5946, GNorm = 0.2710, lr_0 = 8.5782e-04
Validation auc = 0.763617
Epoch 4
Loss = 1.5277e-01, PNorm = 84.7062, GNorm = 0.1125, lr_0 = 8.3710e-04
Loss = 1.4258e-01, PNorm = 84.8798, GNorm = 0.3827, lr_0 = 8.1870e-04
Loss = 1.3767e-01, PNorm = 84.9645, GNorm = 0.1900, lr_0 = 8.0071e-04
Loss = 2.0261e-01, PNorm = 85.0436, GNorm = 0.2169, lr_0 = 7.8311e-04
Validation auc = 0.782952
Epoch 5
Loss = 1.5433e-01, PNorm = 85.2351, GNorm = 0.0538, lr_0 = 7.6420e-04
Loss = 1.6115e-01, PNorm = 85.4002, GNorm = 0.3240, lr_0 = 7.4740e-04
Loss = 1.4286e-01, PNorm = 85.5303, GNorm = 0.1798, lr_0 = 7.3097e-04
Loss = 1.7610e-01, PNorm = 85.6308, GNorm = 0.1661, lr_0 = 7.1490e-04
Validation auc = 0.800654
Epoch 6
Loss = 1.2628e-01, PNorm = 85.7664, GNorm = 0.2454, lr_0 = 6.9919e-04
Loss = 1.3399e-01, PNorm = 85.8812, GNorm = 0.1283, lr_0 = 6.8382e-04
Loss = 1.9403e-01, PNorm = 85.9812, GNorm = 0.4379, lr_0 = 6.6879e-04
Loss = 1.3224e-01, PNorm = 86.1427, GNorm = 0.2067, lr_0 = 6.5409e-04
Validation auc = 0.799564
Epoch 7
Loss = 1.3432e-01, PNorm = 86.2817, GNorm = 0.1236, lr_0 = 6.3829e-04
Loss = 1.4009e-01, PNorm = 86.4351, GNorm = 0.1000, lr_0 = 6.2426e-04
Loss = 1.5862e-01, PNorm = 86.5122, GNorm = 0.1521, lr_0 = 6.1054e-04
Validation auc = 0.828704
Epoch 8
Loss = 1.4161e-01, PNorm = 86.6753, GNorm = 0.1996, lr_0 = 5.9579e-04
Loss = 1.4144e-01, PNorm = 86.8560, GNorm = 0.4624, lr_0 = 5.8270e-04
Loss = 1.7050e-01, PNorm = 87.0666, GNorm = 5.5469, lr_0 = 5.6989e-04
Loss = 2.1717e-01, PNorm = 87.2274, GNorm = 0.3230, lr_0 = 5.5736e-04
Validation auc = 0.732026
Epoch 9
Loss = 1.2975e-01, PNorm = 87.4033, GNorm = 0.2128, lr_0 = 5.4511e-04
Loss = 1.5510e-01, PNorm = 87.5294, GNorm = 0.2316, lr_0 = 5.3313e-04
Loss = 1.6550e-01, PNorm = 87.6057, GNorm = 0.4320, lr_0 = 5.2141e-04
Loss = 1.5573e-01, PNorm = 87.7138, GNorm = 0.3651, lr_0 = 5.0995e-04
Validation auc = 0.821623
Epoch 10
Loss = 1.1976e-01, PNorm = 87.8428, GNorm = 0.2523, lr_0 = 4.9764e-04
Loss = 1.5359e-01, PNorm = 87.9467, GNorm = 0.5190, lr_0 = 4.8670e-04
Loss = 1.3141e-01, PNorm = 88.0482, GNorm = 0.1131, lr_0 = 4.7600e-04
Loss = 1.5049e-01, PNorm = 88.1059, GNorm = 0.3096, lr_0 = 4.6554e-04
Loss = 3.5024e-02, PNorm = 88.1151, GNorm = 0.3129, lr_0 = 4.6450e-04
Validation auc = 0.845044
Epoch 11
Loss = 1.6610e-01, PNorm = 88.2161, GNorm = 0.1806, lr_0 = 4.5429e-04
Loss = 9.5414e-02, PNorm = 88.3442, GNorm = 0.5875, lr_0 = 4.4431e-04
Loss = 1.5018e-01, PNorm = 88.4372, GNorm = 0.2048, lr_0 = 4.3454e-04
Validation auc = 0.841231
Epoch 12
Loss = 1.9756e-01, PNorm = 88.5119, GNorm = 0.2272, lr_0 = 4.2499e-04
Loss = 1.2595e-01, PNorm = 88.6050, GNorm = 0.2545, lr_0 = 4.1565e-04
Loss = 1.5108e-01, PNorm = 88.6871, GNorm = 0.8226, lr_0 = 4.0651e-04
Loss = 1.3712e-01, PNorm = 88.7847, GNorm = 0.2203, lr_0 = 3.9758e-04
Validation auc = 0.839597
Epoch 13
Loss = 1.7997e-01, PNorm = 88.8789, GNorm = 0.1916, lr_0 = 3.8797e-04
Loss = 1.0985e-01, PNorm = 88.9459, GNorm = 0.2178, lr_0 = 3.7945e-04
Loss = 1.2724e-01, PNorm = 89.0304, GNorm = 0.3849, lr_0 = 3.7111e-04
Loss = 1.3662e-01, PNorm = 89.1092, GNorm = 0.3473, lr_0 = 3.6295e-04
Validation auc = 0.864107
Epoch 14
Loss = 9.4453e-02, PNorm = 89.2358, GNorm = 0.2740, lr_0 = 3.5497e-04
Loss = 9.9649e-02, PNorm = 89.2937, GNorm = 0.3142, lr_0 = 3.4717e-04
Loss = 1.0878e-01, PNorm = 89.4034, GNorm = 0.2163, lr_0 = 3.3954e-04
Loss = 1.5704e-01, PNorm = 89.4899, GNorm = 0.3961, lr_0 = 3.3207e-04
Loss = 6.1064e-02, PNorm = 89.4995, GNorm = 0.4509, lr_0 = 3.3134e-04
Validation auc = 0.869553
Epoch 15
Loss = 8.6392e-02, PNorm = 89.5987, GNorm = 0.1599, lr_0 = 3.2405e-04
Loss = 1.3430e-01, PNorm = 89.7061, GNorm = 0.3299, lr_0 = 3.1693e-04
Loss = 1.0831e-01, PNorm = 89.8301, GNorm = 0.1586, lr_0 = 3.0997e-04
Validation auc = 0.884259
Epoch 16
Loss = 6.3849e-02, PNorm = 89.9017, GNorm = 0.3360, lr_0 = 3.0248e-04
Loss = 8.1554e-02, PNorm = 90.0048, GNorm = 0.1589, lr_0 = 2.9583e-04
Loss = 1.1355e-01, PNorm = 90.0716, GNorm = 0.2074, lr_0 = 2.8933e-04
Loss = 1.1684e-01, PNorm = 90.1778, GNorm = 0.4052, lr_0 = 2.8297e-04
Validation auc = 0.885349
Epoch 17
Loss = 5.3632e-02, PNorm = 90.3032, GNorm = 0.0862, lr_0 = 2.7675e-04
Loss = 1.0275e-01, PNorm = 90.3904, GNorm = 0.8866, lr_0 = 2.7067e-04
Loss = 8.9791e-02, PNorm = 90.4892, GNorm = 0.2662, lr_0 = 2.6472e-04
Loss = 9.7507e-02, PNorm = 90.5866, GNorm = 0.2867, lr_0 = 2.5890e-04
Validation auc = 0.888617
Epoch 18
Loss = 7.4295e-02, PNorm = 90.6988, GNorm = 0.2116, lr_0 = 2.5264e-04
Loss = 7.3159e-02, PNorm = 90.8023, GNorm = 0.3819, lr_0 = 2.4709e-04
Loss = 6.1692e-02, PNorm = 90.8728, GNorm = 0.2228, lr_0 = 2.4166e-04
Validation auc = 0.880174
Epoch 19
Loss = 6.2081e-02, PNorm = 90.9468, GNorm = 0.2694, lr_0 = 2.3582e-04
Loss = 6.1249e-02, PNorm = 91.0094, GNorm = 0.3174, lr_0 = 2.3064e-04
Loss = 9.4424e-02, PNorm = 91.0827, GNorm = 0.2640, lr_0 = 2.2557e-04
Loss = 8.0880e-02, PNorm = 91.1822, GNorm = 0.4318, lr_0 = 2.2061e-04
Validation auc = 0.886166
Epoch 20
Loss = 7.6562e-02, PNorm = 91.2741, GNorm = 0.4775, lr_0 = 2.1576e-04
Loss = 5.3889e-02, PNorm = 91.3623, GNorm = 0.3950, lr_0 = 2.1102e-04
Loss = 6.0164e-02, PNorm = 91.4255, GNorm = 0.4177, lr_0 = 2.0638e-04
Loss = 5.5837e-02, PNorm = 91.4788, GNorm = 0.1595, lr_0 = 2.0185e-04
Validation auc = 0.859205
Epoch 21
Loss = 5.3091e-02, PNorm = 91.5662, GNorm = 0.3104, lr_0 = 1.9697e-04
Loss = 1.6677e-02, PNorm = 91.6370, GNorm = 0.2405, lr_0 = 1.9264e-04
Loss = 6.9093e-02, PNorm = 91.6865, GNorm = 0.5502, lr_0 = 1.8841e-04
Loss = 6.4701e-02, PNorm = 91.7547, GNorm = 0.4977, lr_0 = 1.8427e-04
Validation auc = 0.882353
Epoch 22
Loss = 4.0494e-02, PNorm = 91.8271, GNorm = 0.9329, lr_0 = 1.7982e-04
Loss = 5.4884e-02, PNorm = 91.8795, GNorm = 0.1468, lr_0 = 1.7586e-04
Loss = 4.6261e-02, PNorm = 91.9437, GNorm = 0.6372, lr_0 = 1.7200e-04
Validation auc = 0.891612
Epoch 23
Loss = 2.7432e-02, PNorm = 91.9971, GNorm = 0.3034, lr_0 = 1.6822e-04
Loss = 3.5364e-02, PNorm = 92.0578, GNorm = 0.3196, lr_0 = 1.6452e-04
Loss = 3.2967e-02, PNorm = 92.1206, GNorm = 0.4533, lr_0 = 1.6090e-04
Loss = 4.2879e-02, PNorm = 92.1649, GNorm = 0.4245, lr_0 = 1.5737e-04
Validation auc = 0.892429
Epoch 24
Loss = 1.9045e-02, PNorm = 92.2257, GNorm = 0.0485, lr_0 = 1.5357e-04
Loss = 3.0799e-02, PNorm = 92.2649, GNorm = 0.3667, lr_0 = 1.5019e-04
Loss = 3.1252e-02, PNorm = 92.3086, GNorm = 0.2547, lr_0 = 1.4689e-04
Loss = 2.9138e-02, PNorm = 92.3523, GNorm = 0.5221, lr_0 = 1.4366e-04
Validation auc = 0.877179
Epoch 25
Loss = 1.4092e-02, PNorm = 92.3848, GNorm = 0.1131, lr_0 = 1.4050e-04
Loss = 2.4134e-02, PNorm = 92.4200, GNorm = 0.1947, lr_0 = 1.3741e-04
Loss = 2.5731e-02, PNorm = 92.4506, GNorm = 0.9909, lr_0 = 1.3439e-04
Loss = 2.7078e-02, PNorm = 92.4831, GNorm = 0.1712, lr_0 = 1.3144e-04
Validation auc = 0.869009
Epoch 26
Loss = 3.1148e-02, PNorm = 92.5156, GNorm = 0.3114, lr_0 = 1.2826e-04
Loss = 1.9226e-02, PNorm = 92.5512, GNorm = 0.2506, lr_0 = 1.2545e-04
Loss = 2.1671e-02, PNorm = 92.5831, GNorm = 0.0468, lr_0 = 1.2269e-04
Validation auc = 0.885621
Epoch 27
Loss = 1.1602e-02, PNorm = 92.6035, GNorm = 0.3300, lr_0 = 1.1973e-04
Loss = 1.9223e-02, PNorm = 92.6201, GNorm = 0.1215, lr_0 = 1.1709e-04
Loss = 1.1840e-02, PNorm = 92.6446, GNorm = 0.2032, lr_0 = 1.1452e-04
Loss = 1.2977e-02, PNorm = 92.6677, GNorm = 0.2206, lr_0 = 1.1200e-04
Validation auc = 0.879085
Epoch 28
Loss = 5.0900e-03, PNorm = 92.6888, GNorm = 0.0579, lr_0 = 1.0954e-04
Loss = 5.8564e-03, PNorm = 92.7077, GNorm = 0.2361, lr_0 = 1.0713e-04
Loss = 1.1140e-02, PNorm = 92.7256, GNorm = 0.1546, lr_0 = 1.0478e-04
Loss = 7.7727e-03, PNorm = 92.7378, GNorm = 0.0476, lr_0 = 1.0247e-04
Validation auc = 0.888889
Epoch 29
Loss = 1.2368e-02, PNorm = 92.7582, GNorm = 0.2254, lr_0 = 1.0000e-04
Loss = 7.3345e-03, PNorm = 92.7823, GNorm = 1.0345, lr_0 = 1.0000e-04
Loss = 1.1141e-02, PNorm = 92.7923, GNorm = 0.2409, lr_0 = 1.0000e-04
Loss = 9.6234e-03, PNorm = 92.8122, GNorm = 0.3726, lr_0 = 1.0000e-04
Loss = 7.8070e-03, PNorm = 92.8142, GNorm = 0.2317, lr_0 = 1.0000e-04
Validation auc = 0.881808
Model 0 best validation auc = 0.892429 on epoch 23
Loading pretrained parameter "encoder.encoder.0.cached_zero_vector".
Loading pretrained parameter "encoder.encoder.0.W_i.weight".
Loading pretrained parameter "encoder.encoder.0.W_h.weight".
Loading pretrained parameter "encoder.encoder.0.W_o.weight".
Loading pretrained parameter "encoder.encoder.0.W_o.bias".
Loading pretrained parameter "readout.1.weight".
Loading pretrained parameter "readout.1.bias".
Loading pretrained parameter "readout.4.weight".
Loading pretrained parameter "readout.4.bias".
Model 0 test auc = 0.911977
Ensemble test auc = 0.911977
1-fold cross validation
	Seed 1 ==> test auc = 0.911977
Overall test auc = 0.911977 +/- 0.000000
Elapsed time = 2:01:39
