Command line
python /Users/felix/anaconda3/envs/chemprop/bin/chemprop_train --data_path hep.csv --dataset_type classification --config_path hyperparameters_hep.json --save_dir checkpoints_hep/6 --ensemble_size 1 --seed 6
Args
{'activation': 'ReLU',
 'adding_bond_types': True,
 'adding_h': False,
 'aggregation': 'mean',
 'aggregation_norm': 100,
 'atom_constraints': [],
 'atom_descriptor_scaling': True,
 'atom_descriptors': None,
 'atom_descriptors_path': None,
 'atom_descriptors_size': 0,
 'atom_features_size': 0,
 'atom_messages': False,
 'atom_targets': [],
 'batch_size': 50,
 'bias': False,
 'bias_solvent': False,
 'bond_constraints': [],
 'bond_descriptor_scaling': True,
 'bond_descriptors': None,
 'bond_descriptors_path': None,
 'bond_descriptors_size': 0,
 'bond_features_size': 0,
 'bond_targets': [],
 'cache_cutoff': 10000,
 'checkpoint_dir': None,
 'checkpoint_frzn': None,
 'checkpoint_path': None,
 'checkpoint_paths': None,
 'class_balance': False,
 'config_path': 'hyperparameters_hep.json',
 'constraints_path': None,
 'crossval_index_dir': None,
 'crossval_index_file': None,
 'crossval_index_sets': None,
 'cuda': False,
 'data_path': 'hep.csv',
 'data_weights_path': None,
 'dataset_type': 'classification',
 'depth': 3,
 'depth_solvent': 3,
 'device': device(type='cpu'),
 'dropout': 0.25,
 'empty_cache': False,
 'ensemble_size': 1,
 'epochs': 30,
 'evidential_regularization': 0,
 'explicit_h': False,
 'extra_metrics': [],
 'features_generator': None,
 'features_only': False,
 'features_path': None,
 'features_scaling': True,
 'features_size': None,
 'ffn_hidden_size': 900,
 'ffn_num_layers': 1,
 'final_lr': 0.0001,
 'folds_file': None,
 'freeze_first_only': False,
 'frzn_ffn_layers': 0,
 'gpu': None,
 'grad_clip': None,
 'hidden_size': 900,
 'hidden_size_solvent': 300,
 'ignore_columns': None,
 'ignore_nan_metrics': False,
 'init_lr': 0.0001,
 'is_atom_bond_targets': False,
 'keeping_atom_map': False,
 'log_frequency': 10,
 'loss_function': 'binary_cross_entropy',
 'max_data_size': None,
 'max_lr': 0.001,
 'metric': 'auc',
 'metrics': ['auc'],
 'minimize_score': False,
 'mpn_shared': False,
 'multiclass_num_classes': 3,
 'no_adding_bond_types': False,
 'no_atom_descriptor_scaling': False,
 'no_bond_descriptor_scaling': False,
 'no_cache_mol': False,
 'no_cuda': False,
 'no_features_scaling': False,
 'no_shared_atom_bond_ffn': False,
 'num_folds': 1,
 'num_lrs': 1,
 'num_tasks': 1,
 'num_workers': 8,
 'number_of_molecules': 1,
 'overwrite_default_atom_features': False,
 'overwrite_default_bond_features': False,
 'phase_features_path': None,
 'pytorch_seed': 0,
 'quantile_loss_alpha': 0.1,
 'quantiles': [],
 'quiet': False,
 'reaction': False,
 'reaction_mode': 'reac_diff',
 'reaction_solvent': False,
 'resume_experiment': False,
 'save_dir': 'checkpoints_hep/6',
 'save_preds': False,
 'save_smiles_splits': False,
 'seed': 6,
 'separate_test_atom_descriptors_path': None,
 'separate_test_bond_descriptors_path': None,
 'separate_test_constraints_path': None,
 'separate_test_features_path': None,
 'separate_test_path': None,
 'separate_test_phase_features_path': None,
 'separate_val_atom_descriptors_path': None,
 'separate_val_bond_descriptors_path': None,
 'separate_val_constraints_path': None,
 'separate_val_features_path': None,
 'separate_val_path': None,
 'separate_val_phase_features_path': None,
 'shared_atom_bond_ffn': True,
 'show_individual_scores': False,
 'smiles_columns': ['\ufeffSMILES'],
 'spectra_activation': 'exp',
 'spectra_phase_mask_path': None,
 'spectra_target_floor': 1e-08,
 'split_key_molecule': 0,
 'split_sizes': [0.8, 0.1, 0.1],
 'split_type': 'random',
 'target_columns': None,
 'target_weights': None,
 'task_names': ['ACTIVITY'],
 'test': False,
 'test_fold_index': None,
 'train_data_size': None,
 'undirected': False,
 'use_input_features': False,
 'val_fold_index': None,
 'warmup_epochs': 2.0,
 'weights_ffn_num_layers': 2}
Setting molecule featurization parameters to default.
Loading data
Number of tasks = 1
Fold 0
Splitting data with seed 6
Class sizes
ACTIVITY 0: 79.44%, 1: 20.56%
Total size = 2,335 | train size = 1,868 | val size = 233 | test size = 234
Building model 0
MoleculeModel(
  (sigmoid): Sigmoid()
  (encoder): MPN(
    (encoder): ModuleList(
      (0): MPNEncoder(
        (dropout): Dropout(p=0.25, inplace=False)
        (act_func): ReLU()
        (W_i): Linear(in_features=147, out_features=900, bias=False)
        (W_h): Linear(in_features=900, out_features=900, bias=False)
        (W_o): Linear(in_features=1033, out_features=900, bias=True)
      )
    )
  )
  (readout): Sequential(
    (0): Dropout(p=0.25, inplace=False)
    (1): Linear(in_features=900, out_features=1, bias=True)
  )
)
Number of parameters = 1,874,701
Epoch 0
Loss = 6.0892e-01, PNorm = 46.0209, GNorm = 0.6121, lr_0 = 2.3378e-04
Loss = 5.2440e-01, PNorm = 46.0349, GNorm = 1.4056, lr_0 = 3.5541e-04
Loss = 5.0061e-01, PNorm = 46.0502, GNorm = 0.3062, lr_0 = 4.7703e-04
Validation auc = 0.557092
Epoch 1
Loss = 4.6365e-01, PNorm = 46.0705, GNorm = 1.1364, lr_0 = 6.1081e-04
Loss = 5.1471e-01, PNorm = 46.1046, GNorm = 0.3363, lr_0 = 7.3243e-04
Loss = 5.1315e-01, PNorm = 46.1458, GNorm = 0.3032, lr_0 = 8.5405e-04
Loss = 5.2032e-01, PNorm = 46.1923, GNorm = 0.5719, lr_0 = 9.7568e-04
Validation auc = 0.561702
Epoch 2
Loss = 4.7912e-01, PNorm = 46.2462, GNorm = 0.4216, lr_0 = 9.8020e-04
Loss = 4.9499e-01, PNorm = 46.2889, GNorm = 0.2349, lr_0 = 9.5865e-04
Loss = 5.2124e-01, PNorm = 46.3286, GNorm = 0.2376, lr_0 = 9.3758e-04
Loss = 4.9088e-01, PNorm = 46.3741, GNorm = 0.2727, lr_0 = 9.1697e-04
Validation auc = 0.602955
Epoch 3
Loss = 5.0429e-01, PNorm = 46.4269, GNorm = 0.5113, lr_0 = 8.9681e-04
Loss = 4.9163e-01, PNorm = 46.4723, GNorm = 0.6810, lr_0 = 8.7710e-04
Loss = 4.8720e-01, PNorm = 46.5196, GNorm = 0.2807, lr_0 = 8.5782e-04
Validation auc = 0.632624
Epoch 4
Loss = 3.9624e-01, PNorm = 46.5698, GNorm = 0.2210, lr_0 = 8.3710e-04
Loss = 4.9673e-01, PNorm = 46.6092, GNorm = 0.3061, lr_0 = 8.1870e-04
Loss = 5.0815e-01, PNorm = 46.6583, GNorm = 0.3087, lr_0 = 8.0071e-04
Loss = 4.9819e-01, PNorm = 46.7095, GNorm = 0.3146, lr_0 = 7.8311e-04
Validation auc = 0.596927
Epoch 5
Loss = 5.2053e-01, PNorm = 46.7593, GNorm = 0.4839, lr_0 = 7.6420e-04
Loss = 4.7925e-01, PNorm = 46.8059, GNorm = 0.1911, lr_0 = 7.4740e-04
Loss = 4.7925e-01, PNorm = 46.8609, GNorm = 0.3946, lr_0 = 7.3097e-04
Loss = 4.7494e-01, PNorm = 46.9249, GNorm = 0.2999, lr_0 = 7.1490e-04
Validation auc = 0.634161
Epoch 6
Loss = 4.9029e-01, PNorm = 46.9832, GNorm = 0.2038, lr_0 = 6.9919e-04
Loss = 4.8144e-01, PNorm = 47.0572, GNorm = 0.7325, lr_0 = 6.8382e-04
Loss = 4.8881e-01, PNorm = 47.1333, GNorm = 0.2113, lr_0 = 6.6879e-04
Loss = 4.3516e-01, PNorm = 47.1962, GNorm = 0.2759, lr_0 = 6.5409e-04
Validation auc = 0.628132
Epoch 7
Loss = 4.3284e-01, PNorm = 47.2677, GNorm = 0.5300, lr_0 = 6.3829e-04
Loss = 4.7773e-01, PNorm = 47.3382, GNorm = 0.4042, lr_0 = 6.2426e-04
Loss = 4.7606e-01, PNorm = 47.4117, GNorm = 0.3701, lr_0 = 6.1054e-04
Validation auc = 0.653191
Epoch 8
Loss = 4.4144e-01, PNorm = 47.5004, GNorm = 0.2559, lr_0 = 5.9579e-04
Loss = 4.9145e-01, PNorm = 47.5663, GNorm = 0.3690, lr_0 = 5.8270e-04
Loss = 4.3333e-01, PNorm = 47.6350, GNorm = 0.2420, lr_0 = 5.6989e-04
Loss = 4.6672e-01, PNorm = 47.7000, GNorm = 0.2854, lr_0 = 5.5736e-04
Validation auc = 0.637825
Epoch 9
Loss = 3.7016e-01, PNorm = 47.7628, GNorm = 0.3518, lr_0 = 5.4511e-04
Loss = 4.7097e-01, PNorm = 47.8526, GNorm = 0.5609, lr_0 = 5.3313e-04
Loss = 4.8156e-01, PNorm = 47.9210, GNorm = 0.5094, lr_0 = 5.2141e-04
Loss = 4.3194e-01, PNorm = 47.9842, GNorm = 0.3416, lr_0 = 5.0995e-04
Validation auc = 0.639598
Epoch 10
Loss = 4.6687e-01, PNorm = 48.0587, GNorm = 0.5604, lr_0 = 4.9764e-04
Loss = 4.1599e-01, PNorm = 48.1207, GNorm = 0.2831, lr_0 = 4.8670e-04
Loss = 4.4613e-01, PNorm = 48.1810, GNorm = 0.5077, lr_0 = 4.7600e-04
Loss = 4.3586e-01, PNorm = 48.2280, GNorm = 0.5408, lr_0 = 4.6554e-04
Loss = 4.1781e-01, PNorm = 48.2326, GNorm = 0.4994, lr_0 = 4.6450e-04
Validation auc = 0.649291
Epoch 11
Loss = 4.8421e-01, PNorm = 48.2996, GNorm = 0.5321, lr_0 = 4.5429e-04
Loss = 4.2636e-01, PNorm = 48.3534, GNorm = 0.5992, lr_0 = 4.4431e-04
Loss = 3.8404e-01, PNorm = 48.4044, GNorm = 0.4156, lr_0 = 4.3454e-04
Validation auc = 0.647163
Epoch 12
Loss = 4.2151e-01, PNorm = 48.4708, GNorm = 0.5936, lr_0 = 4.2499e-04
Loss = 4.3454e-01, PNorm = 48.5442, GNorm = 1.0796, lr_0 = 4.1565e-04
Loss = 4.2508e-01, PNorm = 48.5950, GNorm = 0.3198, lr_0 = 4.0651e-04
Loss = 4.4607e-01, PNorm = 48.6484, GNorm = 0.4085, lr_0 = 3.9758e-04
Validation auc = 0.665130
Epoch 13
Loss = 4.7466e-01, PNorm = 48.7052, GNorm = 0.3316, lr_0 = 3.8797e-04
Loss = 4.1286e-01, PNorm = 48.7609, GNorm = 0.4166, lr_0 = 3.7945e-04
Loss = 3.9342e-01, PNorm = 48.8183, GNorm = 0.4613, lr_0 = 3.7111e-04
Loss = 4.3822e-01, PNorm = 48.8617, GNorm = 0.4251, lr_0 = 3.6295e-04
Validation auc = 0.659811
Epoch 14
Loss = 4.2914e-01, PNorm = 48.9171, GNorm = 0.4874, lr_0 = 3.5497e-04
Loss = 3.9345e-01, PNorm = 48.9673, GNorm = 0.4670, lr_0 = 3.4717e-04
Loss = 4.1329e-01, PNorm = 49.0160, GNorm = 0.7299, lr_0 = 3.3954e-04
Loss = 4.3547e-01, PNorm = 49.0629, GNorm = 0.3681, lr_0 = 3.3207e-04
Loss = 5.4806e-01, PNorm = 49.0657, GNorm = 0.8317, lr_0 = 3.3134e-04
Validation auc = 0.668440
Epoch 15
Loss = 3.9992e-01, PNorm = 49.1081, GNorm = 0.3658, lr_0 = 3.2405e-04
Loss = 4.2902e-01, PNorm = 49.1446, GNorm = 0.4745, lr_0 = 3.1693e-04
Loss = 4.1856e-01, PNorm = 49.1921, GNorm = 0.8658, lr_0 = 3.0997e-04
Validation auc = 0.652009
Epoch 16
Loss = 3.9345e-01, PNorm = 49.2309, GNorm = 0.5486, lr_0 = 3.0248e-04
Loss = 3.8272e-01, PNorm = 49.2725, GNorm = 0.5120, lr_0 = 2.9583e-04
Loss = 3.9548e-01, PNorm = 49.3068, GNorm = 0.6054, lr_0 = 2.8933e-04
Loss = 4.0539e-01, PNorm = 49.3499, GNorm = 0.6939, lr_0 = 2.8297e-04
Validation auc = 0.659574
Epoch 17
Loss = 4.0714e-01, PNorm = 49.3855, GNorm = 0.7975, lr_0 = 2.7675e-04
Loss = 4.1230e-01, PNorm = 49.4225, GNorm = 0.9470, lr_0 = 2.7067e-04
Loss = 4.0245e-01, PNorm = 49.4561, GNorm = 0.4209, lr_0 = 2.6472e-04
Loss = 4.0827e-01, PNorm = 49.4932, GNorm = 0.3780, lr_0 = 2.5890e-04
Validation auc = 0.681915
Epoch 18
Loss = 3.4721e-01, PNorm = 49.5351, GNorm = 0.5060, lr_0 = 2.5264e-04
Loss = 4.1926e-01, PNorm = 49.5719, GNorm = 0.9476, lr_0 = 2.4709e-04
Loss = 3.6887e-01, PNorm = 49.6134, GNorm = 1.0980, lr_0 = 2.4166e-04
Validation auc = 0.668794
Epoch 19
Loss = 3.2290e-01, PNorm = 49.6380, GNorm = 0.4332, lr_0 = 2.3582e-04
Loss = 4.0688e-01, PNorm = 49.6765, GNorm = 0.6017, lr_0 = 2.3064e-04
Loss = 3.7421e-01, PNorm = 49.7098, GNorm = 0.7083, lr_0 = 2.2557e-04
Loss = 4.1012e-01, PNorm = 49.7379, GNorm = 1.0864, lr_0 = 2.2061e-04
Validation auc = 0.687470
Epoch 20
Loss = 4.4359e-01, PNorm = 49.7595, GNorm = 0.6147, lr_0 = 2.1576e-04
Loss = 3.5642e-01, PNorm = 49.7834, GNorm = 0.6476, lr_0 = 2.1102e-04
Loss = 3.6298e-01, PNorm = 49.8122, GNorm = 0.7169, lr_0 = 2.0638e-04
Loss = 4.0266e-01, PNorm = 49.8347, GNorm = 0.4198, lr_0 = 2.0185e-04
Validation auc = 0.679905
Epoch 21
Loss = 3.5214e-01, PNorm = 49.8683, GNorm = 0.2622, lr_0 = 1.9697e-04
Loss = 3.8022e-01, PNorm = 49.8943, GNorm = 0.3813, lr_0 = 1.9264e-04
Loss = 3.7787e-01, PNorm = 49.9218, GNorm = 0.5474, lr_0 = 1.8841e-04
Loss = 4.0015e-01, PNorm = 49.9429, GNorm = 0.4935, lr_0 = 1.8427e-04
Validation auc = 0.681206
Epoch 22
Loss = 3.6436e-01, PNorm = 49.9761, GNorm = 0.6846, lr_0 = 1.7982e-04
Loss = 3.8424e-01, PNorm = 49.9977, GNorm = 0.6372, lr_0 = 1.7586e-04
Loss = 3.5275e-01, PNorm = 50.0228, GNorm = 0.4760, lr_0 = 1.7200e-04
Validation auc = 0.690071
Epoch 23
Loss = 3.4447e-01, PNorm = 50.0438, GNorm = 0.4687, lr_0 = 1.6822e-04
Loss = 3.4013e-01, PNorm = 50.0688, GNorm = 1.0377, lr_0 = 1.6452e-04
Loss = 3.9655e-01, PNorm = 50.0892, GNorm = 0.7349, lr_0 = 1.6090e-04
Loss = 4.3764e-01, PNorm = 50.1086, GNorm = 0.6433, lr_0 = 1.5737e-04
Validation auc = 0.694090
Epoch 24
Loss = 3.7257e-01, PNorm = 50.1422, GNorm = 0.9347, lr_0 = 1.5357e-04
Loss = 4.1445e-01, PNorm = 50.1570, GNorm = 1.0707, lr_0 = 1.5019e-04
Loss = 3.8414e-01, PNorm = 50.1831, GNorm = 0.5165, lr_0 = 1.4689e-04
Loss = 3.5330e-01, PNorm = 50.2004, GNorm = 0.4585, lr_0 = 1.4366e-04
Validation auc = 0.684515
Epoch 25
Loss = 3.8529e-01, PNorm = 50.2174, GNorm = 0.5107, lr_0 = 1.4050e-04
Loss = 3.5433e-01, PNorm = 50.2437, GNorm = 1.0909, lr_0 = 1.3741e-04
Loss = 4.1941e-01, PNorm = 50.2568, GNorm = 0.5238, lr_0 = 1.3439e-04
Loss = 3.4765e-01, PNorm = 50.2765, GNorm = 0.6588, lr_0 = 1.3144e-04
Validation auc = 0.691726
Epoch 26
Loss = 3.5619e-01, PNorm = 50.2923, GNorm = 0.5435, lr_0 = 1.2826e-04
Loss = 3.6966e-01, PNorm = 50.3095, GNorm = 0.7441, lr_0 = 1.2545e-04
Loss = 3.8998e-01, PNorm = 50.3257, GNorm = 0.6814, lr_0 = 1.2269e-04
Validation auc = 0.697754
Epoch 27
Loss = 3.2831e-01, PNorm = 50.3428, GNorm = 0.5023, lr_0 = 1.1973e-04
Loss = 3.5141e-01, PNorm = 50.3556, GNorm = 0.7366, lr_0 = 1.1709e-04
Loss = 3.8624e-01, PNorm = 50.3715, GNorm = 0.7735, lr_0 = 1.1452e-04
Loss = 3.3860e-01, PNorm = 50.3892, GNorm = 1.1892, lr_0 = 1.1200e-04
Validation auc = 0.702482
Epoch 28
Loss = 3.0478e-01, PNorm = 50.4026, GNorm = 0.6179, lr_0 = 1.0954e-04
Loss = 3.6330e-01, PNorm = 50.4170, GNorm = 0.5419, lr_0 = 1.0713e-04
Loss = 3.4003e-01, PNorm = 50.4335, GNorm = 1.1298, lr_0 = 1.0478e-04
Loss = 3.9128e-01, PNorm = 50.4443, GNorm = 0.5618, lr_0 = 1.0247e-04
Validation auc = 0.704846
Epoch 29
Loss = 3.4821e-01, PNorm = 50.4627, GNorm = 0.7802, lr_0 = 1.0000e-04
Loss = 3.6937e-01, PNorm = 50.4728, GNorm = 0.7294, lr_0 = 1.0000e-04
Loss = 3.4347e-01, PNorm = 50.4854, GNorm = 0.5435, lr_0 = 1.0000e-04
Loss = 3.6560e-01, PNorm = 50.5024, GNorm = 0.6802, lr_0 = 1.0000e-04
Loss = 5.7343e-01, PNorm = 50.5036, GNorm = 1.2774, lr_0 = 1.0000e-04
Validation auc = 0.702955
Model 0 best validation auc = 0.704846 on epoch 28
Loading pretrained parameter "encoder.encoder.0.cached_zero_vector".
Loading pretrained parameter "encoder.encoder.0.W_i.weight".
Loading pretrained parameter "encoder.encoder.0.W_h.weight".
Loading pretrained parameter "encoder.encoder.0.W_o.weight".
Loading pretrained parameter "encoder.encoder.0.W_o.bias".
Loading pretrained parameter "readout.1.weight".
Loading pretrained parameter "readout.1.bias".
Model 0 test auc = 0.738537
Ensemble test auc = 0.738537
1-fold cross validation
	Seed 6 ==> test auc = 0.738537
Overall test auc = 0.738537 +/- 0.000000
Elapsed time = 1:03:09
