Command line
python /Users/felix/anaconda3/envs/chemprop/bin/chemprop_train --data_path hep.csv --dataset_type classification --config_path hyperparameters_hep.json --save_dir checkpoints_hep/0 --ensemble_size 1 --seed 0
Args
{'activation': 'ReLU',
 'adding_bond_types': True,
 'adding_h': False,
 'aggregation': 'mean',
 'aggregation_norm': 100,
 'atom_constraints': [],
 'atom_descriptor_scaling': True,
 'atom_descriptors': None,
 'atom_descriptors_path': None,
 'atom_descriptors_size': 0,
 'atom_features_size': 0,
 'atom_messages': False,
 'atom_targets': [],
 'batch_size': 50,
 'bias': False,
 'bias_solvent': False,
 'bond_constraints': [],
 'bond_descriptor_scaling': True,
 'bond_descriptors': None,
 'bond_descriptors_path': None,
 'bond_descriptors_size': 0,
 'bond_features_size': 0,
 'bond_targets': [],
 'cache_cutoff': 10000,
 'checkpoint_dir': None,
 'checkpoint_frzn': None,
 'checkpoint_path': None,
 'checkpoint_paths': None,
 'class_balance': False,
 'config_path': 'hyperparameters_hep.json',
 'constraints_path': None,
 'crossval_index_dir': None,
 'crossval_index_file': None,
 'crossval_index_sets': None,
 'cuda': False,
 'data_path': 'hep.csv',
 'data_weights_path': None,
 'dataset_type': 'classification',
 'depth': 3,
 'depth_solvent': 3,
 'device': device(type='cpu'),
 'dropout': 0.25,
 'empty_cache': False,
 'ensemble_size': 1,
 'epochs': 30,
 'evidential_regularization': 0,
 'explicit_h': False,
 'extra_metrics': [],
 'features_generator': None,
 'features_only': False,
 'features_path': None,
 'features_scaling': True,
 'features_size': None,
 'ffn_hidden_size': 900,
 'ffn_num_layers': 1,
 'final_lr': 0.0001,
 'folds_file': None,
 'freeze_first_only': False,
 'frzn_ffn_layers': 0,
 'gpu': None,
 'grad_clip': None,
 'hidden_size': 900,
 'hidden_size_solvent': 300,
 'ignore_columns': None,
 'ignore_nan_metrics': False,
 'init_lr': 0.0001,
 'is_atom_bond_targets': False,
 'keeping_atom_map': False,
 'log_frequency': 10,
 'loss_function': 'binary_cross_entropy',
 'max_data_size': None,
 'max_lr': 0.001,
 'metric': 'auc',
 'metrics': ['auc'],
 'minimize_score': False,
 'mpn_shared': False,
 'multiclass_num_classes': 3,
 'no_adding_bond_types': False,
 'no_atom_descriptor_scaling': False,
 'no_bond_descriptor_scaling': False,
 'no_cache_mol': False,
 'no_cuda': False,
 'no_features_scaling': False,
 'no_shared_atom_bond_ffn': False,
 'num_folds': 1,
 'num_lrs': 1,
 'num_tasks': 1,
 'num_workers': 8,
 'number_of_molecules': 1,
 'overwrite_default_atom_features': False,
 'overwrite_default_bond_features': False,
 'phase_features_path': None,
 'pytorch_seed': 0,
 'quantile_loss_alpha': 0.1,
 'quantiles': [],
 'quiet': False,
 'reaction': False,
 'reaction_mode': 'reac_diff',
 'reaction_solvent': False,
 'resume_experiment': False,
 'save_dir': 'checkpoints_hep/0',
 'save_preds': False,
 'save_smiles_splits': False,
 'seed': 0,
 'separate_test_atom_descriptors_path': None,
 'separate_test_bond_descriptors_path': None,
 'separate_test_constraints_path': None,
 'separate_test_features_path': None,
 'separate_test_path': None,
 'separate_test_phase_features_path': None,
 'separate_val_atom_descriptors_path': None,
 'separate_val_bond_descriptors_path': None,
 'separate_val_constraints_path': None,
 'separate_val_features_path': None,
 'separate_val_path': None,
 'separate_val_phase_features_path': None,
 'shared_atom_bond_ffn': True,
 'show_individual_scores': False,
 'smiles_columns': ['\ufeffSMILES'],
 'spectra_activation': 'exp',
 'spectra_phase_mask_path': None,
 'spectra_target_floor': 1e-08,
 'split_key_molecule': 0,
 'split_sizes': [0.8, 0.1, 0.1],
 'split_type': 'random',
 'target_columns': None,
 'target_weights': None,
 'task_names': ['ACTIVITY'],
 'test': False,
 'test_fold_index': None,
 'train_data_size': None,
 'undirected': False,
 'use_input_features': False,
 'val_fold_index': None,
 'warmup_epochs': 2.0,
 'weights_ffn_num_layers': 2}
Setting molecule featurization parameters to default.
Loading data
Number of tasks = 1
Fold 0
Splitting data with seed 0
Class sizes
ACTIVITY 0: 79.44%, 1: 20.56%
Total size = 2,335 | train size = 1,868 | val size = 233 | test size = 234
Building model 0
MoleculeModel(
  (sigmoid): Sigmoid()
  (encoder): MPN(
    (encoder): ModuleList(
      (0): MPNEncoder(
        (dropout): Dropout(p=0.25, inplace=False)
        (act_func): ReLU()
        (W_i): Linear(in_features=147, out_features=900, bias=False)
        (W_h): Linear(in_features=900, out_features=900, bias=False)
        (W_o): Linear(in_features=1033, out_features=900, bias=True)
      )
    )
  )
  (readout): Sequential(
    (0): Dropout(p=0.25, inplace=False)
    (1): Linear(in_features=900, out_features=1, bias=True)
  )
)
Number of parameters = 1,874,701
Epoch 0
Loss = 5.3448e-01, PNorm = 46.0211, GNorm = 0.5527, lr_0 = 2.3378e-04
Loss = 5.3536e-01, PNorm = 46.0321, GNorm = 0.4987, lr_0 = 3.5541e-04
Loss = 5.2170e-01, PNorm = 46.0475, GNorm = 1.3703, lr_0 = 4.7703e-04
Validation auc = 0.611937
Epoch 1
Loss = 4.8317e-01, PNorm = 46.0761, GNorm = 0.6854, lr_0 = 6.1081e-04
Loss = 5.3120e-01, PNorm = 46.1064, GNorm = 0.4008, lr_0 = 7.3243e-04
Loss = 5.1614e-01, PNorm = 46.1528, GNorm = 0.6872, lr_0 = 8.5405e-04
Loss = 4.8751e-01, PNorm = 46.2054, GNorm = 0.2592, lr_0 = 9.7568e-04
Validation auc = 0.620125
Epoch 2
Loss = 5.5101e-01, PNorm = 46.2625, GNorm = 0.4838, lr_0 = 9.8020e-04
Loss = 5.5584e-01, PNorm = 46.3131, GNorm = 0.2053, lr_0 = 9.5865e-04
Loss = 4.7385e-01, PNorm = 46.3639, GNorm = 0.2128, lr_0 = 9.3758e-04
Loss = 4.2537e-01, PNorm = 46.4211, GNorm = 0.6251, lr_0 = 9.1697e-04
Validation auc = 0.627236
Epoch 3
Loss = 4.7587e-01, PNorm = 46.4490, GNorm = 0.3598, lr_0 = 8.9681e-04
Loss = 4.7462e-01, PNorm = 46.5002, GNorm = 0.5049, lr_0 = 8.7710e-04
Loss = 4.6992e-01, PNorm = 46.5260, GNorm = 0.3192, lr_0 = 8.5782e-04
Validation auc = 0.636608
Epoch 4
Loss = 5.0442e-01, PNorm = 46.5623, GNorm = 0.1899, lr_0 = 8.3710e-04
Loss = 4.9387e-01, PNorm = 46.6007, GNorm = 0.1848, lr_0 = 8.1870e-04
Loss = 4.9658e-01, PNorm = 46.6291, GNorm = 0.3255, lr_0 = 8.0071e-04
Loss = 4.7679e-01, PNorm = 46.6681, GNorm = 0.2209, lr_0 = 7.8311e-04
Validation auc = 0.640487
Epoch 5
Loss = 4.8226e-01, PNorm = 46.7164, GNorm = 0.2220, lr_0 = 7.6420e-04
Loss = 4.9463e-01, PNorm = 46.7664, GNorm = 0.3658, lr_0 = 7.4740e-04
Loss = 5.0052e-01, PNorm = 46.8294, GNorm = 0.4213, lr_0 = 7.3097e-04
Loss = 4.5842e-01, PNorm = 46.8732, GNorm = 0.9425, lr_0 = 7.1490e-04
Validation auc = 0.651799
Epoch 6
Loss = 4.8975e-01, PNorm = 46.9123, GNorm = 0.1971, lr_0 = 6.9919e-04
Loss = 5.1751e-01, PNorm = 46.9607, GNorm = 0.2193, lr_0 = 6.8382e-04
Loss = 4.7273e-01, PNorm = 47.0309, GNorm = 0.1534, lr_0 = 6.6879e-04
Loss = 4.2909e-01, PNorm = 47.0779, GNorm = 0.4509, lr_0 = 6.5409e-04
Validation auc = 0.663435
Epoch 7
Loss = 4.7763e-01, PNorm = 47.1264, GNorm = 0.2372, lr_0 = 6.3829e-04
Loss = 4.8958e-01, PNorm = 47.1897, GNorm = 0.7609, lr_0 = 6.2426e-04
Loss = 4.5836e-01, PNorm = 47.2522, GNorm = 0.4885, lr_0 = 6.1054e-04
Validation auc = 0.675393
Epoch 8
Loss = 4.0493e-01, PNorm = 47.3224, GNorm = 0.2465, lr_0 = 5.9579e-04
Loss = 4.6297e-01, PNorm = 47.3961, GNorm = 0.2514, lr_0 = 5.8270e-04
Loss = 4.4908e-01, PNorm = 47.4662, GNorm = 0.3095, lr_0 = 5.6989e-04
Loss = 4.7031e-01, PNorm = 47.5532, GNorm = 0.2930, lr_0 = 5.5736e-04
Validation auc = 0.679379
Epoch 9
Loss = 4.0586e-01, PNorm = 47.6341, GNorm = 0.3237, lr_0 = 5.4511e-04
Loss = 5.1830e-01, PNorm = 47.6887, GNorm = 0.4049, lr_0 = 5.3313e-04
Loss = 4.4706e-01, PNorm = 47.7706, GNorm = 0.3576, lr_0 = 5.2141e-04
Loss = 4.3755e-01, PNorm = 47.8428, GNorm = 0.4032, lr_0 = 5.0995e-04
Validation auc = 0.691769
Epoch 10
Loss = 4.9612e-01, PNorm = 47.9141, GNorm = 0.3452, lr_0 = 4.9764e-04
Loss = 4.3976e-01, PNorm = 47.9928, GNorm = 0.2759, lr_0 = 4.8670e-04
Loss = 4.6871e-01, PNorm = 48.0764, GNorm = 0.6177, lr_0 = 4.7600e-04
Loss = 3.8813e-01, PNorm = 48.1459, GNorm = 0.3537, lr_0 = 4.6554e-04
Loss = 3.9683e-01, PNorm = 48.1518, GNorm = 0.5416, lr_0 = 4.6450e-04
Validation auc = 0.692200
Epoch 11
Loss = 4.6135e-01, PNorm = 48.2043, GNorm = 0.3516, lr_0 = 4.5429e-04
Loss = 4.5938e-01, PNorm = 48.2514, GNorm = 0.2775, lr_0 = 4.4431e-04
Loss = 4.4555e-01, PNorm = 48.3181, GNorm = 0.4593, lr_0 = 4.3454e-04
Validation auc = 0.686490
Epoch 12
Loss = 3.9183e-01, PNorm = 48.3803, GNorm = 0.6597, lr_0 = 4.2499e-04
Loss = 4.5344e-01, PNorm = 48.4409, GNorm = 0.3717, lr_0 = 4.1565e-04
Loss = 4.1176e-01, PNorm = 48.5119, GNorm = 0.3363, lr_0 = 4.0651e-04
Loss = 4.5475e-01, PNorm = 48.5631, GNorm = 0.8544, lr_0 = 3.9758e-04
Validation auc = 0.700172
Epoch 13
Loss = 4.7171e-01, PNorm = 48.6206, GNorm = 0.4501, lr_0 = 3.8797e-04
Loss = 4.0830e-01, PNorm = 48.6838, GNorm = 0.3320, lr_0 = 3.7945e-04
Loss = 4.2591e-01, PNorm = 48.7374, GNorm = 0.3901, lr_0 = 3.7111e-04
Loss = 4.3294e-01, PNorm = 48.7915, GNorm = 0.9428, lr_0 = 3.6295e-04
Validation auc = 0.708253
Epoch 14
Loss = 3.7781e-01, PNorm = 48.8478, GNorm = 0.4235, lr_0 = 3.5497e-04
Loss = 4.1234e-01, PNorm = 48.9000, GNorm = 0.3249, lr_0 = 3.4717e-04
Loss = 4.3091e-01, PNorm = 48.9540, GNorm = 0.3895, lr_0 = 3.3954e-04
Loss = 4.2182e-01, PNorm = 49.0126, GNorm = 0.3084, lr_0 = 3.3207e-04
Loss = 6.1478e-01, PNorm = 49.0171, GNorm = 0.8197, lr_0 = 3.3134e-04
Validation auc = 0.712023
Epoch 15
Loss = 3.6163e-01, PNorm = 49.0688, GNorm = 0.5000, lr_0 = 3.2405e-04
Loss = 4.2337e-01, PNorm = 49.1178, GNorm = 0.8245, lr_0 = 3.1693e-04
Loss = 4.1875e-01, PNorm = 49.1585, GNorm = 0.5266, lr_0 = 3.0997e-04
Validation auc = 0.700819
Epoch 16
Loss = 4.2272e-01, PNorm = 49.2098, GNorm = 0.5026, lr_0 = 3.0248e-04
Loss = 3.8639e-01, PNorm = 49.2612, GNorm = 0.9011, lr_0 = 2.9583e-04
Loss = 4.1911e-01, PNorm = 49.3089, GNorm = 0.5041, lr_0 = 2.8933e-04
Loss = 4.0011e-01, PNorm = 49.3479, GNorm = 0.8729, lr_0 = 2.8297e-04
Validation auc = 0.711485
Epoch 17
Loss = 3.5536e-01, PNorm = 49.3896, GNorm = 0.7296, lr_0 = 2.7675e-04
Loss = 4.1690e-01, PNorm = 49.4348, GNorm = 0.7787, lr_0 = 2.7067e-04
Loss = 3.6757e-01, PNorm = 49.4807, GNorm = 0.8959, lr_0 = 2.6472e-04
Loss = 4.4388e-01, PNorm = 49.5125, GNorm = 0.4075, lr_0 = 2.5890e-04
Validation auc = 0.710300
Epoch 18
Loss = 3.7281e-01, PNorm = 49.5507, GNorm = 0.3500, lr_0 = 2.5264e-04
Loss = 4.1135e-01, PNorm = 49.5948, GNorm = 0.6476, lr_0 = 2.4709e-04
Loss = 4.1114e-01, PNorm = 49.6362, GNorm = 0.3716, lr_0 = 2.4166e-04
Validation auc = 0.719888
Epoch 19
Loss = 3.5093e-01, PNorm = 49.6771, GNorm = 0.9156, lr_0 = 2.3582e-04
Loss = 3.7746e-01, PNorm = 49.6993, GNorm = 0.4593, lr_0 = 2.3064e-04
Loss = 3.9567e-01, PNorm = 49.7290, GNorm = 0.9985, lr_0 = 2.2557e-04
Loss = 3.6660e-01, PNorm = 49.7655, GNorm = 0.7451, lr_0 = 2.2061e-04
Validation auc = 0.728507
Epoch 20
Loss = 4.0776e-01, PNorm = 49.7987, GNorm = 0.8670, lr_0 = 2.1576e-04
Loss = 3.6636e-01, PNorm = 49.8403, GNorm = 0.5157, lr_0 = 2.1102e-04
Loss = 3.9680e-01, PNorm = 49.8770, GNorm = 0.6197, lr_0 = 2.0638e-04
Loss = 3.6399e-01, PNorm = 49.9097, GNorm = 0.7677, lr_0 = 2.0185e-04
Validation auc = 0.722150
Epoch 21
Loss = 3.5497e-01, PNorm = 49.9409, GNorm = 0.7389, lr_0 = 1.9697e-04
Loss = 3.6828e-01, PNorm = 49.9682, GNorm = 0.6097, lr_0 = 1.9264e-04
Loss = 3.8918e-01, PNorm = 49.9911, GNorm = 0.4992, lr_0 = 1.8841e-04
Loss = 3.8551e-01, PNorm = 50.0176, GNorm = 0.4817, lr_0 = 1.8427e-04
Validation auc = 0.726568
Epoch 22
Loss = 3.8438e-01, PNorm = 50.0509, GNorm = 0.4823, lr_0 = 1.7982e-04
Loss = 3.7769e-01, PNorm = 50.0783, GNorm = 0.4215, lr_0 = 1.7586e-04
Loss = 3.5524e-01, PNorm = 50.1043, GNorm = 0.5075, lr_0 = 1.7200e-04
Validation auc = 0.714717
Epoch 23
Loss = 3.8456e-01, PNorm = 50.1291, GNorm = 0.4756, lr_0 = 1.6822e-04
Loss = 3.7253e-01, PNorm = 50.1564, GNorm = 0.5368, lr_0 = 1.6452e-04
Loss = 3.3123e-01, PNorm = 50.1804, GNorm = 0.5133, lr_0 = 1.6090e-04
Loss = 3.9083e-01, PNorm = 50.1993, GNorm = 0.9385, lr_0 = 1.5737e-04
Validation auc = 0.719996
Epoch 24
Loss = 3.6311e-01, PNorm = 50.2299, GNorm = 0.6133, lr_0 = 1.5357e-04
Loss = 3.8716e-01, PNorm = 50.2528, GNorm = 1.1422, lr_0 = 1.5019e-04
Loss = 3.7439e-01, PNorm = 50.2798, GNorm = 0.6186, lr_0 = 1.4689e-04
Loss = 3.2204e-01, PNorm = 50.2998, GNorm = 0.6878, lr_0 = 1.4366e-04
Validation auc = 0.727537
Epoch 25
Loss = 3.3661e-01, PNorm = 50.3237, GNorm = 0.6237, lr_0 = 1.4050e-04
Loss = 3.3634e-01, PNorm = 50.3427, GNorm = 0.7966, lr_0 = 1.3741e-04
Loss = 3.7160e-01, PNorm = 50.3637, GNorm = 0.5174, lr_0 = 1.3439e-04
Loss = 3.7455e-01, PNorm = 50.3811, GNorm = 0.6016, lr_0 = 1.3144e-04
Validation auc = 0.723120
Epoch 26
Loss = 3.6522e-01, PNorm = 50.4008, GNorm = 0.5480, lr_0 = 1.2826e-04
Loss = 3.1202e-01, PNorm = 50.4233, GNorm = 0.5922, lr_0 = 1.2545e-04
Loss = 3.7057e-01, PNorm = 50.4366, GNorm = 1.2707, lr_0 = 1.2269e-04
Validation auc = 0.724090
Epoch 27
Loss = 3.2845e-01, PNorm = 50.4580, GNorm = 0.4443, lr_0 = 1.1973e-04
Loss = 3.6566e-01, PNorm = 50.4717, GNorm = 0.7804, lr_0 = 1.1709e-04
Loss = 3.3272e-01, PNorm = 50.4941, GNorm = 0.4589, lr_0 = 1.1452e-04
Loss = 3.5432e-01, PNorm = 50.5118, GNorm = 0.6239, lr_0 = 1.1200e-04
Validation auc = 0.725275
Epoch 28
Loss = 3.6011e-01, PNorm = 50.5302, GNorm = 0.6484, lr_0 = 1.0954e-04
Loss = 3.2818e-01, PNorm = 50.5444, GNorm = 0.5770, lr_0 = 1.0713e-04
Loss = 3.5427e-01, PNorm = 50.5611, GNorm = 0.7322, lr_0 = 1.0478e-04
Loss = 3.2531e-01, PNorm = 50.5778, GNorm = 1.1311, lr_0 = 1.0247e-04
Validation auc = 0.729153
Epoch 29
Loss = 3.1034e-01, PNorm = 50.5940, GNorm = 0.6132, lr_0 = 1.0000e-04
Loss = 3.6361e-01, PNorm = 50.6053, GNorm = 1.8296, lr_0 = 1.0000e-04
Loss = 3.3463e-01, PNorm = 50.6244, GNorm = 1.7317, lr_0 = 1.0000e-04
Loss = 3.6170e-01, PNorm = 50.6355, GNorm = 0.7254, lr_0 = 1.0000e-04
Loss = 2.7478e-01, PNorm = 50.6371, GNorm = 1.5148, lr_0 = 1.0000e-04
Validation auc = 0.733786
Model 0 best validation auc = 0.733786 on epoch 29
Loading pretrained parameter "encoder.encoder.0.cached_zero_vector".
Loading pretrained parameter "encoder.encoder.0.W_i.weight".
Loading pretrained parameter "encoder.encoder.0.W_h.weight".
Loading pretrained parameter "encoder.encoder.0.W_o.weight".
Loading pretrained parameter "encoder.encoder.0.W_o.bias".
Loading pretrained parameter "readout.1.weight".
Loading pretrained parameter "readout.1.bias".
Model 0 test auc = 0.748497
Ensemble test auc = 0.748497
1-fold cross validation
	Seed 0 ==> test auc = 0.748497
Overall test auc = 0.748497 +/- 0.000000
Elapsed time = 1:04:49
