Command line
python /Users/felix/anaconda3/envs/chemprop/bin/chemprop_train --data_path hep.csv --dataset_type classification --config_path hyperparameters_hep.json --save_dir checkpoints_hep/5 --ensemble_size 1 --seed 5
Args
{'activation': 'ReLU',
 'adding_bond_types': True,
 'adding_h': False,
 'aggregation': 'mean',
 'aggregation_norm': 100,
 'atom_constraints': [],
 'atom_descriptor_scaling': True,
 'atom_descriptors': None,
 'atom_descriptors_path': None,
 'atom_descriptors_size': 0,
 'atom_features_size': 0,
 'atom_messages': False,
 'atom_targets': [],
 'batch_size': 50,
 'bias': False,
 'bias_solvent': False,
 'bond_constraints': [],
 'bond_descriptor_scaling': True,
 'bond_descriptors': None,
 'bond_descriptors_path': None,
 'bond_descriptors_size': 0,
 'bond_features_size': 0,
 'bond_targets': [],
 'cache_cutoff': 10000,
 'checkpoint_dir': None,
 'checkpoint_frzn': None,
 'checkpoint_path': None,
 'checkpoint_paths': None,
 'class_balance': False,
 'config_path': 'hyperparameters_hep.json',
 'constraints_path': None,
 'crossval_index_dir': None,
 'crossval_index_file': None,
 'crossval_index_sets': None,
 'cuda': False,
 'data_path': 'hep.csv',
 'data_weights_path': None,
 'dataset_type': 'classification',
 'depth': 3,
 'depth_solvent': 3,
 'device': device(type='cpu'),
 'dropout': 0.25,
 'empty_cache': False,
 'ensemble_size': 1,
 'epochs': 30,
 'evidential_regularization': 0,
 'explicit_h': False,
 'extra_metrics': [],
 'features_generator': None,
 'features_only': False,
 'features_path': None,
 'features_scaling': True,
 'features_size': None,
 'ffn_hidden_size': 900,
 'ffn_num_layers': 1,
 'final_lr': 0.0001,
 'folds_file': None,
 'freeze_first_only': False,
 'frzn_ffn_layers': 0,
 'gpu': None,
 'grad_clip': None,
 'hidden_size': 900,
 'hidden_size_solvent': 300,
 'ignore_columns': None,
 'ignore_nan_metrics': False,
 'init_lr': 0.0001,
 'is_atom_bond_targets': False,
 'keeping_atom_map': False,
 'log_frequency': 10,
 'loss_function': 'binary_cross_entropy',
 'max_data_size': None,
 'max_lr': 0.001,
 'metric': 'auc',
 'metrics': ['auc'],
 'minimize_score': False,
 'mpn_shared': False,
 'multiclass_num_classes': 3,
 'no_adding_bond_types': False,
 'no_atom_descriptor_scaling': False,
 'no_bond_descriptor_scaling': False,
 'no_cache_mol': False,
 'no_cuda': False,
 'no_features_scaling': False,
 'no_shared_atom_bond_ffn': False,
 'num_folds': 1,
 'num_lrs': 1,
 'num_tasks': 1,
 'num_workers': 8,
 'number_of_molecules': 1,
 'overwrite_default_atom_features': False,
 'overwrite_default_bond_features': False,
 'phase_features_path': None,
 'pytorch_seed': 0,
 'quantile_loss_alpha': 0.1,
 'quantiles': [],
 'quiet': False,
 'reaction': False,
 'reaction_mode': 'reac_diff',
 'reaction_solvent': False,
 'resume_experiment': False,
 'save_dir': 'checkpoints_hep/5',
 'save_preds': False,
 'save_smiles_splits': False,
 'seed': 5,
 'separate_test_atom_descriptors_path': None,
 'separate_test_bond_descriptors_path': None,
 'separate_test_constraints_path': None,
 'separate_test_features_path': None,
 'separate_test_path': None,
 'separate_test_phase_features_path': None,
 'separate_val_atom_descriptors_path': None,
 'separate_val_bond_descriptors_path': None,
 'separate_val_constraints_path': None,
 'separate_val_features_path': None,
 'separate_val_path': None,
 'separate_val_phase_features_path': None,
 'shared_atom_bond_ffn': True,
 'show_individual_scores': False,
 'smiles_columns': ['\ufeffSMILES'],
 'spectra_activation': 'exp',
 'spectra_phase_mask_path': None,
 'spectra_target_floor': 1e-08,
 'split_key_molecule': 0,
 'split_sizes': [0.8, 0.1, 0.1],
 'split_type': 'random',
 'target_columns': None,
 'target_weights': None,
 'task_names': ['ACTIVITY'],
 'test': False,
 'test_fold_index': None,
 'train_data_size': None,
 'undirected': False,
 'use_input_features': False,
 'val_fold_index': None,
 'warmup_epochs': 2.0,
 'weights_ffn_num_layers': 2}
Setting molecule featurization parameters to default.
Loading data
Number of tasks = 1
Fold 0
Splitting data with seed 5
Class sizes
ACTIVITY 0: 79.44%, 1: 20.56%
Total size = 2,335 | train size = 1,868 | val size = 233 | test size = 234
Building model 0
MoleculeModel(
  (sigmoid): Sigmoid()
  (encoder): MPN(
    (encoder): ModuleList(
      (0): MPNEncoder(
        (dropout): Dropout(p=0.25, inplace=False)
        (act_func): ReLU()
        (W_i): Linear(in_features=147, out_features=900, bias=False)
        (W_h): Linear(in_features=900, out_features=900, bias=False)
        (W_o): Linear(in_features=1033, out_features=900, bias=True)
      )
    )
  )
  (readout): Sequential(
    (0): Dropout(p=0.25, inplace=False)
    (1): Linear(in_features=900, out_features=1, bias=True)
  )
)
Number of parameters = 1,874,701
Epoch 0
Loss = 5.7274e-01, PNorm = 46.0214, GNorm = 1.4010, lr_0 = 2.3378e-04
Loss = 5.3421e-01, PNorm = 46.0332, GNorm = 0.3512, lr_0 = 3.5541e-04
Loss = 5.5651e-01, PNorm = 46.0485, GNorm = 0.8060, lr_0 = 4.7703e-04
Validation auc = 0.550570
Epoch 1
Loss = 5.4806e-01, PNorm = 46.0756, GNorm = 0.8792, lr_0 = 6.1081e-04
Loss = 4.6351e-01, PNorm = 46.1051, GNorm = 0.3630, lr_0 = 7.3243e-04
Loss = 5.3332e-01, PNorm = 46.1315, GNorm = 0.4771, lr_0 = 8.5405e-04
Loss = 5.0946e-01, PNorm = 46.1805, GNorm = 0.6340, lr_0 = 9.7568e-04
Validation auc = 0.550802
Epoch 2
Loss = 4.9028e-01, PNorm = 46.2344, GNorm = 0.6443, lr_0 = 9.8020e-04
Loss = 5.1634e-01, PNorm = 46.2722, GNorm = 0.2543, lr_0 = 9.5865e-04
Loss = 4.9215e-01, PNorm = 46.3121, GNorm = 0.3821, lr_0 = 9.3758e-04
Loss = 5.0721e-01, PNorm = 46.3519, GNorm = 0.4169, lr_0 = 9.1697e-04
Validation auc = 0.580795
Epoch 3
Loss = 5.1321e-01, PNorm = 46.4026, GNorm = 0.5042, lr_0 = 8.9681e-04
Loss = 4.7974e-01, PNorm = 46.4499, GNorm = 0.2733, lr_0 = 8.7710e-04
Loss = 5.3343e-01, PNorm = 46.4767, GNorm = 0.2221, lr_0 = 8.5782e-04
Validation auc = 0.591607
Epoch 4
Loss = 5.2962e-01, PNorm = 46.5344, GNorm = 0.2992, lr_0 = 8.3710e-04
Loss = 4.8023e-01, PNorm = 46.5747, GNorm = 0.1634, lr_0 = 8.1870e-04
Loss = 4.6782e-01, PNorm = 46.6197, GNorm = 0.3830, lr_0 = 8.0071e-04
Loss = 5.2747e-01, PNorm = 46.6514, GNorm = 0.2286, lr_0 = 7.8311e-04
Validation auc = 0.603116
Epoch 5
Loss = 4.9985e-01, PNorm = 46.7069, GNorm = 0.1871, lr_0 = 7.6420e-04
Loss = 5.0770e-01, PNorm = 46.7577, GNorm = 0.3030, lr_0 = 7.4740e-04
Loss = 4.7403e-01, PNorm = 46.8195, GNorm = 0.6590, lr_0 = 7.3097e-04
Loss = 4.7627e-01, PNorm = 46.8752, GNorm = 0.1755, lr_0 = 7.1490e-04
Validation auc = 0.629737
Epoch 6
Loss = 5.0190e-01, PNorm = 46.9173, GNorm = 0.2725, lr_0 = 6.9919e-04
Loss = 4.9414e-01, PNorm = 46.9768, GNorm = 0.4175, lr_0 = 6.8382e-04
Loss = 4.7997e-01, PNorm = 47.0338, GNorm = 0.2389, lr_0 = 6.6879e-04
Loss = 4.8180e-01, PNorm = 47.0882, GNorm = 0.6338, lr_0 = 6.5409e-04
Validation auc = 0.637294
Epoch 7
Loss = 5.0630e-01, PNorm = 47.1495, GNorm = 0.1927, lr_0 = 6.3829e-04
Loss = 4.5192e-01, PNorm = 47.2152, GNorm = 0.2512, lr_0 = 6.2426e-04
Loss = 4.7049e-01, PNorm = 47.2679, GNorm = 0.2565, lr_0 = 6.1054e-04
Validation auc = 0.662288
Epoch 8
Loss = 4.1753e-01, PNorm = 47.3304, GNorm = 0.2996, lr_0 = 5.9579e-04
Loss = 4.7843e-01, PNorm = 47.4081, GNorm = 0.6218, lr_0 = 5.8270e-04
Loss = 4.9018e-01, PNorm = 47.4754, GNorm = 0.3569, lr_0 = 5.6989e-04
Loss = 4.3528e-01, PNorm = 47.5673, GNorm = 0.3846, lr_0 = 5.5736e-04
Validation auc = 0.676238
Epoch 9
Loss = 4.6631e-01, PNorm = 47.6301, GNorm = 0.4119, lr_0 = 5.4511e-04
Loss = 4.7858e-01, PNorm = 47.6998, GNorm = 0.1986, lr_0 = 5.3313e-04
Loss = 4.4940e-01, PNorm = 47.7745, GNorm = 0.2188, lr_0 = 5.2141e-04
Loss = 4.6903e-01, PNorm = 47.8428, GNorm = 0.3027, lr_0 = 5.0995e-04
Validation auc = 0.667868
Epoch 10
Loss = 4.4933e-01, PNorm = 47.9213, GNorm = 0.3578, lr_0 = 4.9764e-04
Loss = 4.4680e-01, PNorm = 47.9859, GNorm = 0.2433, lr_0 = 4.8670e-04
Loss = 4.8635e-01, PNorm = 48.0606, GNorm = 0.3232, lr_0 = 4.7600e-04
Loss = 4.3632e-01, PNorm = 48.1281, GNorm = 0.3313, lr_0 = 4.6554e-04
Loss = 2.9678e-01, PNorm = 48.1353, GNorm = 0.6974, lr_0 = 4.6450e-04
Validation auc = 0.685771
Epoch 11
Loss = 4.2933e-01, PNorm = 48.2127, GNorm = 0.6827, lr_0 = 4.5429e-04
Loss = 4.3887e-01, PNorm = 48.3019, GNorm = 0.2943, lr_0 = 4.4431e-04
Loss = 4.8888e-01, PNorm = 48.3544, GNorm = 0.4334, lr_0 = 4.3454e-04
Validation auc = 0.679726
Epoch 12
Loss = 4.4692e-01, PNorm = 48.4210, GNorm = 0.3197, lr_0 = 4.2499e-04
Loss = 4.2604e-01, PNorm = 48.4625, GNorm = 0.5241, lr_0 = 4.1565e-04
Loss = 4.4443e-01, PNorm = 48.5221, GNorm = 0.4100, lr_0 = 4.0651e-04
Loss = 4.5946e-01, PNorm = 48.5734, GNorm = 0.3587, lr_0 = 3.9758e-04
Validation auc = 0.687631
Epoch 13
Loss = 3.5343e-01, PNorm = 48.6450, GNorm = 0.5749, lr_0 = 3.8797e-04
Loss = 4.0688e-01, PNorm = 48.6950, GNorm = 0.2490, lr_0 = 3.7945e-04
Loss = 4.6924e-01, PNorm = 48.7519, GNorm = 0.5152, lr_0 = 3.7111e-04
Loss = 4.7247e-01, PNorm = 48.8088, GNorm = 0.3962, lr_0 = 3.6295e-04
Validation auc = 0.678912
Epoch 14
Loss = 4.0585e-01, PNorm = 48.8679, GNorm = 0.5048, lr_0 = 3.5497e-04
Loss = 4.3875e-01, PNorm = 48.9106, GNorm = 0.6912, lr_0 = 3.4717e-04
Loss = 4.4287e-01, PNorm = 48.9726, GNorm = 0.7804, lr_0 = 3.3954e-04
Loss = 4.4434e-01, PNorm = 49.0117, GNorm = 0.6146, lr_0 = 3.3207e-04
Loss = 4.0472e-01, PNorm = 49.0166, GNorm = 0.5611, lr_0 = 3.3134e-04
Validation auc = 0.686701
Epoch 15
Loss = 4.4276e-01, PNorm = 49.0677, GNorm = 0.4053, lr_0 = 3.2405e-04
Loss = 4.1271e-01, PNorm = 49.1178, GNorm = 0.3998, lr_0 = 3.1693e-04
Loss = 4.1860e-01, PNorm = 49.1607, GNorm = 0.5452, lr_0 = 3.0997e-04
Validation auc = 0.684608
Epoch 16
Loss = 3.7721e-01, PNorm = 49.2086, GNorm = 0.3662, lr_0 = 3.0248e-04
Loss = 3.9841e-01, PNorm = 49.2517, GNorm = 0.3788, lr_0 = 2.9583e-04
Loss = 4.1343e-01, PNorm = 49.2889, GNorm = 0.4061, lr_0 = 2.8933e-04
Loss = 4.4698e-01, PNorm = 49.3257, GNorm = 0.3893, lr_0 = 2.8297e-04
Validation auc = 0.692048
Epoch 17
Loss = 4.1708e-01, PNorm = 49.3743, GNorm = 0.3824, lr_0 = 2.7675e-04
Loss = 3.7656e-01, PNorm = 49.4274, GNorm = 0.7350, lr_0 = 2.7067e-04
Loss = 4.0094e-01, PNorm = 49.4647, GNorm = 0.4814, lr_0 = 2.6472e-04
Loss = 4.4319e-01, PNorm = 49.5059, GNorm = 0.5711, lr_0 = 2.5890e-04
Validation auc = 0.690305
Epoch 18
Loss = 4.0622e-01, PNorm = 49.5558, GNorm = 0.9686, lr_0 = 2.5264e-04
Loss = 4.1346e-01, PNorm = 49.5894, GNorm = 0.4881, lr_0 = 2.4709e-04
Loss = 3.9504e-01, PNorm = 49.6264, GNorm = 0.4822, lr_0 = 2.4166e-04
Validation auc = 0.689956
Epoch 19
Loss = 5.8337e-01, PNorm = 49.6678, GNorm = 1.0325, lr_0 = 2.3582e-04
Loss = 4.0455e-01, PNorm = 49.7012, GNorm = 0.4494, lr_0 = 2.3064e-04
Loss = 3.8769e-01, PNorm = 49.7423, GNorm = 0.5700, lr_0 = 2.2557e-04
Loss = 3.7158e-01, PNorm = 49.7766, GNorm = 0.5320, lr_0 = 2.2061e-04
Validation auc = 0.697977
Epoch 20
Loss = 3.7319e-01, PNorm = 49.8059, GNorm = 0.5706, lr_0 = 2.1576e-04
Loss = 3.6951e-01, PNorm = 49.8331, GNorm = 1.0573, lr_0 = 2.1102e-04
Loss = 3.9119e-01, PNorm = 49.8730, GNorm = 0.5138, lr_0 = 2.0638e-04
Loss = 4.2654e-01, PNorm = 49.9003, GNorm = 0.6238, lr_0 = 2.0185e-04
Validation auc = 0.704487
Epoch 21
Loss = 3.6421e-01, PNorm = 49.9375, GNorm = 0.5723, lr_0 = 1.9697e-04
Loss = 3.8029e-01, PNorm = 49.9648, GNorm = 0.4854, lr_0 = 1.9264e-04
Loss = 3.7341e-01, PNorm = 49.9984, GNorm = 0.5520, lr_0 = 1.8841e-04
Loss = 4.2930e-01, PNorm = 50.0245, GNorm = 1.0368, lr_0 = 1.8427e-04
Validation auc = 0.700302
Epoch 22
Loss = 3.9854e-01, PNorm = 50.0531, GNorm = 0.7252, lr_0 = 1.7982e-04
Loss = 3.8184e-01, PNorm = 50.0792, GNorm = 1.0085, lr_0 = 1.7586e-04
Loss = 3.8576e-01, PNorm = 50.1061, GNorm = 0.4077, lr_0 = 1.7200e-04
Validation auc = 0.710184
Epoch 23
Loss = 3.9076e-01, PNorm = 50.1309, GNorm = 0.5161, lr_0 = 1.6822e-04
Loss = 3.5966e-01, PNorm = 50.1565, GNorm = 1.1870, lr_0 = 1.6452e-04
Loss = 3.8211e-01, PNorm = 50.1765, GNorm = 0.9049, lr_0 = 1.6090e-04
Loss = 3.7977e-01, PNorm = 50.2051, GNorm = 0.6147, lr_0 = 1.5737e-04
Validation auc = 0.713206
Epoch 24
Loss = 3.7051e-01, PNorm = 50.2314, GNorm = 0.6430, lr_0 = 1.5357e-04
Loss = 4.0160e-01, PNorm = 50.2553, GNorm = 0.7173, lr_0 = 1.5019e-04
Loss = 3.7366e-01, PNorm = 50.2803, GNorm = 0.9654, lr_0 = 1.4689e-04
Loss = 3.4288e-01, PNorm = 50.3022, GNorm = 0.6927, lr_0 = 1.4366e-04
Validation auc = 0.713090
Epoch 25
Loss = 3.6531e-01, PNorm = 50.3236, GNorm = 0.6963, lr_0 = 1.4050e-04
Loss = 3.6597e-01, PNorm = 50.3487, GNorm = 0.9148, lr_0 = 1.3741e-04
Loss = 3.5940e-01, PNorm = 50.3665, GNorm = 0.7423, lr_0 = 1.3439e-04
Loss = 3.8096e-01, PNorm = 50.3847, GNorm = 0.4791, lr_0 = 1.3144e-04
Validation auc = 0.699140
Epoch 26
Loss = 3.3004e-01, PNorm = 50.4092, GNorm = 0.5014, lr_0 = 1.2826e-04
Loss = 3.7362e-01, PNorm = 50.4241, GNorm = 0.6298, lr_0 = 1.2545e-04
Loss = 3.6294e-01, PNorm = 50.4442, GNorm = 0.6343, lr_0 = 1.2269e-04
Validation auc = 0.717043
Epoch 27
Loss = 3.6743e-01, PNorm = 50.4599, GNorm = 0.5603, lr_0 = 1.1973e-04
Loss = 3.8469e-01, PNorm = 50.4783, GNorm = 0.9573, lr_0 = 1.1709e-04
Loss = 3.2374e-01, PNorm = 50.4949, GNorm = 0.4994, lr_0 = 1.1452e-04
Loss = 3.5364e-01, PNorm = 50.5119, GNorm = 0.5384, lr_0 = 1.1200e-04
Validation auc = 0.716578
Epoch 28
Loss = 3.0093e-01, PNorm = 50.5248, GNorm = 1.0505, lr_0 = 1.0954e-04
Loss = 3.4083e-01, PNorm = 50.5436, GNorm = 0.7187, lr_0 = 1.0713e-04
Loss = 3.7576e-01, PNorm = 50.5566, GNorm = 0.7575, lr_0 = 1.0478e-04
Loss = 3.8115e-01, PNorm = 50.5688, GNorm = 1.5448, lr_0 = 1.0247e-04
Validation auc = 0.706929
Epoch 29
Loss = 3.6028e-01, PNorm = 50.5844, GNorm = 0.7156, lr_0 = 1.0000e-04
Loss = 3.7537e-01, PNorm = 50.5999, GNorm = 1.1065, lr_0 = 1.0000e-04
Loss = 3.3262e-01, PNorm = 50.6142, GNorm = 0.5680, lr_0 = 1.0000e-04
Loss = 3.4159e-01, PNorm = 50.6273, GNorm = 0.7900, lr_0 = 1.0000e-04
Loss = 3.3137e-01, PNorm = 50.6287, GNorm = 1.5567, lr_0 = 1.0000e-04
Validation auc = 0.714718
Model 0 best validation auc = 0.717043 on epoch 26
Loading pretrained parameter "encoder.encoder.0.cached_zero_vector".
Loading pretrained parameter "encoder.encoder.0.W_i.weight".
Loading pretrained parameter "encoder.encoder.0.W_h.weight".
Loading pretrained parameter "encoder.encoder.0.W_o.weight".
Loading pretrained parameter "encoder.encoder.0.W_o.bias".
Loading pretrained parameter "readout.1.weight".
Loading pretrained parameter "readout.1.bias".
Model 0 test auc = 0.787822
Ensemble test auc = 0.787822
1-fold cross validation
	Seed 5 ==> test auc = 0.787822
Overall test auc = 0.787822 +/- 0.000000
Elapsed time = 1:04:34
