Command line
python /Users/felix/anaconda3/envs/chemprop/bin/chemprop_train --data_path hskmc.csv --dataset_type classification --config_path hyperparameters_hskmc.json --save_dir checkpoints_hskmc/3 --ensemble_size 1 --seed 3
Args
{'activation': 'ReLU',
 'adding_bond_types': True,
 'adding_h': False,
 'aggregation': 'mean',
 'aggregation_norm': 100,
 'atom_constraints': [],
 'atom_descriptor_scaling': True,
 'atom_descriptors': None,
 'atom_descriptors_path': None,
 'atom_descriptors_size': 0,
 'atom_features_size': 0,
 'atom_messages': False,
 'atom_targets': [],
 'batch_size': 50,
 'bias': False,
 'bias_solvent': False,
 'bond_constraints': [],
 'bond_descriptor_scaling': True,
 'bond_descriptors': None,
 'bond_descriptors_path': None,
 'bond_descriptors_size': 0,
 'bond_features_size': 0,
 'bond_targets': [],
 'cache_cutoff': 10000,
 'checkpoint_dir': None,
 'checkpoint_frzn': None,
 'checkpoint_path': None,
 'checkpoint_paths': None,
 'class_balance': False,
 'config_path': 'hyperparameters_hskmc.json',
 'constraints_path': None,
 'crossval_index_dir': None,
 'crossval_index_file': None,
 'crossval_index_sets': None,
 'cuda': False,
 'data_path': 'hskmc.csv',
 'data_weights_path': None,
 'dataset_type': 'classification',
 'depth': 5,
 'depth_solvent': 3,
 'device': device(type='cpu'),
 'dropout': 0.05,
 'empty_cache': False,
 'ensemble_size': 1,
 'epochs': 30,
 'evidential_regularization': 0,
 'explicit_h': False,
 'extra_metrics': [],
 'features_generator': None,
 'features_only': False,
 'features_path': None,
 'features_scaling': True,
 'features_size': None,
 'ffn_hidden_size': 2200,
 'ffn_num_layers': 2,
 'final_lr': 0.0001,
 'folds_file': None,
 'freeze_first_only': False,
 'frzn_ffn_layers': 0,
 'gpu': None,
 'grad_clip': None,
 'hidden_size': 2200,
 'hidden_size_solvent': 300,
 'ignore_columns': None,
 'ignore_nan_metrics': False,
 'init_lr': 0.0001,
 'is_atom_bond_targets': False,
 'keeping_atom_map': False,
 'log_frequency': 10,
 'loss_function': 'binary_cross_entropy',
 'max_data_size': None,
 'max_lr': 0.001,
 'metric': 'auc',
 'metrics': ['auc'],
 'minimize_score': False,
 'mpn_shared': False,
 'multiclass_num_classes': 3,
 'no_adding_bond_types': False,
 'no_atom_descriptor_scaling': False,
 'no_bond_descriptor_scaling': False,
 'no_cache_mol': False,
 'no_cuda': False,
 'no_features_scaling': False,
 'no_shared_atom_bond_ffn': False,
 'num_folds': 1,
 'num_lrs': 1,
 'num_tasks': 1,
 'num_workers': 8,
 'number_of_molecules': 1,
 'overwrite_default_atom_features': False,
 'overwrite_default_bond_features': False,
 'phase_features_path': None,
 'pytorch_seed': 0,
 'quantile_loss_alpha': 0.1,
 'quantiles': [],
 'quiet': False,
 'reaction': False,
 'reaction_mode': 'reac_diff',
 'reaction_solvent': False,
 'resume_experiment': False,
 'save_dir': 'checkpoints_hskmc/3',
 'save_preds': False,
 'save_smiles_splits': False,
 'seed': 3,
 'separate_test_atom_descriptors_path': None,
 'separate_test_bond_descriptors_path': None,
 'separate_test_constraints_path': None,
 'separate_test_features_path': None,
 'separate_test_path': None,
 'separate_test_phase_features_path': None,
 'separate_val_atom_descriptors_path': None,
 'separate_val_bond_descriptors_path': None,
 'separate_val_constraints_path': None,
 'separate_val_features_path': None,
 'separate_val_path': None,
 'separate_val_phase_features_path': None,
 'shared_atom_bond_ffn': True,
 'show_individual_scores': False,
 'smiles_columns': ['\ufeffSMILES'],
 'spectra_activation': 'exp',
 'spectra_phase_mask_path': None,
 'spectra_target_floor': 1e-08,
 'split_key_molecule': 0,
 'split_sizes': [0.8, 0.1, 0.1],
 'split_type': 'random',
 'target_columns': None,
 'target_weights': None,
 'task_names': ['ACTIVITY'],
 'test': False,
 'test_fold_index': None,
 'train_data_size': None,
 'undirected': False,
 'use_input_features': False,
 'val_fold_index': None,
 'warmup_epochs': 2.0,
 'weights_ffn_num_layers': 2}
Setting molecule featurization parameters to default.
Loading data
Number of tasks = 1
Fold 0
Splitting data with seed 3
Class sizes
ACTIVITY 0: 95.85%, 1: 4.15%
Total size = 2,335 | train size = 1,868 | val size = 233 | test size = 234
Building model 0
MoleculeModel(
  (sigmoid): Sigmoid()
  (encoder): MPN(
    (encoder): ModuleList(
      (0): MPNEncoder(
        (dropout): Dropout(p=0.05, inplace=False)
        (act_func): ReLU()
        (W_i): Linear(in_features=147, out_features=2200, bias=False)
        (W_h): Linear(in_features=2200, out_features=2200, bias=False)
        (W_o): Linear(in_features=2333, out_features=2200, bias=True)
      )
    )
  )
  (readout): Sequential(
    (0): Dropout(p=0.05, inplace=False)
    (1): Linear(in_features=2200, out_features=2200, bias=True)
    (2): ReLU()
    (3): Dropout(p=0.05, inplace=False)
    (4): Linear(in_features=2200, out_features=1, bias=True)
  )
)
Number of parameters = 15,144,801
Epoch 0
Loss = 2.9448e-01, PNorm = 83.3043, GNorm = 0.6606, lr_0 = 2.3378e-04
Loss = 1.9882e-01, PNorm = 83.3517, GNorm = 0.3554, lr_0 = 3.5541e-04
Loss = 1.9420e-01, PNorm = 83.4116, GNorm = 0.4146, lr_0 = 4.7703e-04
Validation auc = 0.605392
Epoch 1
Loss = 2.2654e-01, PNorm = 83.4745, GNorm = 0.3394, lr_0 = 6.1081e-04
Loss = 1.5781e-01, PNorm = 83.5488, GNorm = 0.2134, lr_0 = 7.3243e-04
Loss = 1.8932e-01, PNorm = 83.6215, GNorm = 0.1661, lr_0 = 8.5405e-04
Loss = 1.7599e-01, PNorm = 83.7227, GNorm = 0.5822, lr_0 = 9.7568e-04
Validation auc = 0.709150
Epoch 2
Loss = 1.2914e-01, PNorm = 83.8046, GNorm = 0.5233, lr_0 = 9.8020e-04
Loss = 2.0064e-01, PNorm = 83.8665, GNorm = 0.3170, lr_0 = 9.5865e-04
Loss = 1.9552e-01, PNorm = 83.9569, GNorm = 0.2741, lr_0 = 9.3758e-04
Loss = 1.5498e-01, PNorm = 84.0855, GNorm = 0.2658, lr_0 = 9.1697e-04
Validation auc = 0.718137
Epoch 3
Loss = 1.6466e-01, PNorm = 84.1676, GNorm = 0.1616, lr_0 = 8.9681e-04
Loss = 1.7344e-01, PNorm = 84.2802, GNorm = 0.1285, lr_0 = 8.7710e-04
Loss = 1.6473e-01, PNorm = 84.3835, GNorm = 0.1456, lr_0 = 8.5782e-04
Validation auc = 0.775327
Epoch 4
Loss = 4.6944e-02, PNorm = 84.4753, GNorm = 0.3280, lr_0 = 8.3710e-04
Loss = 1.3046e-01, PNorm = 84.6257, GNorm = 0.0723, lr_0 = 8.1870e-04
Loss = 1.9028e-01, PNorm = 84.7098, GNorm = 0.1931, lr_0 = 8.0071e-04
Loss = 1.3668e-01, PNorm = 84.8357, GNorm = 0.3071, lr_0 = 7.8311e-04
Validation auc = 0.761710
Epoch 5
Loss = 1.5820e-01, PNorm = 84.9757, GNorm = 0.1288, lr_0 = 7.6420e-04
Loss = 1.6399e-01, PNorm = 85.1174, GNorm = 0.2549, lr_0 = 7.4740e-04
Loss = 1.5455e-01, PNorm = 85.2866, GNorm = 0.5028, lr_0 = 7.3097e-04
Loss = 1.6492e-01, PNorm = 85.4180, GNorm = 0.0849, lr_0 = 7.1490e-04
Validation auc = 0.777505
Epoch 6
Loss = 2.0191e-01, PNorm = 85.5426, GNorm = 0.2483, lr_0 = 6.9919e-04
Loss = 1.6262e-01, PNorm = 85.7019, GNorm = 0.3708, lr_0 = 6.8382e-04
Loss = 9.0220e-02, PNorm = 85.8525, GNorm = 0.4247, lr_0 = 6.6879e-04
Loss = 1.7348e-01, PNorm = 85.9557, GNorm = 0.2083, lr_0 = 6.5409e-04
Validation auc = 0.752996
Epoch 7
Loss = 1.4329e-01, PNorm = 86.1164, GNorm = 0.1797, lr_0 = 6.3829e-04
Loss = 1.5986e-01, PNorm = 86.2291, GNorm = 0.5030, lr_0 = 6.2426e-04
Loss = 1.1866e-01, PNorm = 86.4024, GNorm = 0.4126, lr_0 = 6.1054e-04
Validation auc = 0.755174
Epoch 8
Loss = 1.0750e-01, PNorm = 86.5244, GNorm = 0.1432, lr_0 = 5.9579e-04
Loss = 1.7693e-01, PNorm = 86.6393, GNorm = 0.2624, lr_0 = 5.8270e-04
Loss = 1.2300e-01, PNorm = 86.8324, GNorm = 0.1654, lr_0 = 5.6989e-04
Loss = 1.2715e-01, PNorm = 86.9915, GNorm = 0.2831, lr_0 = 5.5736e-04
Validation auc = 0.766885
Epoch 9
Loss = 1.3286e-01, PNorm = 87.1531, GNorm = 1.1160, lr_0 = 5.4511e-04
Loss = 1.2147e-01, PNorm = 87.3021, GNorm = 0.3981, lr_0 = 5.3313e-04
Loss = 1.2851e-01, PNorm = 87.4009, GNorm = 0.2464, lr_0 = 5.2141e-04
Loss = 1.2471e-01, PNorm = 87.5036, GNorm = 0.1851, lr_0 = 5.0995e-04
Validation auc = 0.707789
Epoch 10
Loss = 1.5204e-01, PNorm = 87.6356, GNorm = 0.3853, lr_0 = 4.9764e-04
Loss = 1.3586e-01, PNorm = 87.7587, GNorm = 0.3453, lr_0 = 4.8670e-04
Loss = 1.4467e-01, PNorm = 87.8869, GNorm = 0.2159, lr_0 = 4.7600e-04
Loss = 1.2698e-01, PNorm = 88.0146, GNorm = 0.1884, lr_0 = 4.6554e-04
Loss = 1.9643e-01, PNorm = 88.0257, GNorm = 0.4657, lr_0 = 4.6450e-04
Validation auc = 0.763889
Epoch 11
Loss = 1.0695e-01, PNorm = 88.1575, GNorm = 0.6956, lr_0 = 4.5429e-04
Loss = 1.1724e-01, PNorm = 88.2677, GNorm = 0.2799, lr_0 = 4.4431e-04
Loss = 1.3777e-01, PNorm = 88.3687, GNorm = 0.2014, lr_0 = 4.3454e-04
Validation auc = 0.772331
Epoch 12
Loss = 1.1020e-01, PNorm = 88.5017, GNorm = 0.1483, lr_0 = 4.2499e-04
Loss = 1.2645e-01, PNorm = 88.6122, GNorm = 0.4020, lr_0 = 4.1565e-04
Loss = 9.9767e-02, PNorm = 88.7541, GNorm = 0.2795, lr_0 = 4.0651e-04
Loss = 1.1942e-01, PNorm = 88.8373, GNorm = 0.1918, lr_0 = 3.9758e-04
Validation auc = 0.752996
Epoch 13
Loss = 6.6989e-02, PNorm = 88.9343, GNorm = 0.4406, lr_0 = 3.8797e-04
Loss = 7.6453e-02, PNorm = 89.0401, GNorm = 0.4003, lr_0 = 3.7945e-04
Loss = 1.1894e-01, PNorm = 89.1195, GNorm = 0.3357, lr_0 = 3.7111e-04
Loss = 1.2262e-01, PNorm = 89.2185, GNorm = 0.2215, lr_0 = 3.6295e-04
Validation auc = 0.754630
Epoch 14
Loss = 1.1592e-01, PNorm = 89.3361, GNorm = 0.2001, lr_0 = 3.5497e-04
Loss = 9.8856e-02, PNorm = 89.4413, GNorm = 0.2668, lr_0 = 3.4717e-04
Loss = 8.4662e-02, PNorm = 89.5441, GNorm = 0.2808, lr_0 = 3.3954e-04
Loss = 1.0269e-01, PNorm = 89.6275, GNorm = 0.5809, lr_0 = 3.3207e-04
Loss = 9.8513e-03, PNorm = 89.6322, GNorm = 0.1470, lr_0 = 3.3134e-04
Validation auc = 0.763617
Epoch 15
Loss = 6.8563e-02, PNorm = 89.7153, GNorm = 0.5678, lr_0 = 3.2405e-04
Loss = 6.7529e-02, PNorm = 89.7677, GNorm = 0.4288, lr_0 = 3.1693e-04
Loss = 8.7554e-02, PNorm = 89.8436, GNorm = 0.3424, lr_0 = 3.0997e-04
Validation auc = 0.743464
Epoch 16
Loss = 5.8030e-02, PNorm = 89.9495, GNorm = 0.2880, lr_0 = 3.0248e-04
Loss = 7.2879e-02, PNorm = 90.0354, GNorm = 0.6711, lr_0 = 2.9583e-04
Loss = 5.2802e-02, PNorm = 90.1391, GNorm = 0.4428, lr_0 = 2.8933e-04
Loss = 1.2488e-01, PNorm = 90.1849, GNorm = 0.5471, lr_0 = 2.8297e-04
Validation auc = 0.735839
Epoch 17
Loss = 5.6574e-02, PNorm = 90.2587, GNorm = 0.3816, lr_0 = 2.7675e-04
Loss = 5.6971e-02, PNorm = 90.3508, GNorm = 0.6905, lr_0 = 2.7067e-04
Loss = 8.5635e-02, PNorm = 90.4297, GNorm = 0.3064, lr_0 = 2.6472e-04
Loss = 5.1358e-02, PNorm = 90.4960, GNorm = 0.4016, lr_0 = 2.5890e-04
Validation auc = 0.747549
Epoch 18
Loss = 6.2929e-02, PNorm = 90.5647, GNorm = 0.4146, lr_0 = 2.5264e-04
Loss = 5.6569e-02, PNorm = 90.6513, GNorm = 0.7273, lr_0 = 2.4709e-04
Loss = 5.5179e-02, PNorm = 90.7023, GNorm = 0.2812, lr_0 = 2.4166e-04
Validation auc = 0.739107
Epoch 19
Loss = 1.4597e-02, PNorm = 90.7877, GNorm = 0.1677, lr_0 = 2.3582e-04
Loss = 4.4796e-02, PNorm = 90.8493, GNorm = 0.3366, lr_0 = 2.3064e-04
Loss = 5.4032e-02, PNorm = 90.9121, GNorm = 0.3639, lr_0 = 2.2557e-04
Loss = 6.5946e-02, PNorm = 90.9471, GNorm = 0.1629, lr_0 = 2.2061e-04
Validation auc = 0.716776
Epoch 20
Loss = 4.4050e-02, PNorm = 91.0230, GNorm = 0.0746, lr_0 = 2.1576e-04
Loss = 3.9122e-02, PNorm = 91.0614, GNorm = 0.6772, lr_0 = 2.1102e-04
Loss = 2.7205e-02, PNorm = 91.1284, GNorm = 0.3145, lr_0 = 2.0638e-04
Loss = 5.3559e-02, PNorm = 91.1611, GNorm = 0.6854, lr_0 = 2.0185e-04
Validation auc = 0.694717
Epoch 21
Loss = 3.1844e-02, PNorm = 91.2295, GNorm = 0.7353, lr_0 = 1.9697e-04
Loss = 5.7667e-02, PNorm = 91.2749, GNorm = 0.4617, lr_0 = 1.9264e-04
Loss = 3.2848e-02, PNorm = 91.3428, GNorm = 0.3938, lr_0 = 1.8841e-04
Loss = 3.8605e-02, PNorm = 91.3678, GNorm = 0.5941, lr_0 = 1.8427e-04
Validation auc = 0.724401
Epoch 22
Loss = 2.0048e-02, PNorm = 91.4217, GNorm = 0.7758, lr_0 = 1.7982e-04
Loss = 3.0168e-02, PNorm = 91.4596, GNorm = 0.2958, lr_0 = 1.7586e-04
Loss = 2.2484e-02, PNorm = 91.4891, GNorm = 0.2048, lr_0 = 1.7200e-04
Validation auc = 0.706699
Epoch 23
Loss = 4.2487e-02, PNorm = 91.5306, GNorm = 0.6313, lr_0 = 1.6822e-04
Loss = 1.5147e-02, PNorm = 91.5641, GNorm = 0.1381, lr_0 = 1.6452e-04
Loss = 3.1725e-02, PNorm = 91.6088, GNorm = 0.1542, lr_0 = 1.6090e-04
Loss = 1.6923e-02, PNorm = 91.6436, GNorm = 0.6749, lr_0 = 1.5737e-04
Validation auc = 0.708333
Epoch 24
Loss = 3.2893e-02, PNorm = 91.6534, GNorm = 0.9972, lr_0 = 1.5357e-04
Loss = 1.0937e-02, PNorm = 91.6817, GNorm = 0.2739, lr_0 = 1.5019e-04
Loss = 2.2781e-02, PNorm = 91.6999, GNorm = 0.1931, lr_0 = 1.4689e-04
Loss = 2.3747e-02, PNorm = 91.7173, GNorm = 0.3382, lr_0 = 1.4366e-04
Validation auc = 0.702614
Epoch 25
Loss = 1.6068e-02, PNorm = 91.7460, GNorm = 0.1499, lr_0 = 1.4050e-04
Loss = 9.0452e-03, PNorm = 91.7817, GNorm = 0.0893, lr_0 = 1.3741e-04
Loss = 1.1418e-02, PNorm = 91.7996, GNorm = 0.1256, lr_0 = 1.3439e-04
Loss = 2.0192e-02, PNorm = 91.8189, GNorm = 0.1138, lr_0 = 1.3144e-04
Validation auc = 0.710240
Epoch 26
Loss = 8.4871e-03, PNorm = 91.8426, GNorm = 0.0213, lr_0 = 1.2826e-04
Loss = 7.5418e-03, PNorm = 91.8543, GNorm = 0.1679, lr_0 = 1.2545e-04
Loss = 1.0648e-02, PNorm = 91.8734, GNorm = 0.6491, lr_0 = 1.2269e-04
Validation auc = 0.693900
Epoch 27
Loss = 9.2140e-03, PNorm = 91.8889, GNorm = 0.4456, lr_0 = 1.1973e-04
Loss = 4.5090e-03, PNorm = 91.9012, GNorm = 0.5989, lr_0 = 1.1709e-04
Loss = 9.5443e-03, PNorm = 91.9166, GNorm = 0.2200, lr_0 = 1.1452e-04
Loss = 1.0501e-02, PNorm = 91.9334, GNorm = 0.0486, lr_0 = 1.1200e-04
Validation auc = 0.718954
Epoch 28
Loss = 6.6002e-03, PNorm = 91.9437, GNorm = 0.1785, lr_0 = 1.0954e-04
Loss = 1.1994e-02, PNorm = 91.9667, GNorm = 0.3517, lr_0 = 1.0713e-04
Loss = 9.7949e-03, PNorm = 91.9832, GNorm = 0.1767, lr_0 = 1.0478e-04
Loss = 8.5011e-03, PNorm = 91.9856, GNorm = 0.0924, lr_0 = 1.0247e-04
Validation auc = 0.711601
Epoch 29
Loss = 9.5075e-03, PNorm = 92.0168, GNorm = 0.1879, lr_0 = 1.0000e-04
Loss = 4.5228e-03, PNorm = 92.0408, GNorm = 0.3415, lr_0 = 1.0000e-04
Loss = 7.0324e-03, PNorm = 92.0562, GNorm = 0.1033, lr_0 = 1.0000e-04
Loss = 1.2887e-02, PNorm = 92.0653, GNorm = 0.3794, lr_0 = 1.0000e-04
Loss = 1.3202e-04, PNorm = 92.0655, GNorm = 0.0052, lr_0 = 1.0000e-04
Validation auc = 0.706427
Model 0 best validation auc = 0.777505 on epoch 5
Loading pretrained parameter "encoder.encoder.0.cached_zero_vector".
Loading pretrained parameter "encoder.encoder.0.W_i.weight".
Loading pretrained parameter "encoder.encoder.0.W_h.weight".
Loading pretrained parameter "encoder.encoder.0.W_o.weight".
Loading pretrained parameter "encoder.encoder.0.W_o.bias".
Loading pretrained parameter "readout.1.weight".
Loading pretrained parameter "readout.1.bias".
Loading pretrained parameter "readout.4.weight".
Loading pretrained parameter "readout.4.bias".
Model 0 test auc = 0.889956
Ensemble test auc = 0.889956
1-fold cross validation
	Seed 3 ==> test auc = 0.889956
Overall test auc = 0.889956 +/- 0.000000
Elapsed time = 2:01:31
