Command line
python /Users/felix/anaconda3/envs/chemprop/bin/chemprop_train --data_path imr.csv --dataset_type classification --config_path hyperparameters_imr.json --save_dir checkpoints_imr/7 --ensemble_size 1 --seed 7
Args
{'activation': 'ReLU',
 'adding_bond_types': True,
 'adding_h': False,
 'aggregation': 'mean',
 'aggregation_norm': 100,
 'atom_constraints': [],
 'atom_descriptor_scaling': True,
 'atom_descriptors': None,
 'atom_descriptors_path': None,
 'atom_descriptors_size': 0,
 'atom_features_size': 0,
 'atom_messages': False,
 'atom_targets': [],
 'batch_size': 50,
 'bias': False,
 'bias_solvent': False,
 'bond_constraints': [],
 'bond_descriptor_scaling': True,
 'bond_descriptors': None,
 'bond_descriptors_path': None,
 'bond_descriptors_size': 0,
 'bond_features_size': 0,
 'bond_targets': [],
 'cache_cutoff': 10000,
 'checkpoint_dir': None,
 'checkpoint_frzn': None,
 'checkpoint_path': None,
 'checkpoint_paths': None,
 'class_balance': False,
 'config_path': 'hyperparameters_imr.json',
 'constraints_path': None,
 'crossval_index_dir': None,
 'crossval_index_file': None,
 'crossval_index_sets': None,
 'cuda': False,
 'data_path': 'imr.csv',
 'data_weights_path': None,
 'dataset_type': 'classification',
 'depth': 4,
 'depth_solvent': 3,
 'device': device(type='cpu'),
 'dropout': 0.0,
 'empty_cache': False,
 'ensemble_size': 1,
 'epochs': 30,
 'evidential_regularization': 0,
 'explicit_h': False,
 'extra_metrics': [],
 'features_generator': None,
 'features_only': False,
 'features_path': None,
 'features_scaling': True,
 'features_size': None,
 'ffn_hidden_size': 1900,
 'ffn_num_layers': 3,
 'final_lr': 0.0001,
 'folds_file': None,
 'freeze_first_only': False,
 'frzn_ffn_layers': 0,
 'gpu': None,
 'grad_clip': None,
 'hidden_size': 1900,
 'hidden_size_solvent': 300,
 'ignore_columns': None,
 'ignore_nan_metrics': False,
 'init_lr': 0.0001,
 'is_atom_bond_targets': False,
 'keeping_atom_map': False,
 'log_frequency': 10,
 'loss_function': 'binary_cross_entropy',
 'max_data_size': None,
 'max_lr': 0.001,
 'metric': 'auc',
 'metrics': ['auc'],
 'minimize_score': False,
 'mpn_shared': False,
 'multiclass_num_classes': 3,
 'no_adding_bond_types': False,
 'no_atom_descriptor_scaling': False,
 'no_bond_descriptor_scaling': False,
 'no_cache_mol': False,
 'no_cuda': False,
 'no_features_scaling': False,
 'no_shared_atom_bond_ffn': False,
 'num_folds': 1,
 'num_lrs': 1,
 'num_tasks': 1,
 'num_workers': 8,
 'number_of_molecules': 1,
 'overwrite_default_atom_features': False,
 'overwrite_default_bond_features': False,
 'phase_features_path': None,
 'pytorch_seed': 0,
 'quantile_loss_alpha': 0.1,
 'quantiles': [],
 'quiet': False,
 'reaction': False,
 'reaction_mode': 'reac_diff',
 'reaction_solvent': False,
 'resume_experiment': False,
 'save_dir': 'checkpoints_imr/7',
 'save_preds': False,
 'save_smiles_splits': False,
 'seed': 7,
 'separate_test_atom_descriptors_path': None,
 'separate_test_bond_descriptors_path': None,
 'separate_test_constraints_path': None,
 'separate_test_features_path': None,
 'separate_test_path': None,
 'separate_test_phase_features_path': None,
 'separate_val_atom_descriptors_path': None,
 'separate_val_bond_descriptors_path': None,
 'separate_val_constraints_path': None,
 'separate_val_features_path': None,
 'separate_val_path': None,
 'separate_val_phase_features_path': None,
 'shared_atom_bond_ffn': True,
 'show_individual_scores': False,
 'smiles_columns': ['\ufeffSMILES'],
 'spectra_activation': 'exp',
 'spectra_phase_mask_path': None,
 'spectra_target_floor': 1e-08,
 'split_key_molecule': 0,
 'split_sizes': [0.8, 0.1, 0.1],
 'split_type': 'random',
 'target_columns': None,
 'target_weights': None,
 'task_names': ['ACTIVITY'],
 'test': False,
 'test_fold_index': None,
 'train_data_size': None,
 'undirected': False,
 'use_input_features': False,
 'val_fold_index': None,
 'warmup_epochs': 2.0,
 'weights_ffn_num_layers': 2}
Setting molecule featurization parameters to default.
Loading data
Number of tasks = 1
Fold 0
Splitting data with seed 7
Class sizes
ACTIVITY 0: 61.97%, 1: 38.03%
Total size = 2,335 | train size = 1,868 | val size = 233 | test size = 234
Building model 0
MoleculeModel(
  (sigmoid): Sigmoid()
  (encoder): MPN(
    (encoder): ModuleList(
      (0): MPNEncoder(
        (dropout): Dropout(p=0.0, inplace=False)
        (act_func): ReLU()
        (W_i): Linear(in_features=147, out_features=1900, bias=False)
        (W_h): Linear(in_features=1900, out_features=1900, bias=False)
        (W_o): Linear(in_features=2033, out_features=1900, bias=True)
      )
    )
  )
  (readout): Sequential(
    (0): Dropout(p=0.0, inplace=False)
    (1): Linear(in_features=1900, out_features=1900, bias=True)
    (2): ReLU()
    (3): Dropout(p=0.0, inplace=False)
    (4): Linear(in_features=1900, out_features=1900, bias=True)
    (5): ReLU()
    (6): Dropout(p=0.0, inplace=False)
    (7): Linear(in_features=1900, out_features=1, bias=True)
  )
)
Number of parameters = 14,981,501
Epoch 0
Loss = 7.0416e-01, PNorm = 89.1176, GNorm = 0.8002, lr_0 = 2.3378e-04
Loss = 6.8045e-01, PNorm = 89.1500, GNorm = 0.3544, lr_0 = 3.5541e-04
Loss = 6.7457e-01, PNorm = 89.1945, GNorm = 0.1314, lr_0 = 4.7703e-04
Validation auc = 0.511387
Epoch 1
Loss = 6.4182e-01, PNorm = 89.2591, GNorm = 0.1626, lr_0 = 6.1081e-04
Loss = 6.4694e-01, PNorm = 89.3382, GNorm = 0.2797, lr_0 = 7.3243e-04
Loss = 6.8748e-01, PNorm = 89.4296, GNorm = 0.0831, lr_0 = 8.5405e-04
Loss = 6.6357e-01, PNorm = 89.5466, GNorm = 0.1074, lr_0 = 9.7568e-04
Validation auc = 0.593927
Epoch 2
Loss = 6.4927e-01, PNorm = 89.6868, GNorm = 0.0949, lr_0 = 9.8020e-04
Loss = 6.3458e-01, PNorm = 89.8592, GNorm = 0.2426, lr_0 = 9.5865e-04
Loss = 6.6369e-01, PNorm = 90.0652, GNorm = 0.0627, lr_0 = 9.3758e-04
Loss = 6.5903e-01, PNorm = 90.2147, GNorm = 0.1060, lr_0 = 9.1697e-04
Validation auc = 0.612825
Epoch 3
Loss = 6.7280e-01, PNorm = 90.3284, GNorm = 0.1393, lr_0 = 8.9681e-04
Loss = 6.5165e-01, PNorm = 90.4594, GNorm = 0.4762, lr_0 = 8.7710e-04
Loss = 6.3721e-01, PNorm = 90.5822, GNorm = 0.2618, lr_0 = 8.5782e-04
Validation auc = 0.622113
Epoch 4
Loss = 6.5369e-01, PNorm = 90.6992, GNorm = 0.1067, lr_0 = 8.3710e-04
Loss = 6.3045e-01, PNorm = 90.7858, GNorm = 0.2562, lr_0 = 8.1870e-04
Loss = 6.4900e-01, PNorm = 90.8430, GNorm = 0.1542, lr_0 = 8.0071e-04
Loss = 6.6659e-01, PNorm = 90.9542, GNorm = 0.3911, lr_0 = 7.8311e-04
Validation auc = 0.623970
Epoch 5
Loss = 6.3083e-01, PNorm = 91.0923, GNorm = 0.1129, lr_0 = 7.6420e-04
Loss = 6.5629e-01, PNorm = 91.2017, GNorm = 0.1307, lr_0 = 7.4740e-04
Loss = 6.5695e-01, PNorm = 91.2822, GNorm = 0.2139, lr_0 = 7.3097e-04
Loss = 6.3383e-01, PNorm = 91.3672, GNorm = 0.2198, lr_0 = 7.1490e-04
Validation auc = 0.620255
Epoch 6
Loss = 6.4872e-01, PNorm = 91.4734, GNorm = 0.1622, lr_0 = 6.9919e-04
Loss = 6.4015e-01, PNorm = 91.6063, GNorm = 0.2460, lr_0 = 6.8382e-04
Loss = 6.3633e-01, PNorm = 91.7203, GNorm = 0.2920, lr_0 = 6.6879e-04
Loss = 6.2951e-01, PNorm = 91.8289, GNorm = 0.2414, lr_0 = 6.5409e-04
Validation auc = 0.619851
Epoch 7
Loss = 6.3989e-01, PNorm = 91.9607, GNorm = 0.3892, lr_0 = 6.3829e-04
Loss = 6.3385e-01, PNorm = 92.1213, GNorm = 0.2015, lr_0 = 6.2426e-04
Loss = 6.3033e-01, PNorm = 92.2837, GNorm = 0.3089, lr_0 = 6.1054e-04
Validation auc = 0.642949
Epoch 8
Loss = 6.2577e-01, PNorm = 92.4642, GNorm = 0.2169, lr_0 = 5.9579e-04
Loss = 6.3101e-01, PNorm = 92.6074, GNorm = 0.3070, lr_0 = 5.8270e-04
Loss = 6.3391e-01, PNorm = 92.7562, GNorm = 0.2630, lr_0 = 5.6989e-04
Loss = 5.8537e-01, PNorm = 92.9083, GNorm = 0.3920, lr_0 = 5.5736e-04
Validation auc = 0.600711
Epoch 9
Loss = 5.8549e-01, PNorm = 93.0407, GNorm = 0.2299, lr_0 = 5.4511e-04
Loss = 6.1148e-01, PNorm = 93.1885, GNorm = 0.3492, lr_0 = 5.3313e-04
Loss = 5.7875e-01, PNorm = 93.3678, GNorm = 0.5177, lr_0 = 5.2141e-04
Loss = 6.3472e-01, PNorm = 93.5074, GNorm = 0.3157, lr_0 = 5.0995e-04
Validation auc = 0.637700
Epoch 10
Loss = 5.9607e-01, PNorm = 93.6937, GNorm = 0.4442, lr_0 = 4.9764e-04
Loss = 5.7470e-01, PNorm = 93.8668, GNorm = 0.4363, lr_0 = 4.8670e-04
Loss = 6.0255e-01, PNorm = 93.9879, GNorm = 0.3994, lr_0 = 4.7600e-04
Loss = 6.0632e-01, PNorm = 94.0980, GNorm = 0.4394, lr_0 = 4.6554e-04
Loss = 4.9601e-01, PNorm = 94.1106, GNorm = 0.5223, lr_0 = 4.6450e-04
Validation auc = 0.633258
Epoch 11
Loss = 5.7281e-01, PNorm = 94.2514, GNorm = 0.4474, lr_0 = 4.5429e-04
Loss = 5.7888e-01, PNorm = 94.3897, GNorm = 0.5487, lr_0 = 4.4431e-04
Loss = 5.5792e-01, PNorm = 94.5243, GNorm = 0.6184, lr_0 = 4.3454e-04
Validation auc = 0.609352
Epoch 12
Loss = 6.1080e-01, PNorm = 94.6484, GNorm = 0.5203, lr_0 = 4.2499e-04
Loss = 5.4545e-01, PNorm = 94.8171, GNorm = 0.7607, lr_0 = 4.1565e-04
Loss = 5.8222e-01, PNorm = 94.9600, GNorm = 0.7343, lr_0 = 4.0651e-04
Loss = 5.3316e-01, PNorm = 95.1047, GNorm = 0.5409, lr_0 = 3.9758e-04
Validation auc = 0.633016
Epoch 13
Loss = 4.7657e-01, PNorm = 95.2434, GNorm = 0.6916, lr_0 = 3.8797e-04
Loss = 5.6963e-01, PNorm = 95.3607, GNorm = 0.7436, lr_0 = 3.7945e-04
Loss = 5.1562e-01, PNorm = 95.5074, GNorm = 0.8149, lr_0 = 3.7111e-04
Loss = 5.1811e-01, PNorm = 95.6589, GNorm = 0.6734, lr_0 = 3.6295e-04
Validation auc = 0.625666
Epoch 14
Loss = 4.9494e-01, PNorm = 95.7902, GNorm = 0.6073, lr_0 = 3.5497e-04
Loss = 5.0570e-01, PNorm = 95.9466, GNorm = 0.8749, lr_0 = 3.4717e-04
Loss = 5.3294e-01, PNorm = 96.0767, GNorm = 0.5598, lr_0 = 3.3954e-04
Loss = 5.2465e-01, PNorm = 96.1885, GNorm = 0.5815, lr_0 = 3.3207e-04
Loss = 5.5539e-01, PNorm = 96.1999, GNorm = 1.0834, lr_0 = 3.3134e-04
Validation auc = 0.640688
Epoch 15
Loss = 4.7809e-01, PNorm = 96.3267, GNorm = 0.6700, lr_0 = 3.2405e-04
Loss = 4.5649e-01, PNorm = 96.4813, GNorm = 0.8124, lr_0 = 3.1693e-04
Loss = 5.1284e-01, PNorm = 96.5915, GNorm = 0.7310, lr_0 = 3.0997e-04
Validation auc = 0.624939
Epoch 16
Loss = 4.2978e-01, PNorm = 96.7005, GNorm = 0.6151, lr_0 = 3.0248e-04
Loss = 4.3901e-01, PNorm = 96.8177, GNorm = 0.6606, lr_0 = 2.9583e-04
Loss = 4.4562e-01, PNorm = 96.9205, GNorm = 0.7285, lr_0 = 2.8933e-04
Loss = 4.6864e-01, PNorm = 97.0127, GNorm = 1.1517, lr_0 = 2.8297e-04
Validation auc = 0.641011
Epoch 17
Loss = 3.8982e-01, PNorm = 97.1035, GNorm = 0.9736, lr_0 = 2.7675e-04
Loss = 4.0341e-01, PNorm = 97.2302, GNorm = 1.2792, lr_0 = 2.7067e-04
Loss = 4.5188e-01, PNorm = 97.3304, GNorm = 1.5086, lr_0 = 2.6472e-04
Loss = 4.1630e-01, PNorm = 97.4308, GNorm = 1.2421, lr_0 = 2.5890e-04
Validation auc = 0.640204
Epoch 18
Loss = 3.8023e-01, PNorm = 97.5617, GNorm = 1.8058, lr_0 = 2.5264e-04
Loss = 3.8362e-01, PNorm = 97.6681, GNorm = 0.9436, lr_0 = 2.4709e-04
Loss = 3.8926e-01, PNorm = 97.7689, GNorm = 1.4294, lr_0 = 2.4166e-04
Validation auc = 0.649653
Epoch 19
Loss = 3.9876e-01, PNorm = 97.8444, GNorm = 1.4135, lr_0 = 2.3582e-04
Loss = 3.1974e-01, PNorm = 97.9294, GNorm = 0.9082, lr_0 = 2.3064e-04
Loss = 3.6780e-01, PNorm = 98.0139, GNorm = 0.8472, lr_0 = 2.2557e-04
Loss = 3.5494e-01, PNorm = 98.0956, GNorm = 2.3167, lr_0 = 2.2061e-04
Validation auc = 0.665401
Epoch 20
Loss = 2.8273e-01, PNorm = 98.1743, GNorm = 0.9308, lr_0 = 2.1576e-04
Loss = 3.1881e-01, PNorm = 98.2711, GNorm = 1.2314, lr_0 = 2.1102e-04
Loss = 3.3044e-01, PNorm = 98.3552, GNorm = 1.2360, lr_0 = 2.0638e-04
Loss = 3.4525e-01, PNorm = 98.4230, GNorm = 2.1728, lr_0 = 2.0185e-04
Validation auc = 0.637458
Epoch 21
Loss = 2.7132e-01, PNorm = 98.5209, GNorm = 0.8099, lr_0 = 1.9697e-04
Loss = 2.7517e-01, PNorm = 98.6052, GNorm = 1.7630, lr_0 = 1.9264e-04
Loss = 2.6427e-01, PNorm = 98.6783, GNorm = 1.3224, lr_0 = 1.8841e-04
Loss = 3.4099e-01, PNorm = 98.7445, GNorm = 2.2465, lr_0 = 1.8427e-04
Validation auc = 0.636812
Epoch 22
Loss = 2.4147e-01, PNorm = 98.8127, GNorm = 1.8533, lr_0 = 1.7982e-04
Loss = 2.5172e-01, PNorm = 98.8815, GNorm = 1.6487, lr_0 = 1.7586e-04
Loss = 2.6774e-01, PNorm = 98.9413, GNorm = 0.8910, lr_0 = 1.7200e-04
Validation auc = 0.635681
Epoch 23
Loss = 2.2579e-01, PNorm = 98.9995, GNorm = 1.0409, lr_0 = 1.6822e-04
Loss = 2.1931e-01, PNorm = 99.0532, GNorm = 2.7247, lr_0 = 1.6452e-04
Loss = 2.2604e-01, PNorm = 99.1053, GNorm = 1.4615, lr_0 = 1.6090e-04
Loss = 2.3295e-01, PNorm = 99.1580, GNorm = 1.5726, lr_0 = 1.5737e-04
Validation auc = 0.665321
Epoch 24
Loss = 1.3744e-01, PNorm = 99.2206, GNorm = 0.6123, lr_0 = 1.5357e-04
Loss = 1.8170e-01, PNorm = 99.2837, GNorm = 1.4222, lr_0 = 1.5019e-04
Loss = 1.9359e-01, PNorm = 99.3373, GNorm = 2.2235, lr_0 = 1.4689e-04
Loss = 2.1275e-01, PNorm = 99.3839, GNorm = 1.1456, lr_0 = 1.4366e-04
Validation auc = 0.633581
Epoch 25
Loss = 1.1425e-01, PNorm = 99.4258, GNorm = 1.2342, lr_0 = 1.4050e-04
Loss = 1.7136e-01, PNorm = 99.4791, GNorm = 1.0568, lr_0 = 1.3741e-04
Loss = 1.9155e-01, PNorm = 99.5272, GNorm = 0.7248, lr_0 = 1.3439e-04
Loss = 2.0251e-01, PNorm = 99.5774, GNorm = 0.7938, lr_0 = 1.3144e-04
Validation auc = 0.664513
Epoch 26
Loss = 1.8615e-01, PNorm = 99.6275, GNorm = 1.9542, lr_0 = 1.2826e-04
Loss = 1.3781e-01, PNorm = 99.6700, GNorm = 1.2902, lr_0 = 1.2545e-04
Loss = 1.7133e-01, PNorm = 99.7122, GNorm = 1.9060, lr_0 = 1.2269e-04
Validation auc = 0.637942
Epoch 27
Loss = 1.3212e-01, PNorm = 99.7647, GNorm = 1.7208, lr_0 = 1.1973e-04
Loss = 1.3771e-01, PNorm = 99.8058, GNorm = 0.9939, lr_0 = 1.1709e-04
Loss = 1.2336e-01, PNorm = 99.8486, GNorm = 1.2751, lr_0 = 1.1452e-04
Loss = 8.0071e-02, PNorm = 99.8902, GNorm = 0.9714, lr_0 = 1.1200e-04
Validation auc = 0.630108
Epoch 28
Loss = 6.8963e-02, PNorm = 99.9212, GNorm = 0.4486, lr_0 = 1.0954e-04
Loss = 1.3102e-01, PNorm = 99.9563, GNorm = 2.2222, lr_0 = 1.0713e-04
Loss = 1.0130e-01, PNorm = 99.9918, GNorm = 2.4122, lr_0 = 1.0478e-04
Loss = 1.1914e-01, PNorm = 100.0187, GNorm = 1.3488, lr_0 = 1.0247e-04
Validation auc = 0.645615
Epoch 29
Loss = 7.9190e-02, PNorm = 100.0515, GNorm = 0.6165, lr_0 = 1.0000e-04
Loss = 8.4050e-02, PNorm = 100.0866, GNorm = 0.9358, lr_0 = 1.0000e-04
Loss = 1.0644e-01, PNorm = 100.1132, GNorm = 2.1598, lr_0 = 1.0000e-04
Loss = 8.5007e-02, PNorm = 100.1464, GNorm = 1.6659, lr_0 = 1.0000e-04
Loss = 1.5342e-01, PNorm = 100.1489, GNorm = 3.9854, lr_0 = 1.0000e-04
Validation auc = 0.633056
Model 0 best validation auc = 0.665401 on epoch 19
Loading pretrained parameter "encoder.encoder.0.cached_zero_vector".
Loading pretrained parameter "encoder.encoder.0.W_i.weight".
Loading pretrained parameter "encoder.encoder.0.W_h.weight".
Loading pretrained parameter "encoder.encoder.0.W_o.weight".
Loading pretrained parameter "encoder.encoder.0.W_o.bias".
Loading pretrained parameter "readout.1.weight".
Loading pretrained parameter "readout.1.bias".
Loading pretrained parameter "readout.4.weight".
Loading pretrained parameter "readout.4.bias".
Loading pretrained parameter "readout.7.weight".
Loading pretrained parameter "readout.7.bias".
Model 0 test auc = 0.655822
Ensemble test auc = 0.655822
1-fold cross validation
	Seed 7 ==> test auc = 0.655822
Overall test auc = 0.655822 +/- 0.000000
Elapsed time = 1:47:56
